$*************** KCG Version 6.1.3 (build i6) ****************
** Command: kcg613.exe -config R:/Repositories/modeling/model/Scade/System/OBU_PreIntegrations/EVC_IP_DMI/KCG_ERSA/config.txt
** Generation date: 2015-11-09T11:52:03
*************************************************************$
$*************** KCG Version 6.1.3 (build i6) ****************
** Command: s2c613 -config R:/Repositories/modeling/model/Scade/System/OBU_PreIntegrations/EVC_IP_DMI/KCG_ERSA\kcg_s2c_config.txt
** Generation date: 2015-11-09T11:52:03
*************************************************************$
*** Code Generation Warning (WAR_604): Renaming interface identifier
  at file R:/Repositories/modeling/model/Scade/System/OBU_PreIntegrations/EVC_IP_DMI/KCG_ERSA/scade_model_without_unused.scade, line 636035, character 0
  at path MoRC_Pck::Coder_Pkg::cNID_RADIO_useTheShortNumberStoredOnboard/
 Interface element cNID_RADIO_useTheShortNumberStoredOnboard_MoRC_Pck_Coder_Pkg
 has been renamed because it collides
*** Code Generation Warning (WAR_604): Renaming interface identifier
  at file R:/Repositories/modeling/model/Scade/System/OBU_PreIntegrations/EVC_IP_DMI/KCG_ERSA/scade_model_without_unused.scade, line 373304, character 0
  at path TM_baseline2::P203V1_OBU_k_m_sectionlist_enum_T/
 Interface element P203V1_OBU_k_m_sectionlist_enum_T_TM_baseline2 has been
 renamed because it collides
*** Code Generation Warning (WAR_604): Renaming interface identifier
  at file R:/Repositories/modeling/model/Scade/System/OBU_PreIntegrations/EVC_IP_DMI/KCG_ERSA/scade_model_without_unused.scade, line 373092, character 0
  at path TM_baseline2::P027V1_OBU_sectionlist_enum_qdiff_T/
 Interface element P027V1_OBU_sectionlist_enum_qdiff_T_TM_baseline2 has been
 renamed because it collides
*** Code Generation Warning (WAR_604): Renaming interface identifier
  at file R:/Repositories/modeling/model/Scade/System/OBU_PreIntegrations/EVC_IP_DMI/KCG_ERSA/scade_model_without_unused.scade, line 310562, character 0
  at path TM::P003_OBU_nid_c_sectionlist_enum_T/
 Interface element P003_OBU_nid_c_sectionlist_enum_T_TM has been renamed because
 it collides
*** Code Generation Warning (WAR_604): Renaming interface identifier
  at file R:/Repositories/modeling/model/Scade/System/OBU_PreIntegrations/EVC_IP_DMI/KCG_ERSA/scade_model_without_unused.scade, line 168304, character 0
  at path Packet_Types_Pkg::P15_Level23MovementAuthorities_T/
 Interface element P15_Level23MovementAuthorities_T_Packet_Types_Pkg has been
 renamed because it collides
*** Code Generation Warning (WAR_604): Renaming interface identifier
  at file R:/Repositories/modeling/model/Scade/System/OBU_PreIntegrations/EVC_IP_DMI/KCG_ERSA/scade_model_without_unused.scade, line 168203, character 0
  at path Packet_Types_Pkg::P12_Level1MovementAuthorities_T/
 Interface element P12_Level1MovementAuthorities_T_Packet_Types_Pkg has been
 renamed because it collides
*** Code Generation Warning (WAR_604): Renaming interface identifier
  at file R:/Repositories/modeling/model/Scade/System/OBU_PreIntegrations/EVC_IP_DMI/KCG_ERSA/scade_model_without_unused.scade, line 168084, character 0
  at path Packet_Types_Pkg::P46_ConditionalLevelTransitionOrders_T/
 Interface element P46_ConditionalLevelTransitionOrders_T_Packet_Types_Pkg has
 been renamed because it collides
*** Code Generation Warning (WAR_604): Renaming interface identifier
  at file R:/Repositories/modeling/model/Scade/System/OBU_PreIntegrations/EVC_IP_DMI/KCG_ERSA/scade_model_without_unused.scade, line 167835, character 0
  at path Radio_Types_Pkg::Radio_TrainTrack_Message_T/
 Interface element Radio_TrainTrack_Message_T_Radio_Types_Pkg has been renamed
 because it collides
*** Code Generation Warning (WAR_604): Renaming interface identifier
  at file R:/Repositories/modeling/model/Scade/System/OBU_PreIntegrations/EVC_IP_DMI/KCG_ERSA/scade_model_without_unused.scade, line 167804, character 0
  at path Radio_Types_Pkg::Radio_TrainTrack_Header_T/
 Interface element Radio_TrainTrack_Header_T_Radio_Types_Pkg has been renamed
 because it collides
*** Code Generation Warning (WAR_604): Renaming interface identifier
  at file R:/Repositories/modeling/model/Scade/System/OBU_PreIntegrations/EVC_IP_DMI/KCG_ERSA/scade_model_without_unused.scade, line 96993, character 0
  at path TM_conversions::INT_Q_EMERGENCYSTOP_cond_accepted_with_no_EOA_update/
 Interface element
 INT_Q_EMERGENCYSTOP_cond_accepted_with_no_EOA_update_TM_conversions has been
 renamed because it collides
*** Code Generation Warning (WAR_604): Renaming interface identifier
  at file R:/Repositories/modeling/model/Scade/System/OBU_PreIntegrations/EVC_IP_DMI/KCG_ERSA/scade_model_without_unused.scade, line 96969, character 0
  at path TM_conversions::ENUM_Q_EMERGENCYSTOP_cond_accepted_with_EOA_update/
 Interface element
 ENUM_Q_EMERGENCYSTOP_cond_accepted_with_EOA_update_TM_conversions has been
 renamed because it collides
*** Code Generation Warning (WAR_604): Renaming interface identifier
  at file R:/Repositories/modeling/model/Scade/System/OBU_PreIntegrations/EVC_IP_DMI/KCG_ERSA/scade_model_without_unused.scade, line 96133, character 0
  at path TM_conversions::INT_M_TRACKCOND_Powerless_section_switch_off_the_main_power_switch/
 Interface element
 INT_M_TRACKCOND_Powerless_section_switch_off_the_main_power_switch_TM_conversions
 has been renamed because it collides
*** Code Generation Warning (WAR_604): Renaming interface identifier
  at file R:/Repositories/modeling/model/Scade/System/OBU_PreIntegrations/EVC_IP_DMI/KCG_ERSA/scade_model_without_unused.scade, line 96117, character 0
  at path TM_conversions::INT_M_TRACKCOND_Switch_off_eddy_current_brake_for_service_brake/
 Interface element
 INT_M_TRACKCOND_Switch_off_eddy_current_brake_for_service_brake_TM_conversions
 has been renamed because it collides
*** Code Generation Warning (WAR_604): Renaming interface identifier
  at file R:/Repositories/modeling/model/Scade/System/OBU_PreIntegrations/EVC_IP_DMI/KCG_ERSA/scade_model_without_unused.scade, line 96081, character 0
  at path TM_conversions::ENUM_M_TRACKCOND_Switch_off_eddy_current_brake_for_emergency_brake/
 Interface element
 ENUM_M_TRACKCOND_Switch_off_eddy_current_brake_for_emergency_brake_TM_conversions
 has been renamed because it collides
*** Code Generation Warning (WAR_604): Renaming interface identifier
  at file R:/Repositories/modeling/model/Scade/System/OBU_PreIntegrations/EVC_IP_DMI/KCG_ERSA/scade_model_without_unused.scade, line 96065, character 0
  at path TM_conversions::ENUM_M_TRACKCOND_Powerless_section_Lower_pantograph/
 Interface element
 ENUM_M_TRACKCOND_Powerless_section_Lower_pantograph_TM_conversions has been
 renamed because it collides
*** Code Generation Warning (WAR_604): Renaming interface identifier
  at file R:/Repositories/modeling/model/Scade/System/OBU_PreIntegrations/EVC_IP_DMI/KCG_ERSA/scade_model_without_unused.scade, line 96041, character 0
  at path TM_conversions::INT_Q_TEXTCONFIRM_confirmation_SB/
 Interface element INT_Q_TEXTCONFIRM_confirmation_SB_TM_conversions has been
 renamed because it collides
*** Code Generation Warning (WAR_604): Renaming interface identifier
  at file R:/Repositories/modeling/model/Scade/System/OBU_PreIntegrations/EVC_IP_DMI/KCG_ERSA/scade_model_without_unused.scade, line 96033, character 0
  at path TM_conversions::INT_Q_TEXTCONFIRM_confirmation/
 Interface element INT_Q_TEXTCONFIRM_confirmation_TM_conversions has been
 renamed because it collides
*** Code Generation Warning (WAR_604): Renaming interface identifier
  at file R:/Repositories/modeling/model/Scade/System/OBU_PreIntegrations/EVC_IP_DMI/KCG_ERSA/scade_model_without_unused.scade, line 96021, character 0
  at path TM_conversions::ENUM_Q_TEXTCONFIRM_confirmation_EB/
 Interface element ENUM_Q_TEXTCONFIRM_confirmation_EB_TM_conversions has been
 renamed because it collides
*** Code Generation Warning (WAR_604): Renaming interface identifier
  at file R:/Repositories/modeling/model/Scade/System/OBU_PreIntegrations/EVC_IP_DMI/KCG_ERSA/scade_model_without_unused.scade, line 96017, character 0
  at path TM_conversions::ENUM_Q_TEXTCONFIRM_confirmation/
 Interface element ENUM_Q_TEXTCONFIRM_confirmation_TM_conversions has been
 renamed because it collides
*** Code Generation Warning (WAR_604): Renaming interface identifier
  at file R:/Repositories/modeling/model/Scade/System/OBU_PreIntegrations/EVC_IP_DMI/KCG_ERSA/scade_model_without_unused.scade, line 62163, character 0
  at path TrackAtlasTypes::MovementAuthoritySection_t/
 Interface element MovementAuthoritySection_t_TrackAtlasTypes has been renamed
 because it collides
*** Code Generation Warning (WAR_604): Renaming interface identifier
  at file R:/Repositories/modeling/model/Scade/System/OBU_PreIntegrations/EVC_IP_DMI/KCG_ERSA/scade_model_without_unused.scade, line 62122, character 0
  at path TrackAtlasTypes::GradientProfile_for_DMI_section_t/
 Interface element GradientProfile_for_DMI_section_t_TrackAtlasTypes has been
 renamed because it collides
*** Code Generation Warning (WAR_604): Renaming interface identifier
  at file R:/Repositories/modeling/model/Scade/System/OBU_PreIntegrations/EVC_IP_DMI/KCG_ERSA/scade_model_without_unused.scade, line 55196, character 0
  at path DMI_Messages_Bothways_Pkg::DMI_Adhesion_Factor_Data_T/
 Interface element DMI_Adhesion_Factor_Data_T_DMI_Messages_Bothways_Pkg has been
 renamed because it collides
*** Code Generation Warning (WAR_604): Renaming interface identifier
  at file R:/Repositories/modeling/model/Scade/System/OBU_PreIntegrations/EVC_IP_DMI/KCG_ERSA/scade_model_without_unused.scade, line 55147, character 0
  at path DMI_Messages_Bothways_Pkg::DMI_Train_Running_Number_T/
 Interface element DMI_Train_Running_Number_T_DMI_Messages_Bothways_Pkg has been
 renamed because it collides
*** Code Generation Warning (WAR_604): Renaming interface identifier
  at file R:/Repositories/modeling/model/Scade/System/OBU_PreIntegrations/EVC_IP_DMI/KCG_ERSA/scade_model_without_unused.scade, line 55129, character 0
  at path DMI_Messages_Bothways_Pkg::DMI_Driver_Identifier_T/
 Interface element DMI_Driver_Identifier_T_DMI_Messages_Bothways_Pkg has been
 renamed because it collides
*** Code Generation Warning (WAR_604): Renaming interface identifier
  at file R:/Repositories/modeling/model/Scade/System/OBU_PreIntegrations/EVC_IP_DMI/KCG_ERSA/scade_model_without_unused.scade, line 54073, character 0
  at path DMI_Messages_EVC_to_DMI_Pkg::DMI_EVC_Radio_Net_Data_T/
 Interface element DMI_EVC_Radio_Net_Data_T_DMI_Messages_EVC_to_DMI_Pkg has been
 renamed because it collides
*** Code Generation Warning (WAR_604): Renaming interface identifier
  at file R:/Repositories/modeling/model/Scade/System/OBU_PreIntegrations/EVC_IP_DMI/KCG_ERSA/scade_model_without_unused.scade, line 54002, character 0
  at path DMI_Messages_EVC_to_DMI_Pkg::DMI_Identifier_Request_T/
 Interface element DMI_Identifier_Request_T_DMI_Messages_EVC_to_DMI_Pkg has been
 renamed because it collides
*** Code Generation Warning (WAR_604): Renaming interface identifier
  at file R:/Repositories/modeling/model/Scade/System/OBU_PreIntegrations/EVC_IP_DMI/KCG_ERSA/scade_model_without_unused.scade, line 53916, character 0
  at path DMI_Messages_EVC_to_DMI_Pkg::DMI_EVC_Coded_Train_Data_T/
 Interface element DMI_EVC_Coded_Train_Data_T_DMI_Messages_EVC_to_DMI_Pkg has
 been renamed because it collides
*** Code Generation Warning (WAR_604): Renaming interface identifier
  at file R:/Repositories/modeling/model/Scade/System/OBU_PreIntegrations/EVC_IP_DMI/KCG_ERSA/scade_model_without_unused.scade, line 41208, character 0
  at path TIU_Types_Pkg::M_trackcond_T/switch_off_eddy_current_brake_for_service_brake/
 Interface element switch_off_eddy_current_brake_for_service_brake_TIU_Types_Pkg
 has been renamed because it collides
*** Code Generation Warning (WAR_604): Renaming interface identifier
  at file R:/Repositories/modeling/model/Scade/System/OBU_PreIntegrations/EVC_IP_DMI/KCG_ERSA/scade_model_without_unused.scade, line 2404, character 29
  at path Q_LENGTH/Q_LENGTH_Train_integrity_confirmed_by_integrity_monitoring_device/
 Interface element
 Q_LENGTH_Train_integrity_confirmed_by_integrity_monitoring_device has been
 renamed because it collides
*** Code Generation Warning (WAR_604): Renaming interface identifier
  at file R:/Repositories/modeling/model/Scade/System/OBU_PreIntegrations/EVC_IP_DMI/KCG_ERSA/scade_model_without_unused.scade, line 2390, character 29
  at path Q_EMERGENCYSTOP/Q_EMERGENCYSTOP_Conditional_Emergency_Stop_accepted_with_update_of_EOA/
 Interface element
 Q_EMERGENCYSTOP_Conditional_Emergency_Stop_accepted_with_update_of_EOA has been
 renamed because it collides
*** Code Generation Warning (WAR_604): Renaming interface identifier
  at file R:/Repositories/modeling/model/Scade/System/OBU_PreIntegrations/EVC_IP_DMI/KCG_ERSA/scade_model_without_unused.scade, line 2244, character 29
  at path NC_CDDIFF/NC_CDDIFF_Specific_SSP_applicable_to_Cant_Deficiency_275_mm/
 Interface element NC_CDDIFF_Specific_SSP_applicable_to_Cant_Deficiency_275_mm
 has been renamed because it collides
*** Code Generation Warning (WAR_604): Renaming interface identifier
  at file R:/Repositories/modeling/model/Scade/System/OBU_PreIntegrations/EVC_IP_DMI/KCG_ERSA/scade_model_without_unused.scade, line 2242, character 29
  at path NC_CDDIFF/NC_CDDIFF_Specific_SSP_applicable_to_Cant_Deficiency_245_mm/
 Interface element NC_CDDIFF_Specific_SSP_applicable_to_Cant_Deficiency_245_mm
 has been renamed because it collides
*** Code Generation Warning (WAR_604): Renaming interface identifier
  at file R:/Repositories/modeling/model/Scade/System/OBU_PreIntegrations/EVC_IP_DMI/KCG_ERSA/scade_model_without_unused.scade, line 2240, character 29
  at path NC_CDDIFF/NC_CDDIFF_Specific_SSP_applicable_to_Cant_Deficiency_225_mm/
 Interface element NC_CDDIFF_Specific_SSP_applicable_to_Cant_Deficiency_225_mm
 has been renamed because it collides
*** Code Generation Warning (WAR_604): Renaming interface identifier
  at file R:/Repositories/modeling/model/Scade/System/OBU_PreIntegrations/EVC_IP_DMI/KCG_ERSA/scade_model_without_unused.scade, line 2238, character 29
  at path NC_CDDIFF/NC_CDDIFF_Specific_SSP_applicable_to_Cant_Deficiency_210_mm/
 Interface element NC_CDDIFF_Specific_SSP_applicable_to_Cant_Deficiency_210_mm
 has been renamed because it collides
*** Code Generation Warning (WAR_604): Renaming interface identifier
  at file R:/Repositories/modeling/model/Scade/System/OBU_PreIntegrations/EVC_IP_DMI/KCG_ERSA/scade_model_without_unused.scade, line 2236, character 29
  at path NC_CDDIFF/NC_CDDIFF_Specific_SSP_applicable_to_Cant_Deficiency_180_mm/
 Interface element NC_CDDIFF_Specific_SSP_applicable_to_Cant_Deficiency_180_mm
 has been renamed because it collides
*** Code Generation Warning (WAR_604): Renaming interface identifier
  at file R:/Repositories/modeling/model/Scade/System/OBU_PreIntegrations/EVC_IP_DMI/KCG_ERSA/scade_model_without_unused.scade, line 2234, character 29
  at path NC_CDDIFF/NC_CDDIFF_Specific_SSP_applicable_to_Cant_Deficiency_165_mm/
 Interface element NC_CDDIFF_Specific_SSP_applicable_to_Cant_Deficiency_165_mm
 has been renamed because it collides
*** Code Generation Warning (WAR_604): Renaming interface identifier
  at file R:/Repositories/modeling/model/Scade/System/OBU_PreIntegrations/EVC_IP_DMI/KCG_ERSA/scade_model_without_unused.scade, line 2232, character 29
  at path NC_CDDIFF/NC_CDDIFF_Specific_SSP_applicable_to_Cant_Deficiency_150_mm/
 Interface element NC_CDDIFF_Specific_SSP_applicable_to_Cant_Deficiency_150_mm
 has been renamed because it collides
*** Code Generation Warning (WAR_604): Renaming interface identifier
  at file R:/Repositories/modeling/model/Scade/System/OBU_PreIntegrations/EVC_IP_DMI/KCG_ERSA/scade_model_without_unused.scade, line 2230, character 29
  at path NC_CDDIFF/NC_CDDIFF_Specific_SSP_applicable_to_Cant_Deficiency_130_mm/
 Interface element NC_CDDIFF_Specific_SSP_applicable_to_Cant_Deficiency_130_mm
 has been renamed because it collides
*** Code Generation Warning (WAR_604): Renaming interface identifier
  at file R:/Repositories/modeling/model/Scade/System/OBU_PreIntegrations/EVC_IP_DMI/KCG_ERSA/scade_model_without_unused.scade, line 2228, character 29
  at path NC_CDDIFF/NC_CDDIFF_Specific_SSP_applicable_to_Cant_Deficiency_100_mm/
 Interface element NC_CDDIFF_Specific_SSP_applicable_to_Cant_Deficiency_100_mm
 has been renamed because it collides
*** Code Generation Warning (WAR_604): Renaming interface identifier
  at file R:/Repositories/modeling/model/Scade/System/OBU_PreIntegrations/EVC_IP_DMI/KCG_ERSA/scade_model_without_unused.scade, line 2226, character 29
  at path NC_CDDIFF/NC_CDDIFF_Specific_SSP_applicable_to_Cant_Deficiency_80_mm/
 Interface element NC_CDDIFF_Specific_SSP_applicable_to_Cant_Deficiency_80_mm
 has been renamed because it collides
*** Code Generation Warning (WAR_604): Renaming interface identifier
  at file R:/Repositories/modeling/model/Scade/System/OBU_PreIntegrations/EVC_IP_DMI/KCG_ERSA/scade_model_without_unused.scade, line 2218, character 29
  at path Q_DIFF/Q_DIFF_Other_specific_category_replaces_the_Cant_Deficiency_SSP/
 Interface element
 Q_DIFF_Other_specific_category_replaces_the_Cant_Deficiency_SSP has been
 renamed because it collides
*** Code Generation Warning (WAR_604): Renaming interface identifier
  at file R:/Repositories/modeling/model/Scade/System/OBU_PreIntegrations/EVC_IP_DMI/KCG_ERSA/scade_model_without_unused.scade, line 2040, character 29
  at path M_DUP/M_DUP_This_balise_is_a_duplicate_of_the_next_balise/
 Interface element M_DUP_This_balise_is_a_duplicate_of_the_next_balise has been
 renamed because it collides
*** Code Generation Warning (WAR_604): Renaming interface identifier
  at file R:/Repositories/modeling/model/Scade/System/OBU_PreIntegrations/EVC_IP_DMI/KCG_ERSA/scade_model_without_unused.scade, line 1890, character 29
  at path M_NVEBCL/M_NVEBCL_Confidence_level_99_999999/
 Interface element M_NVEBCL_Confidence_level_99_999999 has been renamed because
 it collides
*** Code Generation Warning (WAR_604): Renaming interface identifier
  at file R:/Repositories/modeling/model/Scade/System/OBU_PreIntegrations/EVC_IP_DMI/KCG_ERSA/scade_model_without_unused.scade, line 1888, character 29
  at path M_NVEBCL/M_NVEBCL_Confidence_level_99_99999/
 Interface element M_NVEBCL_Confidence_level_99_99999 has been renamed because
 it collides
*** Code Generation Warning (WAR_604): Renaming interface identifier
  at file R:/Repositories/modeling/model/Scade/System/OBU_PreIntegrations/EVC_IP_DMI/KCG_ERSA/scade_model_without_unused.scade, line 1886, character 29
  at path M_NVEBCL/M_NVEBCL_Confidence_level_99_9999/
 Interface element M_NVEBCL_Confidence_level_99_9999 has been renamed because it
 collides
*** Code Generation Warning (WAR_604): Renaming interface identifier
  at file R:/Repositories/modeling/model/Scade/System/OBU_PreIntegrations/EVC_IP_DMI/KCG_ERSA/scade_model_without_unused.scade, line 1884, character 29
  at path M_NVEBCL/M_NVEBCL_Confidence_level_99_999/
 Interface element M_NVEBCL_Confidence_level_99_999 has been renamed because it
 collides
*** Code Generation Warning (WAR_604): Renaming interface identifier
  at file R:/Repositories/modeling/model/Scade/System/OBU_PreIntegrations/EVC_IP_DMI/KCG_ERSA/scade_model_without_unused.scade, line 1882, character 29
  at path M_NVEBCL/M_NVEBCL_Confidence_level_99_99/
 Interface element M_NVEBCL_Confidence_level_99_99 has been renamed because it
 collides
*** Code Generation Warning (WAR_604): Renaming interface identifier
  at file R:/Repositories/modeling/model/Scade/System/OBU_PreIntegrations/EVC_IP_DMI/KCG_ERSA/scade_model_without_unused.scade, line 1728, character 29
  at path Q_NVEMRRLS/Q_NVEMRRLS_Revoke_emergency_brake_command_at_standstill/
 Interface element Q_NVEMRRLS_Revoke_emergency_brake_command_at_standstill has
 been renamed because it collides
*** Code Generation Warning (WAR_604): Renaming interface identifier
  at file R:/Repositories/modeling/model/Scade/System/OBU_PreIntegrations/EVC_IP_DMI/KCG_ERSA/scade_model_without_unused.scade, line 1672, character 0
  at path DMI_Track_Description_int_array_T/
 Interface element DMI_Track_Description_int_array_T has been renamed because it
 collides
*** Code Generation Warning (WAR_604): Renaming interface identifier
  at file R:/Repositories/modeling/model/Scade/System/OBU_PreIntegrations/EVC_IP_DMI/KCG_ERSA/scade_model_without_unused.scade, line 1560, character 29
  at path NC_TRAIN/NC_TRAIN_Freight_train_braked_in_P_position/
 Interface element NC_TRAIN_Freight_train_braked_in_P_position has been renamed
 because it collides
*** Code Generation Warning (WAR_604): Renaming interface identifier
  at file R:/Repositories/modeling/model/Scade/System/OBU_PreIntegrations/EVC_IP_DMI/KCG_ERSA/scade_model_without_unused.scade, line 1541, character 29
  at path M_TRACKCOND/M_TRACKCOND_Switch_off_eddy_current_brake_for_service_brake_Initial_state_is_eddy_current_brake_for_service_brake_on/
 Interface element
 M_TRACKCOND_Switch_off_eddy_current_brake_for_service_brake_Initial_state_is_eddy_current_brake_for_service_brake_on
 has been renamed because it collides
*** Code Generation Warning (WAR_604): Renaming interface identifier
  at file R:/Repositories/modeling/model/Scade/System/OBU_PreIntegrations/EVC_IP_DMI/KCG_ERSA/scade_model_without_unused.scade, line 1515, character 29
  at path Q_TEXTCONFIRM/Q_TEXTCONFIRM_Confirmation_required_command_application_of_the_service_brake_when_display_end_condition_is_fulfilled_unless_the_text_has_already_been_acknowledged_by_the_driver/
 Interface element
 Q_TEXTCONFIRM_Confirmation_required_command_application_of_the_service_brake_when_display_end_condition_is_fulfilled_unless_the_text_has_already_been_acknowledged_by_the_driver
 has been renamed because it collides
*** Code Generation Warning (WAR_604): Renaming interface identifier
  at file R:/Repositories/modeling/model/Scade/System/OBU_PreIntegrations/EVC_IP_DMI/KCG_ERSA/scade_model_without_unused.scade, line 1513, character 29
  at path Q_TEXTCONFIRM/Q_TEXTCONFIRM_Confirmation_required/
 Interface element Q_TEXTCONFIRM_Confirmation_required has been renamed because
 it collides
*** Code Generation Warning (WAR_604): Renaming interface identifier
  at file R:/Repositories/modeling/model/Scade/System/OBU_PreIntegrations/EVC_IP_DMI/KCG_ERSA/scade_model_without_unused.scade, line 1371, character 29
  at path Q_LINKORIENTATION/Q_LINKORIENTATION_The_balise_group_is_seen_by_the_train_in_reverse_direction/
 Interface element
 Q_LINKORIENTATION_The_balise_group_is_seen_by_the_train_in_reverse_direction
 has been renamed because it collides
*** Code Generation Warning (WAR_604): Renaming interface identifier
  at file R:/Repositories/modeling/model/Scade/System/OBU_PreIntegrations/EVC_IP_DMI/KCG_ERSA/scade_model_without_unused.scade, line 1051, character 0
  at path ENUM_DMI_Request_T_Request_for_radio_network_entry/
 Interface element ENUM_DMI_Request_T_Request_for_radio_network_entry has been
 renamed because it collides
*** Code Generation Warning (WAR_604): Renaming interface identifier
  at file R:/Repositories/modeling/model/Scade/System/OBU_PreIntegrations/EVC_IP_DMI/KCG_ERSA/scade_model_without_unused.scade, line 1047, character 0
  at path ENUM_DMI_Request_T_Request_for_SR_data/
 Interface element ENUM_DMI_Request_T_Request_for_SR_data has been renamed
 because it collides
*** Code Generation Warning (WAR_604): Renaming interface identifier
  at file R:/Repositories/modeling/model/Scade/System/OBU_PreIntegrations/EVC_IP_DMI/KCG_ERSA/scade_model_without_unused.scade, line 1043, character 0
  at path ENUM_DMI_Request_T_Request_for_switching_train_data_entry/
 Interface element ENUM_DMI_Request_T_Request_for_switching_train_data_entry has
 been renamed because it collides
*** Code Generation Warning (WAR_604): Renaming interface identifier
  at file R:/Repositories/modeling/model/Scade/System/OBU_PreIntegrations/EVC_IP_DMI/KCG_ERSA/scade_model_without_unused.scade, line 1039, character 0
  at path ENUM_DMI_Request_T_Request_for_system_version/
 Interface element ENUM_DMI_Request_T_Request_for_system_version has been
 renamed because it collides
*** Code Generation Warning (WAR_604): Renaming interface identifier
  at file R:/Repositories/modeling/model/Scade/System/OBU_PreIntegrations/EVC_IP_DMI/KCG_ERSA/scade_model_without_unused.scade, line 1035, character 0
  at path ENUM_DMI_Request_T_Request_for_train_data/
 Interface element ENUM_DMI_Request_T_Request_for_train_data has been renamed
 because it collides
*** Code Generation Warning (WAR_604): Renaming interface identifier
  at file R:/Repositories/modeling/model/Scade/System/OBU_PreIntegrations/EVC_IP_DMI/KCG_ERSA/scade_model_without_unused.scade, line 1031, character 0
  at path ENUM_DMI_Request_T_Request_for_train_data_view/
 Interface element ENUM_DMI_Request_T_Request_for_train_data_view has been
 renamed because it collides
*** Code Generation Warning (WAR_604): Renaming interface identifier
  at file R:/Repositories/modeling/model/Scade/System/OBU_PreIntegrations/EVC_IP_DMI/KCG_ERSA/scade_model_without_unused.scade, line 1015, character 0
  at path ENUM_DMI_Request_T_Request_to_hide_supervision_data/
 Interface element ENUM_DMI_Request_T_Request_to_hide_supervision_data has been
 renamed because it collides
*** Code Generation Warning (WAR_604): Renaming interface identifier
  at file R:/Repositories/modeling/model/Scade/System/OBU_PreIntegrations/EVC_IP_DMI/KCG_ERSA/scade_model_without_unused.scade, line 967, character 0
  at path ENUM_DMI_Request_T_Scroll_text_down/
 Interface element ENUM_DMI_Request_T_Scroll_text_down has been renamed because
 it collides
*** Code Generation Warning (WAR_604): Renaming interface identifier
  at file R:/Repositories/modeling/model/Scade/System/OBU_PreIntegrations/EVC_IP_DMI/KCG_ERSA/scade_model_without_unused.scade, line 955, character 0
  at path ENUM_DMI_Request_T_Request_to_show_geographical_position/
 Interface element ENUM_DMI_Request_T_Request_to_show_geographical_position has
 been renamed because it collides
*** Code Generation Warning (WAR_604): Renaming interface identifier
  at file R:/Repositories/modeling/model/Scade/System/OBU_PreIntegrations/EVC_IP_DMI/KCG_ERSA/scade_model_without_unused.scade, line 943, character 0
  at path INT_DMI_Request_T_Request_to_show_supervision_data/
 Interface element INT_DMI_Request_T_Request_to_show_supervision_data has been
 renamed because it collides
*** Code Generation Warning (WAR_604): Renaming interface identifier
  at file R:/Repositories/modeling/model/Scade/System/OBU_PreIntegrations/EVC_IP_DMI/KCG_ERSA/scade_model_without_unused.scade, line 883, character 0
  at path INT_DMI_Request_T_Request_to_hide_geographical_information/
 Interface element INT_DMI_Request_T_Request_to_hide_geographical_information
 has been renamed because it collides
*** Code Generation Warning (WAR_604): Renaming interface identifier
  at file R:/Repositories/modeling/model/Scade/System/OBU_PreIntegrations/EVC_IP_DMI/KCG_ERSA/scade_model_without_unused.scade, line 867, character 0
  at path INT_DMI_Request_T_Request_for_train_data/
 Interface element INT_DMI_Request_T_Request_for_train_data has been renamed
 because it collides
*** Code Generation Warning (WAR_604): Renaming interface identifier
  at file R:/Repositories/modeling/model/Scade/System/OBU_PreIntegrations/EVC_IP_DMI/KCG_ERSA/scade_model_without_unused.scade, line 859, character 0
  at path INT_DMI_Request_T_Request_for_switching_train_data_entry/
 Interface element INT_DMI_Request_T_Request_for_switching_train_data_entry has
 been renamed because it collides
*** Code Generation Warning (WAR_604): Renaming interface identifier
  at file R:/Repositories/modeling/model/Scade/System/OBU_PreIntegrations/EVC_IP_DMI/KCG_ERSA/scade_model_without_unused.scade, line 791, character 0
  at path ENUM_DMI_Cabin_Identifier_T_cabin_A/
 Interface element ENUM_DMI_Cabin_Identifier_T_cabin_A has been renamed because
 it collides
*** Code Generation Warning (WAR_604): Renaming interface identifier
  at file R:/Repositories/modeling/model/Scade/System/OBU_PreIntegrations/EVC_IP_DMI/KCG_ERSA/scade_model_without_unused.scade, line 783, character 0
  at path INT_DMI_Cabin_Identifier_T_cabin_A/
 Interface element INT_DMI_Cabin_Identifier_T_cabin_A has been renamed because
 it collides
*** Code Generation Warning (WAR_604): Renaming interface identifier
  at file R:/Repositories/modeling/model/Scade/System/OBU_PreIntegrations/EVC_IP_DMI/KCG_ERSA/scade_model_without_unused.scade, line 483, character 0
  at path INT_Icon_control_flag_T_show_icon_with_yellow_flashing_frame_in_area/
 Interface element
 INT_Icon_control_flag_T_show_icon_with_yellow_flashing_frame_in_area has been
 renamed because it collides
*** Code Generation Warning (WAR_604): Renaming interface identifier
  at file R:/Repositories/modeling/model/Scade/System/OBU_PreIntegrations/EVC_IP_DMI/KCG_ERSA/scade_model_without_unused.scade, line 479, character 0
  at path INT_Icon_control_flag_T_show_icon_in_area/
 Interface element INT_Icon_control_flag_T_show_icon_in_area has been renamed
 because it collides
*** Code Generation Warning (WAR_604): Renaming interface identifier
  at file R:/Repositories/modeling/model/Scade/System/OBU_PreIntegrations/EVC_IP_DMI/KCG_ERSA/scade_model_without_unused.scade, line 471, character 0
  at path ENUM_Icon_control_flag_T_show_icon_flashing_in_area/
 Interface element ENUM_Icon_control_flag_T_show_icon_flashing_in_area has been
 renamed because it collides
*** Code Generation Warning (WAR_604): Renaming interface identifier
  at file R:/Repositories/modeling/model/Scade/System/OBU_PreIntegrations/EVC_IP_DMI/KCG_ERSA/scade_model_without_unused.scade, line 463, character 0
  at path ENUM_Icon_control_flag_T_show_icon_in_area/
 Interface element ENUM_Icon_control_flag_T_show_icon_in_area has been renamed
 because it collides
*** Code Generation Warning (WAR_604): Renaming interface identifier
  at file R:/Repositories/modeling/model/Scade/System/OBU_PreIntegrations/EVC_IP_DMI/KCG_ERSA/scade_model_without_unused.scade, line 411, character 0
  at path INT_DMI_Q_TEXT_route_unsuitable_loading_gauge/
 Interface element INT_DMI_Q_TEXT_route_unsuitable_loading_gauge has been
 renamed because it collides
*** Code Generation Warning (WAR_604): Renaming interface identifier
  at file R:/Repositories/modeling/model/Scade/System/OBU_PreIntegrations/EVC_IP_DMI/KCG_ERSA/scade_model_without_unused.scade, line 407, character 0
  at path INT_DMI_Q_TEXT_route_unsuitable_traction_system/
 Interface element INT_DMI_Q_TEXT_route_unsuitable_traction_system has been
 renamed because it collides
*** Code Generation Warning (WAR_604): Renaming interface identifier
  at file R:/Repositories/modeling/model/Scade/System/OBU_PreIntegrations/EVC_IP_DMI/KCG_ERSA/scade_model_without_unused.scade, line 295, character 0
  at path ENUM_DMI_Q_TEXT_route_unsuitable_loading_gauge/
 Interface element ENUM_DMI_Q_TEXT_route_unsuitable_loading_gauge has been
 renamed because it collides
*** Code Generation Warning (WAR_604): Renaming interface identifier
  at file R:/Repositories/modeling/model/Scade/System/OBU_PreIntegrations/EVC_IP_DMI/KCG_ERSA/scade_model_without_unused.scade, line 291, character 0
  at path ENUM_DMI_Q_TEXT_route_unsuitable_axle_load_category/
 Interface element ENUM_DMI_Q_TEXT_route_unsuitable_axle_load_category has been
 renamed because it collides
*** Code Generation Warning (WAR_604): Renaming interface identifier
  at file R:/Repositories/modeling/model/Scade/System/OBU_PreIntegrations/EVC_IP_DMI/KCG_ERSA/scade_model_without_unused.scade, line 239, character 0
  at path INT_DMI_List_Entry_Request_T_Enter_revalidate_train_running_number/
 Interface element
 INT_DMI_List_Entry_Request_T_Enter_revalidate_train_running_number has been
 renamed because it collides
*** Code Generation Warning (WAR_604): Renaming interface identifier
  at file R:/Repositories/modeling/model/Scade/System/OBU_PreIntegrations/EVC_IP_DMI/KCG_ERSA/scade_model_without_unused.scade, line 235, character 0
  at path INT_DMI_List_Entry_Request_T_Enter_revalidate_ETCS_level/
 Interface element INT_DMI_List_Entry_Request_T_Enter_revalidate_ETCS_level has
 been renamed because it collides
*** Code Generation Warning (WAR_604): Renaming interface identifier
  at file R:/Repositories/modeling/model/Scade/System/OBU_PreIntegrations/EVC_IP_DMI/KCG_ERSA/scade_model_without_unused.scade, line 231, character 0
  at path INT_DMI_List_Entry_Request_T_Enter_RBC_contact_menu/
 Interface element INT_DMI_List_Entry_Request_T_Enter_RBC_contact_menu has been
 renamed because it collides
*** Code Generation Warning (WAR_604): Renaming interface identifier
  at file R:/Repositories/modeling/model/Scade/System/OBU_PreIntegrations/EVC_IP_DMI/KCG_ERSA/scade_model_without_unused.scade, line 223, character 0
  at path INT_DMI_List_Entry_Request_T_Enter_NTC_data/
 Interface element INT_DMI_List_Entry_Request_T_Enter_NTC_data has been renamed
 because it collides
*** Code Generation Warning (WAR_604): Renaming interface identifier
  at file R:/Repositories/modeling/model/Scade/System/OBU_PreIntegrations/EVC_IP_DMI/KCG_ERSA/scade_model_without_unused.scade, line 215, character 0
  at path INT_DMI_List_Entry_Request_T_Enable_the_track_ahead_free_by_the_driver/
 Interface element
 INT_DMI_List_Entry_Request_T_Enable_the_track_ahead_free_by_the_driver has been
 renamed because it collides
*** Code Generation Warning (WAR_604): Renaming interface identifier
  at file R:/Repositories/modeling/model/Scade/System/OBU_PreIntegrations/EVC_IP_DMI/KCG_ERSA/scade_model_without_unused.scade, line 199, character 0
  at path INT_DMI_List_Entry_Request_T_Hide_adhesion_factor_entry_window/
 Interface element
 INT_DMI_List_Entry_Request_T_Hide_adhesion_factor_entry_window has been renamed
 because it collides
*** Code Generation Warning (WAR_604): Renaming interface identifier
  at file R:/Repositories/modeling/model/Scade/System/OBU_PreIntegrations/EVC_IP_DMI/KCG_ERSA/scade_model_without_unused.scade, line 195, character 0
  at path INT_DMI_List_Entry_Request_T_Hide_staff_responsible_entry_window/
 Interface element
 INT_DMI_List_Entry_Request_T_Hide_staff_responsible_entry_window has been
 renamed because it collides
*** Code Generation Warning (WAR_604): Renaming interface identifier
  at file R:/Repositories/modeling/model/Scade/System/OBU_PreIntegrations/EVC_IP_DMI/KCG_ERSA/scade_model_without_unused.scade, line 191, character 0
  at path INT_DMI_List_Entry_Request_T_Show_Set_VBC_validation_window/
 Interface element INT_DMI_List_Entry_Request_T_Show_Set_VBC_validation_window
 has been renamed because it collides
*** Code Generation Warning (WAR_604): Renaming interface identifier
  at file R:/Repositories/modeling/model/Scade/System/OBU_PreIntegrations/EVC_IP_DMI/KCG_ERSA/scade_model_without_unused.scade, line 187, character 0
  at path INT_DMI_List_Entry_Request_T_Show_Remove_VBC_validation_window/
 Interface element
 INT_DMI_List_Entry_Request_T_Show_Remove_VBC_validation_window has been renamed
 because it collides
*** Code Generation Warning (WAR_604): Renaming interface identifier
  at file R:/Repositories/modeling/model/Scade/System/OBU_PreIntegrations/EVC_IP_DMI/KCG_ERSA/scade_model_without_unused.scade, line 179, character 0
  at path ENUM_DMI_List_Entry_Request_T_Show_Set_VBC_validation_window/
 Interface element ENUM_DMI_List_Entry_Request_T_Show_Set_VBC_validation_window
 has been renamed because it collides
*** Code Generation Warning (WAR_604): Renaming interface identifier
  at file R:/Repositories/modeling/model/Scade/System/OBU_PreIntegrations/EVC_IP_DMI/KCG_ERSA/scade_model_without_unused.scade, line 171, character 0
  at path ENUM_DMI_List_Entry_Request_T_Hide_main_window/
 Interface element ENUM_DMI_List_Entry_Request_T_Hide_main_window has been
 renamed because it collides
*** Code Generation Warning (WAR_604): Renaming interface identifier
  at file R:/Repositories/modeling/model/Scade/System/OBU_PreIntegrations/EVC_IP_DMI/KCG_ERSA/scade_model_without_unused.scade, line 167, character 0
  at path ENUM_DMI_List_Entry_Request_T_Show_main_window/
 Interface element ENUM_DMI_List_Entry_Request_T_Show_main_window has been
 renamed because it collides
*** Code Generation Warning (WAR_604): Renaming interface identifier
  at file R:/Repositories/modeling/model/Scade/System/OBU_PreIntegrations/EVC_IP_DMI/KCG_ERSA/scade_model_without_unused.scade, line 155, character 0
  at path ENUM_DMI_List_Entry_Request_T_Spare/
 Interface element ENUM_DMI_List_Entry_Request_T_Spare has been renamed because
 it collides
*** Code Generation Warning (WAR_604): Renaming interface identifier
  at file R:/Repositories/modeling/model/Scade/System/OBU_PreIntegrations/EVC_IP_DMI/KCG_ERSA/scade_model_without_unused.scade, line 151, character 0
  at path ENUM_DMI_List_Entry_Request_T_Enter_NTC_data/
 Interface element ENUM_DMI_List_Entry_Request_T_Enter_NTC_data has been renamed
 because it collides
*** Code Generation Warning (WAR_604): Renaming interface identifier
  at file R:/Repositories/modeling/model/Scade/System/OBU_PreIntegrations/EVC_IP_DMI/KCG_ERSA/scade_model_without_unused.scade, line 143, character 0
  at path ENUM_DMI_List_Entry_Request_T_Enter_RBC_contact_menu/
 Interface element ENUM_DMI_List_Entry_Request_T_Enter_RBC_contact_menu has been
 renamed because it collides
*** Code Generation Warning (WAR_604): Renaming interface identifier
  at file R:/Repositories/modeling/model/Scade/System/OBU_PreIntegrations/EVC_IP_DMI/KCG_ERSA/scade_model_without_unused.scade, line 139, character 0
  at path ENUM_DMI_List_Entry_Request_T_Enter_revalidate_ETCS_level/
 Interface element ENUM_DMI_List_Entry_Request_T_Enter_revalidate_ETCS_level has
 been renamed because it collides
*** Code Generation Warning (WAR_604): Renaming interface identifier
  at file R:/Repositories/modeling/model/Scade/System/OBU_PreIntegrations/EVC_IP_DMI/KCG_ERSA/scade_model_without_unused.scade, line 135, character 0
  at path ENUM_DMI_List_Entry_Request_T_Enter_revalidate_train_running_number/
 Interface element
 ENUM_DMI_List_Entry_Request_T_Enter_revalidate_train_running_number has been
 renamed because it collides
*** Code Generation Warning (WAR_604): Renaming interface identifier
  at file R:/Repositories/modeling/model/Scade/System/OBU_PreIntegrations/EVC_IP_DMI/KCG_ERSA/scade_model_without_unused.scade, line 131, character 0
  at path ENUM_DMI_List_Entry_Request_T_Enter_revalidate_driver_identifier/
 Interface element
 ENUM_DMI_List_Entry_Request_T_Enter_revalidate_driver_identifier has been
 renamed because it collides
*** Code Generation Warning (WAR_604): Renaming interface identifier
  at file R:/Repositories/modeling/model/Scade/System/OBU_PreIntegrations/EVC_IP_DMI/KCG_ERSA/scade_model_without_unused.scade, line 123, character 0
  at path INT_connectionStatusRadioUnit_T_conn_ConnectionUp/
 Interface element INT_connectionStatusRadioUnit_T_conn_ConnectionUp has been
 renamed because it collides
*** Code Generation Warning (WAR_604): Renaming interface identifier
  at file R:/Repositories/modeling/model/Scade/System/OBU_PreIntegrations/EVC_IP_DMI/KCG_ERSA/scade_model_without_unused.scade, line 119, character 0
  at path INT_connectionStatusRadioUnit_T_conn_SetupFailed/
 Interface element INT_connectionStatusRadioUnit_T_conn_SetupFailed has been
 renamed because it collides
*** Code Generation Warning (WAR_604): Renaming interface identifier
  at file R:/Repositories/modeling/model/Scade/System/OBU_PreIntegrations/EVC_IP_DMI/KCG_ERSA/scade_model_without_unused.scade, line 115, character 0
  at path INT_connectionStatusRadioUnit_T_conn_unknown/
 Interface element INT_connectionStatusRadioUnit_T_conn_unknown has been renamed
 because it collides
*** Code Generation Warning (WAR_604): Renaming interface identifier
  at file R:/Repositories/modeling/model/Scade/System/OBU_PreIntegrations/EVC_IP_DMI/KCG_ERSA/scade_model_without_unused.scade, line 107, character 0
  at path ENUM_connectionStatusRadioUnit_T_conn_ConnectionUp/
 Interface element ENUM_connectionStatusRadioUnit_T_conn_ConnectionUp has been
 renamed because it collides
*** Code Generation Warning (WAR_604): Renaming interface identifier
  at file R:/Repositories/modeling/model/Scade/System/OBU_PreIntegrations/EVC_IP_DMI/KCG_ERSA/scade_model_without_unused.scade, line 103, character 0
  at path ENUM_connectionStatusRadioUnit_T_conn_no_connection/
 Interface element ENUM_connectionStatusRadioUnit_T_conn_no_connection has been
 renamed because it collides
*** Code Generation Warning (WAR_604): Renaming interface identifier
  at file R:/Repositories/modeling/model/Scade/System/OBU_PreIntegrations/EVC_IP_DMI/KCG_ERSA/scade_model_without_unused.scade, line 99, character 0
  at path ENUM_connectionStatusRadioUnit_T_conn_unknown/
 Interface element ENUM_connectionStatusRadioUnit_T_conn_unknown has been
 renamed because it collides
*** Code Generation Warning (WAR_604): Renaming interface identifier
  at file R:/Repositories/modeling/model/Scade/System/OBU_PreIntegrations/EVC_IP_DMI/KCG_ERSA/scade_model_without_unused.scade, line 51, character 0
  at path INT_M_SupervisionDisplay_T_supDis_overspeed/
 Interface element INT_M_SupervisionDisplay_T_supDis_overspeed has been renamed
 because it collides
*** Code Generation Warning (WAR_604): Renaming interface identifier
  at file R:/Repositories/modeling/model/Scade/System/OBU_PreIntegrations/EVC_IP_DMI/KCG_ERSA/scade_model_without_unused.scade, line 47, character 0
  at path INT_M_SupervisionDisplay_T_supDis_warning/
 Interface element INT_M_SupervisionDisplay_T_supDis_warning has been renamed
 because it collides
*** Code Generation Warning (WAR_604): Renaming interface identifier
  at file R:/Repositories/modeling/model/Scade/System/OBU_PreIntegrations/EVC_IP_DMI/KCG_ERSA/scade_model_without_unused.scade, line 43, character 0
  at path INT_M_SupervisionDisplay_T_supDis_intervention/
 Interface element INT_M_SupervisionDisplay_T_supDis_intervention has been
 renamed because it collides
*** Code Generation Warning (WAR_604): Renaming interface identifier
  at file R:/Repositories/modeling/model/Scade/System/OBU_PreIntegrations/EVC_IP_DMI/KCG_ERSA/scade_model_without_unused.scade, line 39, character 0
  at path INT_M_SupervisionDisplay_T_supDis_normal/
 Interface element INT_M_SupervisionDisplay_T_supDis_normal has been renamed
 because it collides
*** Code Generation Warning (WAR_604): Renaming interface identifier
  at file R:/Repositories/modeling/model/Scade/System/OBU_PreIntegrations/EVC_IP_DMI/KCG_ERSA/scade_model_without_unused.scade, line 31, character 0
  at path ENUM_M_SupervisionDisplay_T_supDis_warning/
 Interface element ENUM_M_SupervisionDisplay_T_supDis_warning has been renamed
 because it collides
*** Code Generation Warning (WAR_604): Renaming interface identifier
  at file R:/Repositories/modeling/model/Scade/System/OBU_PreIntegrations/EVC_IP_DMI/KCG_ERSA/scade_model_without_unused.scade, line 27, character 0
  at path ENUM_M_SupervisionDisplay_T_supDis_overspeed/
 Interface element ENUM_M_SupervisionDisplay_T_supDis_overspeed has been renamed
 because it collides
*** Code Generation Warning (WAR_604): Renaming interface identifier
  at file R:/Repositories/modeling/model/Scade/System/OBU_PreIntegrations/EVC_IP_DMI/KCG_ERSA/scade_model_without_unused.scade, line 23, character 0
  at path ENUM_M_SupervisionDisplay_T_supDis_indication/
 Interface element ENUM_M_SupervisionDisplay_T_supDis_indication has been
 renamed because it collides
*** Code Generation Warning (WAR_604): Renaming interface identifier
  at file R:/Repositories/modeling/model/Scade/System/OBU_PreIntegrations/EVC_IP_DMI/KCG_ERSA/scade_model_without_unused.scade, line 19, character 0
  at path ENUM_M_SupervisionDisplay_T_supDis_normal/
 Interface element ENUM_M_SupervisionDisplay_T_supDis_normal has been renamed
 because it collides
109 warnings were found
$*************** KCG Version 6.1.3 (build i6) ****************
** s2c.log
** Generation date: 2015-11-09T11:52:52
*************************************************************$
$*************** KCG Version 6.1.3 (build i6) ****************
** R:/Repositories/modeling/model/Scade/System/OBU_PreIntegrations/EVC_IP_DMI/KCG_ERSA\kcg.log
** Generation date: 2015-11-09T11:52:52
*************************************************************$
