$**************  SCADETOC Version R16.1 (build i4) **************
** Generation date: 2015-10-19T12:21:05
** Command: scade -code "C:\GITHUB\modeling\model\Scade\System\MEN_Demonstrator\MEN_Demonstrator.etp" -root Track -conf KCG-MEN
*************************************************************$
*** Generated Files Information (GENFIL): KCG- Generated files
 ~kcg.log
  at file C:\GITHUB\modeling\model\Scade\System\MEN_Demonstrator\KCG-MEN\kcg.log, line 0, character 0
 ~kcg_s2c_config.txt
  at file C:\GITHUB\modeling\model\Scade\System\MEN_Demonstrator\KCG-MEN\kcg_s2c_config.txt, line 0, character 0
 ~kcg_trace.xml
  at file C:\GITHUB\modeling\model\Scade\System\MEN_Demonstrator\KCG-MEN\kcg_trace.xml, line 0, character 0
 ~kcg_metrics.txt
  at file C:\GITHUB\modeling\model\Scade\System\MEN_Demonstrator\KCG-MEN\kcg_metrics.txt, line 0, character 0
 ~Track.c
  at file C:\GITHUB\modeling\model\Scade\System\MEN_Demonstrator\KCG-MEN\Track.c, line 0, character 0
 ~Amsterdam_Utrecht_Lijn1_balises1.c
  at file C:\GITHUB\modeling\model\Scade\System\MEN_Demonstrator\KCG-MEN\Amsterdam_Utrecht_Lijn1_balises1.c, line 0, character 0
 ~TrackClose_InfraLib.c
  at file C:\GITHUB\modeling\model\Scade\System\MEN_Demonstrator\KCG-MEN\TrackClose_InfraLib.c, line 0, character 0
 ~TrackInit_InfraLib.c
  at file C:\GITHUB\modeling\model\Scade\System\MEN_Demonstrator\KCG-MEN\TrackInit_InfraLib.c, line 0, character 0
 ~TrackDiscontinuity_InfraLib.c
  at file C:\GITHUB\modeling\model\Scade\System\MEN_Demonstrator\KCG-MEN\TrackDiscontinuity_InfraLib.c, line 0, character 0
 ~TrackDiscontinuity_CalcTrainPos_InfraLib.c
  at file C:\GITHUB\modeling\model\Scade\System\MEN_Demonstrator\KCG-MEN\TrackDiscontinuity_CalcTrainPos_InfraLib.c, line 0, character 0
 ~Balises0001_Amstel_UB_Signal_611_to_613_AmsterdamUtrechtL2_Sheet05_Amstel_Balises.c
  at file C:\GITHUB\modeling\model\Scade\System\MEN_Demonstrator\KCG-MEN\Balises0001_Amstel_UB_Signal_611_to_613_AmsterdamUtrechtL2_Sheet05_Amstel_Balises.c, line 0, character 0
 ~Balise_Group_352_AmsterdamUtrechtL2_Sheet05_Amstel_Balises.c
  at file C:\GITHUB\modeling\model\Scade\System\MEN_Demonstrator\KCG-MEN\Balise_Group_352_AmsterdamUtrechtL2_Sheet05_Amstel_Balises.c, line 0, character 0
 ~Balise_352_0_AmsterdamUtrechtL2_Sheet05_Amstel_Balises.c
  at file C:\GITHUB\modeling\model\Scade\System\MEN_Demonstrator\KCG-MEN\Balise_352_0_AmsterdamUtrechtL2_Sheet05_Amstel_Balises.c, line 0, character 0
 ~Balise_Group_Close_InfraLib.c
  at file C:\GITHUB\modeling\model\Scade\System\MEN_Demonstrator\KCG-MEN\Balise_Group_Close_InfraLib.c, line 0, character 0
 ~Balise_Group_Init_InfraLib.c
  at file C:\GITHUB\modeling\model\Scade\System\MEN_Demonstrator\KCG-MEN\Balise_Group_Init_InfraLib.c, line 0, character 0
 ~Balise_352_1_AmsterdamUtrechtL2_Sheet05_Amstel_Balises.c
  at file C:\GITHUB\modeling\model\Scade\System\MEN_Demonstrator\KCG-MEN\Balise_352_1_AmsterdamUtrechtL2_Sheet05_Amstel_Balises.c, line 0, character 0
 ~Packets_BG352_AmsterdamUtrechtL2_Sheet05_Amstel_Balises.c
  at file C:\GITHUB\modeling\model\Scade\System\MEN_Demonstrator\KCG-MEN\Packets_BG352_AmsterdamUtrechtL2_Sheet05_Amstel_Balises.c, line 0, character 0
 ~Send_P045_MessageLibBaseline2.c
  at file C:\GITHUB\modeling\model\Scade\System\MEN_Demonstrator\KCG-MEN\Send_P045_MessageLibBaseline2.c, line 0, character 0
 ~Write_P045_TM_trackside.c
  at file C:\GITHUB\modeling\model\Scade\System\MEN_Demonstrator\KCG-MEN\Write_P045_TM_trackside.c, line 0, character 0
 ~C_P045_tracksim_compr_TM_conversions.c
  at file C:\GITHUB\modeling\model\Scade\System\MEN_Demonstrator\KCG-MEN\C_P045_tracksim_compr_TM_conversions.c, line 0, character 0
 ~Send_P255_MessageLibBaseline2.c
  at file C:\GITHUB\modeling\model\Scade\System\MEN_Demonstrator\KCG-MEN\Send_P255_MessageLibBaseline2.c, line 0, character 0
 ~Write_P255_TM_trackside.c
  at file C:\GITHUB\modeling\model\Scade\System\MEN_Demonstrator\KCG-MEN\Write_P255_TM_trackside.c, line 0, character 0
 ~C_P255_tracksim_compr_TM_conversions.c
  at file C:\GITHUB\modeling\model\Scade\System\MEN_Demonstrator\KCG-MEN\C_P255_tracksim_compr_TM_conversions.c, line 0, character 0
 ~Balise_Localisation_InfraLib.c
  at file C:\GITHUB\modeling\model\Scade\System\MEN_Demonstrator\KCG-MEN\Balise_Localisation_InfraLib.c, line 0, character 0
 ~TOOLS_convert_engineering_location_TM_conversions.c
  at file C:\GITHUB\modeling\model\Scade\System\MEN_Demonstrator\KCG-MEN\TOOLS_convert_engineering_location_TM_conversions.c, line 0, character 0
 ~Balise_Interdistance_InfraLib.c
  at file C:\GITHUB\modeling\model\Scade\System\MEN_Demonstrator\KCG-MEN\Balise_Interdistance_InfraLib.c, line 0, character 0
 ~Amsterdam_Utrecht_Sheet06_Biljmer_integration.c
  at file C:\GITHUB\modeling\model\Scade\System\MEN_Demonstrator\KCG-MEN\Amsterdam_Utrecht_Sheet06_Biljmer_integration.c, line 0, character 0
 ~RBC_close_RadioLib.c
  at file C:\GITHUB\modeling\model\Scade\System\MEN_Demonstrator\KCG-MEN\RBC_close_RadioLib.c, line 0, character 0
 ~RBC_init_RadioLib.c
  at file C:\GITHUB\modeling\model\Scade\System\MEN_Demonstrator\KCG-MEN\RBC_init_RadioLib.c, line 0, character 0
 ~Send_RBC_LRBG_354_D_00275_3_M003_AmsterdamUtrechtL2_Sheet06_Bijlmer_RBC.c
  at file C:\GITHUB\modeling\model\Scade\System\MEN_Demonstrator\KCG-MEN\Send_RBC_LRBG_354_D_00275_3_M003_AmsterdamUtrechtL2_Sheet06_Bijlmer_RBC.c, line 0, character 0
 ~Build_RBC_LRBG_354_D_00275_3_M003_AmsterdamUtrechtL2_Sheet06_Bijlmer_RBC.c
  at file C:\GITHUB\modeling\model\Scade\System\MEN_Demonstrator\KCG-MEN\Build_RBC_LRBG_354_D_00275_3_M003_AmsterdamUtrechtL2_Sheet06_Bijlmer_RBC.c, line 0, character 0
 ~Send_M003_JRU_MessageLibBaseline2.c
  at file C:\GITHUB\modeling\model\Scade\System\MEN_Demonstrator\KCG-MEN\Send_M003_JRU_MessageLibBaseline2.c, line 0, character 0
 ~C_M003_int__to_header_TM_RBC_conversions.c
  at file C:\GITHUB\modeling\model\Scade\System\MEN_Demonstrator\KCG-MEN\C_M003_int__to_header_TM_RBC_conversions.c, line 0, character 0
 ~SendRadioPackets_LRBG_354_D_00275_3_M003_AmsterdamUtrechtL2_Sheet06_Bijlmer_RBC.c
  at file C:\GITHUB\modeling\model\Scade\System\MEN_Demonstrator\KCG-MEN\SendRadioPackets_LRBG_354_D_00275_3_M003_AmsterdamUtrechtL2_Sheet06_Bijlmer_RBC.c, line 0, character 0
 ~Send_P015_MessageLibBaseline2.c
  at file C:\GITHUB\modeling\model\Scade\System\MEN_Demonstrator\KCG-MEN\Send_P015_MessageLibBaseline2.c, line 0, character 0
 ~Write_P015_TM_trackside.c
  at file C:\GITHUB\modeling\model\Scade\System\MEN_Demonstrator\KCG-MEN\Write_P015_TM_trackside.c, line 0, character 0
 ~C_P015_tracksim_compr_TM_conversions.c
  at file C:\GITHUB\modeling\model\Scade\System\MEN_Demonstrator\KCG-MEN\C_P015_tracksim_compr_TM_conversions.c, line 0, character 0
 ~C_P015_flatten_sections_TM_lib_internal.c
  at file C:\GITHUB\modeling\model\Scade\System\MEN_Demonstrator\KCG-MEN\C_P015_flatten_sections_TM_lib_internal.c, line 0, character 0
 ~C_P015_fs_struct_to_array_TM_lib_internal.c
  at file C:\GITHUB\modeling\model\Scade\System\MEN_Demonstrator\KCG-MEN\C_P015_fs_struct_to_array_TM_lib_internal.c, line 0, character 0
 ~C_P015_fs_flatten_array_TM_lib_internal.c
  at file C:\GITHUB\modeling\model\Scade\System\MEN_Demonstrator\KCG-MEN\C_P015_fs_flatten_array_TM_lib_internal.c, line 0, character 0
 ~Send_P065_MessageLibBaseline2.c
  at file C:\GITHUB\modeling\model\Scade\System\MEN_Demonstrator\KCG-MEN\Send_P065_MessageLibBaseline2.c, line 0, character 0
 ~Write_P065_TM_trackside.c
  at file C:\GITHUB\modeling\model\Scade\System\MEN_Demonstrator\KCG-MEN\Write_P065_TM_trackside.c, line 0, character 0
 ~C_P065_tracksim_compr_TM_conversions.c
  at file C:\GITHUB\modeling\model\Scade\System\MEN_Demonstrator\KCG-MEN\C_P065_tracksim_compr_TM_conversions.c, line 0, character 0
 ~Send_P041_MessageLibBaseline2.c
  at file C:\GITHUB\modeling\model\Scade\System\MEN_Demonstrator\KCG-MEN\Send_P041_MessageLibBaseline2.c, line 0, character 0
 ~Write_P041_TM_trackside.c
  at file C:\GITHUB\modeling\model\Scade\System\MEN_Demonstrator\KCG-MEN\Write_P041_TM_trackside.c, line 0, character 0
 ~C_P041_tracksim_compr_TM_conversions.c
  at file C:\GITHUB\modeling\model\Scade\System\MEN_Demonstrator\KCG-MEN\C_P041_tracksim_compr_TM_conversions.c, line 0, character 0
 ~C_P041_flatten_sections_TM_lib_internal.c
  at file C:\GITHUB\modeling\model\Scade\System\MEN_Demonstrator\KCG-MEN\C_P041_flatten_sections_TM_lib_internal.c, line 0, character 0
 ~C_P041_fs_struct_to_array_TM_lib_internal.c
  at file C:\GITHUB\modeling\model\Scade\System\MEN_Demonstrator\KCG-MEN\C_P041_fs_struct_to_array_TM_lib_internal.c, line 0, character 0
 ~C_P041_fs_flatten_array_TM_lib_internal.c
  at file C:\GITHUB\modeling\model\Scade\System\MEN_Demonstrator\KCG-MEN\C_P041_fs_flatten_array_TM_lib_internal.c, line 0, character 0
 ~Send_P005_MessageLibBaseline2.c
  at file C:\GITHUB\modeling\model\Scade\System\MEN_Demonstrator\KCG-MEN\Send_P005_MessageLibBaseline2.c, line 0, character 0
 ~Write_P005_TM_trackside.c
  at file C:\GITHUB\modeling\model\Scade\System\MEN_Demonstrator\KCG-MEN\Write_P005_TM_trackside.c, line 0, character 0
 ~C_P005_tracksim_compr_TM_conversions.c
  at file C:\GITHUB\modeling\model\Scade\System\MEN_Demonstrator\KCG-MEN\C_P005_tracksim_compr_TM_conversions.c, line 0, character 0
 ~C_P005_flatten_sections_TM_lib_internal.c
  at file C:\GITHUB\modeling\model\Scade\System\MEN_Demonstrator\KCG-MEN\C_P005_flatten_sections_TM_lib_internal.c, line 0, character 0
 ~C_P005_fs_struct_to_array_TM_lib_internal.c
  at file C:\GITHUB\modeling\model\Scade\System\MEN_Demonstrator\KCG-MEN\C_P005_fs_struct_to_array_TM_lib_internal.c, line 0, character 0
 ~C_P005_fs_flatten_array_TM_lib_internal.c
  at file C:\GITHUB\modeling\model\Scade\System\MEN_Demonstrator\KCG-MEN\C_P005_fs_flatten_array_TM_lib_internal.c, line 0, character 0
 ~Send_P003V1_MessageLibBaseline2.c
  at file C:\GITHUB\modeling\model\Scade\System\MEN_Demonstrator\KCG-MEN\Send_P003V1_MessageLibBaseline2.c, line 0, character 0
 ~Write_P003V1_TM_trackside_baseline2.c
  at file C:\GITHUB\modeling\model\Scade\System\MEN_Demonstrator\KCG-MEN\Write_P003V1_TM_trackside_baseline2.c, line 0, character 0
 ~C_P003V1_tracksim_compr_TM_conversions_baseline2.c
  at file C:\GITHUB\modeling\model\Scade\System\MEN_Demonstrator\KCG-MEN\C_P003V1_tracksim_compr_TM_conversions_baseline2.c, line 0, character 0
 ~Send_P027V1_MessageLibBaseline2.c
  at file C:\GITHUB\modeling\model\Scade\System\MEN_Demonstrator\KCG-MEN\Send_P027V1_MessageLibBaseline2.c, line 0, character 0
 ~Write_P027V1_TM_trackside_baseline2.c
  at file C:\GITHUB\modeling\model\Scade\System\MEN_Demonstrator\KCG-MEN\Write_P027V1_TM_trackside_baseline2.c, line 0, character 0
 ~C_P027V1_tracksim_merge_sections_TM_conversions_baseline2.c
  at file C:\GITHUB\modeling\model\Scade\System\MEN_Demonstrator\KCG-MEN\C_P027V1_tracksim_merge_sections_TM_conversions_baseline2.c, line 0, character 0
 ~C_P027V1_tracksim_compr_one_section_TM_conversions_baseline2.c
  at file C:\GITHUB\modeling\model\Scade\System\MEN_Demonstrator\KCG-MEN\C_P027V1_tracksim_compr_one_section_TM_conversions_baseline2.c, line 0, character 0
 ~C_P027_flatten_sections_qdiff_TM_lib_internal.c
  at file C:\GITHUB\modeling\model\Scade\System\MEN_Demonstrator\KCG-MEN\C_P027_flatten_sections_qdiff_TM_lib_internal.c, line 0, character 0
 ~C_P027V1_fs_struct_to_array_qdiff_TM_lib_internal.c
  at file C:\GITHUB\modeling\model\Scade\System\MEN_Demonstrator\KCG-MEN\C_P027V1_fs_struct_to_array_qdiff_TM_lib_internal.c, line 0, character 0
 ~C_P027V1_fs_flatten_array_qdiff_TM_lib_internal.c
  at file C:\GITHUB\modeling\model\Scade\System\MEN_Demonstrator\KCG-MEN\C_P027V1_fs_flatten_array_qdiff_TM_lib_internal.c, line 0, character 0
 ~C_P027V1_tracksim_compr_body_TM_conversions_baseline2.c
  at file C:\GITHUB\modeling\model\Scade\System\MEN_Demonstrator\KCG-MEN\C_P027V1_tracksim_compr_body_TM_conversions_baseline2.c, line 0, character 0
 ~SEND_WriteMessageHeader_TM_lib_internal.c
  at file C:\GITHUB\modeling\model\Scade\System\MEN_Demonstrator\KCG-MEN\SEND_WriteMessageHeader_TM_lib_internal.c, line 0, character 0
 ~Send_P021_MessageLibBaseline2.c
  at file C:\GITHUB\modeling\model\Scade\System\MEN_Demonstrator\KCG-MEN\Send_P021_MessageLibBaseline2.c, line 0, character 0
 ~Write_P021_TM_trackside.c
  at file C:\GITHUB\modeling\model\Scade\System\MEN_Demonstrator\KCG-MEN\Write_P021_TM_trackside.c, line 0, character 0
 ~C_P021_tracksim_compr_TM_conversions.c
  at file C:\GITHUB\modeling\model\Scade\System\MEN_Demonstrator\KCG-MEN\C_P021_tracksim_compr_TM_conversions.c, line 0, character 0
 ~T_Build_Metadata_Packet_ID_TM_lib_internal.c
  at file C:\GITHUB\modeling\model\Scade\System\MEN_Demonstrator\KCG-MEN\T_Build_Metadata_Packet_ID_TM_lib_internal.c, line 0, character 0
 ~C_P021_flatten_sections_TM_lib_internal.c
  at file C:\GITHUB\modeling\model\Scade\System\MEN_Demonstrator\KCG-MEN\C_P021_flatten_sections_TM_lib_internal.c, line 0, character 0
 ~C_P021_fs_struct_to_array_TM_lib_internal.c
  at file C:\GITHUB\modeling\model\Scade\System\MEN_Demonstrator\KCG-MEN\C_P021_fs_struct_to_array_TM_lib_internal.c, line 0, character 0
 ~C_P021_fs_flatten_array_TM_lib_internal.c
  at file C:\GITHUB\modeling\model\Scade\System\MEN_Demonstrator\KCG-MEN\C_P021_fs_flatten_array_TM_lib_internal.c, line 0, character 0
 ~T_DeterminePacketSizeInt_TM_lib_internal.c
  at file C:\GITHUB\modeling\model\Scade\System\MEN_Demonstrator\KCG-MEN\T_DeterminePacketSizeInt_TM_lib_internal.c, line 0, character 0
 ~SEND_MessageData_TM_lib_internal.c
  at file C:\GITHUB\modeling\model\Scade\System\MEN_Demonstrator\KCG-MEN\SEND_MessageData_TM_lib_internal.c, line 0, character 0
 ~SEND_WriteBaliseDataElement_TM_lib_internal.c
  at file C:\GITHUB\modeling\model\Scade\System\MEN_Demonstrator\KCG-MEN\SEND_WriteBaliseDataElement_TM_lib_internal.c, line 0, character 0
 ~SEND_WriteBaliseMessageHeader_TM_lib_internal.c
  at file C:\GITHUB\modeling\model\Scade\System\MEN_Demonstrator\KCG-MEN\SEND_WriteBaliseMessageHeader_TM_lib_internal.c, line 0, character 0
 ~SEND_FindSlot_TM_lib_internal.c
  at file C:\GITHUB\modeling\model\Scade\System\MEN_Demonstrator\KCG-MEN\SEND_FindSlot_TM_lib_internal.c, line 0, character 0
 ~Read_M157_TM_radio_messages_trackside.c
  at file C:\GITHUB\modeling\model\Scade\System\MEN_Demonstrator\KCG-MEN\Read_M157_TM_radio_messages_trackside.c, line 0, character 0
 ~C_compr_P044_TM_TrainToTrack.c
  at file C:\GITHUB\modeling\model\Scade\System\MEN_Demonstrator\KCG-MEN\C_compr_P044_TM_TrainToTrack.c, line 0, character 0
 ~C_compr_P005_TM_TrainToTrack.c
  at file C:\GITHUB\modeling\model\Scade\System\MEN_Demonstrator\KCG-MEN\C_compr_P005_TM_TrainToTrack.c, line 0, character 0
 ~CAST_Int_to_NID_OPERATIONAL_TM_conversions.c
  at file C:\GITHUB\modeling\model\Scade\System\MEN_Demonstrator\KCG-MEN\CAST_Int_to_NID_OPERATIONAL_TM_conversions.c, line 0, character 0
 ~C_compr_P004_TM_TrainToTrack.c
  at file C:\GITHUB\modeling\model\Scade\System\MEN_Demonstrator\KCG-MEN\C_compr_P004_TM_TrainToTrack.c, line 0, character 0
 ~CAST_Int_to_M_ERROR_TM_conversions.c
  at file C:\GITHUB\modeling\model\Scade\System\MEN_Demonstrator\KCG-MEN\CAST_Int_to_M_ERROR_TM_conversions.c, line 0, character 0
 ~C_compr_P000_TM_TrainToTrack.c
  at file C:\GITHUB\modeling\model\Scade\System\MEN_Demonstrator\KCG-MEN\C_compr_P000_TM_TrainToTrack.c, line 0, character 0
 ~C_compr_P001_TM_TrainToTrack.c
  at file C:\GITHUB\modeling\model\Scade\System\MEN_Demonstrator\KCG-MEN\C_compr_P001_TM_TrainToTrack.c, line 0, character 0
 ~CAST_Int_to_NID_PRVLRBG_TM_conversions.c
  at file C:\GITHUB\modeling\model\Scade\System\MEN_Demonstrator\KCG-MEN\CAST_Int_to_NID_PRVLRBG_TM_conversions.c, line 0, character 0
 ~CAST_Int_to_D_LRBG_TM_conversions.c
  at file C:\GITHUB\modeling\model\Scade\System\MEN_Demonstrator\KCG-MEN\CAST_Int_to_D_LRBG_TM_conversions.c, line 0, character 0
 ~Filter_Variable_TM_TrainToTrack.c
  at file C:\GITHUB\modeling\model\Scade\System\MEN_Demonstrator\KCG-MEN\Filter_Variable_TM_TrainToTrack.c, line 0, character 0
 ~Decode_NID_PACKET_TM_TrainToTrack.c
  at file C:\GITHUB\modeling\model\Scade\System\MEN_Demonstrator\KCG-MEN\Decode_NID_PACKET_TM_TrainToTrack.c, line 0, character 0
 ~CAST_Int_to_NID_NTC_TM_conversions.c
  at file C:\GITHUB\modeling\model\Scade\System\MEN_Demonstrator\KCG-MEN\CAST_Int_to_NID_NTC_TM_conversions.c, line 0, character 0
 ~CAST_Int_to_M_LEVEL_TM_conversions.c
  at file C:\GITHUB\modeling\model\Scade\System\MEN_Demonstrator\KCG-MEN\CAST_Int_to_M_LEVEL_TM_conversions.c, line 0, character 0
 ~CAST_Int_to_M_MODE_TM_conversions.c
  at file C:\GITHUB\modeling\model\Scade\System\MEN_Demonstrator\KCG-MEN\CAST_Int_to_M_MODE_TM_conversions.c, line 0, character 0
 ~CAST_Int_to_Q_DIRTRAIN_TM_conversions.c
  at file C:\GITHUB\modeling\model\Scade\System\MEN_Demonstrator\KCG-MEN\CAST_Int_to_Q_DIRTRAIN_TM_conversions.c, line 0, character 0
 ~CAST_Int_to_V_TRAIN_TM_conversions.c
  at file C:\GITHUB\modeling\model\Scade\System\MEN_Demonstrator\KCG-MEN\CAST_Int_to_V_TRAIN_TM_conversions.c, line 0, character 0
 ~CAST_Int_to_L_TRAININT_TM_conversions.c
  at file C:\GITHUB\modeling\model\Scade\System\MEN_Demonstrator\KCG-MEN\CAST_Int_to_L_TRAININT_TM_conversions.c, line 0, character 0
 ~CAST_Int_to_Q_LENGTH_TM_conversions.c
  at file C:\GITHUB\modeling\model\Scade\System\MEN_Demonstrator\KCG-MEN\CAST_Int_to_Q_LENGTH_TM_conversions.c, line 0, character 0
 ~CAST_Int_to_L_DOUBTUNDER_TM_conversions.c
  at file C:\GITHUB\modeling\model\Scade\System\MEN_Demonstrator\KCG-MEN\CAST_Int_to_L_DOUBTUNDER_TM_conversions.c, line 0, character 0
 ~CAST_Int_to_L_DOUBTOVER_TM_conversions.c
  at file C:\GITHUB\modeling\model\Scade\System\MEN_Demonstrator\KCG-MEN\CAST_Int_to_L_DOUBTOVER_TM_conversions.c, line 0, character 0
 ~CAST_Int_to_Q_DRLRBG_TM_conversions.c
  at file C:\GITHUB\modeling\model\Scade\System\MEN_Demonstrator\KCG-MEN\CAST_Int_to_Q_DRLRBG_TM_conversions.c, line 0, character 0
 ~CAST_Int_to_Q_DIRLRBG_TM_conversions.c
  at file C:\GITHUB\modeling\model\Scade\System\MEN_Demonstrator\KCG-MEN\CAST_Int_to_Q_DIRLRBG_TM_conversions.c, line 0, character 0
 ~CAST_Int_to_NID_LRBG_TM_conversions.c
  at file C:\GITHUB\modeling\model\Scade\System\MEN_Demonstrator\KCG-MEN\CAST_Int_to_NID_LRBG_TM_conversions.c, line 0, character 0
 ~C_header_to_M157_TM_RBC_conversions.c
  at file C:\GITHUB\modeling\model\Scade\System\MEN_Demonstrator\KCG-MEN\C_header_to_M157_TM_RBC_conversions.c, line 0, character 0
 ~CAST_Int_to_T_TRAIN_TM_conversions.c
  at file C:\GITHUB\modeling\model\Scade\System\MEN_Demonstrator\KCG-MEN\CAST_Int_to_T_TRAIN_TM_conversions.c, line 0, character 0
 ~CAST_Int_to_NID_ENGINE_TM_conversions.c
  at file C:\GITHUB\modeling\model\Scade\System\MEN_Demonstrator\KCG-MEN\CAST_Int_to_NID_ENGINE_TM_conversions.c, line 0, character 0
 ~CAST_Int_to_L_MESSAGE_TM_conversions.c
  at file C:\GITHUB\modeling\model\Scade\System\MEN_Demonstrator\KCG-MEN\CAST_Int_to_L_MESSAGE_TM_conversions.c, line 0, character 0
 ~CAST_Int_to_NID_MESSAGE_TM_conversions.c
  at file C:\GITHUB\modeling\model\Scade\System\MEN_Demonstrator\KCG-MEN\CAST_Int_to_NID_MESSAGE_TM_conversions.c, line 0, character 0
 ~CAST_Int_to_Q_STATUS_TM_conversions.c
  at file C:\GITHUB\modeling\model\Scade\System\MEN_Demonstrator\KCG-MEN\CAST_Int_to_Q_STATUS_TM_conversions.c, line 0, character 0
 ~Track.h
  at file C:\GITHUB\modeling\model\Scade\System\MEN_Demonstrator\KCG-MEN\Track.h, line 0, character 0
 ~Amsterdam_Utrecht_Lijn1_balises1.h
  at file C:\GITHUB\modeling\model\Scade\System\MEN_Demonstrator\KCG-MEN\Amsterdam_Utrecht_Lijn1_balises1.h, line 0, character 0
 ~TrackClose_InfraLib.h
  at file C:\GITHUB\modeling\model\Scade\System\MEN_Demonstrator\KCG-MEN\TrackClose_InfraLib.h, line 0, character 0
 ~TrackInit_InfraLib.h
  at file C:\GITHUB\modeling\model\Scade\System\MEN_Demonstrator\KCG-MEN\TrackInit_InfraLib.h, line 0, character 0
 ~TrackDiscontinuity_InfraLib.h
  at file C:\GITHUB\modeling\model\Scade\System\MEN_Demonstrator\KCG-MEN\TrackDiscontinuity_InfraLib.h, line 0, character 0
 ~TrackDiscontinuity_CalcTrainPos_InfraLib.h
  at file C:\GITHUB\modeling\model\Scade\System\MEN_Demonstrator\KCG-MEN\TrackDiscontinuity_CalcTrainPos_InfraLib.h, line 0, character 0
 ~Balises0001_Amstel_UB_Signal_611_to_613_AmsterdamUtrechtL2_Sheet05_Amstel_Balises.h
  at file C:\GITHUB\modeling\model\Scade\System\MEN_Demonstrator\KCG-MEN\Balises0001_Amstel_UB_Signal_611_to_613_AmsterdamUtrechtL2_Sheet05_Amstel_Balises.h, line 0, character 0
 ~Balise_Group_352_AmsterdamUtrechtL2_Sheet05_Amstel_Balises.h
  at file C:\GITHUB\modeling\model\Scade\System\MEN_Demonstrator\KCG-MEN\Balise_Group_352_AmsterdamUtrechtL2_Sheet05_Amstel_Balises.h, line 0, character 0
 ~Balise_352_0_AmsterdamUtrechtL2_Sheet05_Amstel_Balises.h
  at file C:\GITHUB\modeling\model\Scade\System\MEN_Demonstrator\KCG-MEN\Balise_352_0_AmsterdamUtrechtL2_Sheet05_Amstel_Balises.h, line 0, character 0
 ~Balise_Group_Close_InfraLib.h
  at file C:\GITHUB\modeling\model\Scade\System\MEN_Demonstrator\KCG-MEN\Balise_Group_Close_InfraLib.h, line 0, character 0
 ~Balise_Group_Init_InfraLib.h
  at file C:\GITHUB\modeling\model\Scade\System\MEN_Demonstrator\KCG-MEN\Balise_Group_Init_InfraLib.h, line 0, character 0
 ~Balise_352_1_AmsterdamUtrechtL2_Sheet05_Amstel_Balises.h
  at file C:\GITHUB\modeling\model\Scade\System\MEN_Demonstrator\KCG-MEN\Balise_352_1_AmsterdamUtrechtL2_Sheet05_Amstel_Balises.h, line 0, character 0
 ~Packets_BG352_AmsterdamUtrechtL2_Sheet05_Amstel_Balises.h
  at file C:\GITHUB\modeling\model\Scade\System\MEN_Demonstrator\KCG-MEN\Packets_BG352_AmsterdamUtrechtL2_Sheet05_Amstel_Balises.h, line 0, character 0
 ~Send_P045_MessageLibBaseline2.h
  at file C:\GITHUB\modeling\model\Scade\System\MEN_Demonstrator\KCG-MEN\Send_P045_MessageLibBaseline2.h, line 0, character 0
 ~Write_P045_TM_trackside.h
  at file C:\GITHUB\modeling\model\Scade\System\MEN_Demonstrator\KCG-MEN\Write_P045_TM_trackside.h, line 0, character 0
 ~C_P045_tracksim_compr_TM_conversions.h
  at file C:\GITHUB\modeling\model\Scade\System\MEN_Demonstrator\KCG-MEN\C_P045_tracksim_compr_TM_conversions.h, line 0, character 0
 ~Send_P255_MessageLibBaseline2.h
  at file C:\GITHUB\modeling\model\Scade\System\MEN_Demonstrator\KCG-MEN\Send_P255_MessageLibBaseline2.h, line 0, character 0
 ~Write_P255_TM_trackside.h
  at file C:\GITHUB\modeling\model\Scade\System\MEN_Demonstrator\KCG-MEN\Write_P255_TM_trackside.h, line 0, character 0
 ~C_P255_tracksim_compr_TM_conversions.h
  at file C:\GITHUB\modeling\model\Scade\System\MEN_Demonstrator\KCG-MEN\C_P255_tracksim_compr_TM_conversions.h, line 0, character 0
 ~Balise_Localisation_InfraLib.h
  at file C:\GITHUB\modeling\model\Scade\System\MEN_Demonstrator\KCG-MEN\Balise_Localisation_InfraLib.h, line 0, character 0
 ~TOOLS_convert_engineering_location_TM_conversions.h
  at file C:\GITHUB\modeling\model\Scade\System\MEN_Demonstrator\KCG-MEN\TOOLS_convert_engineering_location_TM_conversions.h, line 0, character 0
 ~Balise_Interdistance_InfraLib.h
  at file C:\GITHUB\modeling\model\Scade\System\MEN_Demonstrator\KCG-MEN\Balise_Interdistance_InfraLib.h, line 0, character 0
 ~Amsterdam_Utrecht_Sheet06_Biljmer_integration.h
  at file C:\GITHUB\modeling\model\Scade\System\MEN_Demonstrator\KCG-MEN\Amsterdam_Utrecht_Sheet06_Biljmer_integration.h, line 0, character 0
 ~RBC_close_RadioLib.h
  at file C:\GITHUB\modeling\model\Scade\System\MEN_Demonstrator\KCG-MEN\RBC_close_RadioLib.h, line 0, character 0
 ~RBC_init_RadioLib.h
  at file C:\GITHUB\modeling\model\Scade\System\MEN_Demonstrator\KCG-MEN\RBC_init_RadioLib.h, line 0, character 0
 ~Send_RBC_LRBG_354_D_00275_3_M003_AmsterdamUtrechtL2_Sheet06_Bijlmer_RBC.h
  at file C:\GITHUB\modeling\model\Scade\System\MEN_Demonstrator\KCG-MEN\Send_RBC_LRBG_354_D_00275_3_M003_AmsterdamUtrechtL2_Sheet06_Bijlmer_RBC.h, line 0, character 0
 ~Build_RBC_LRBG_354_D_00275_3_M003_AmsterdamUtrechtL2_Sheet06_Bijlmer_RBC.h
  at file C:\GITHUB\modeling\model\Scade\System\MEN_Demonstrator\KCG-MEN\Build_RBC_LRBG_354_D_00275_3_M003_AmsterdamUtrechtL2_Sheet06_Bijlmer_RBC.h, line 0, character 0
 ~Send_M003_JRU_MessageLibBaseline2.h
  at file C:\GITHUB\modeling\model\Scade\System\MEN_Demonstrator\KCG-MEN\Send_M003_JRU_MessageLibBaseline2.h, line 0, character 0
 ~C_M003_int__to_header_TM_RBC_conversions.h
  at file C:\GITHUB\modeling\model\Scade\System\MEN_Demonstrator\KCG-MEN\C_M003_int__to_header_TM_RBC_conversions.h, line 0, character 0
 ~SendRadioPackets_LRBG_354_D_00275_3_M003_AmsterdamUtrechtL2_Sheet06_Bijlmer_RBC.h
  at file C:\GITHUB\modeling\model\Scade\System\MEN_Demonstrator\KCG-MEN\SendRadioPackets_LRBG_354_D_00275_3_M003_AmsterdamUtrechtL2_Sheet06_Bijlmer_RBC.h, line 0, character 0
 ~Send_P015_MessageLibBaseline2.h
  at file C:\GITHUB\modeling\model\Scade\System\MEN_Demonstrator\KCG-MEN\Send_P015_MessageLibBaseline2.h, line 0, character 0
 ~Write_P015_TM_trackside.h
  at file C:\GITHUB\modeling\model\Scade\System\MEN_Demonstrator\KCG-MEN\Write_P015_TM_trackside.h, line 0, character 0
 ~C_P015_tracksim_compr_TM_conversions.h
  at file C:\GITHUB\modeling\model\Scade\System\MEN_Demonstrator\KCG-MEN\C_P015_tracksim_compr_TM_conversions.h, line 0, character 0
 ~C_P015_flatten_sections_TM_lib_internal.h
  at file C:\GITHUB\modeling\model\Scade\System\MEN_Demonstrator\KCG-MEN\C_P015_flatten_sections_TM_lib_internal.h, line 0, character 0
 ~C_P015_fs_struct_to_array_TM_lib_internal.h
  at file C:\GITHUB\modeling\model\Scade\System\MEN_Demonstrator\KCG-MEN\C_P015_fs_struct_to_array_TM_lib_internal.h, line 0, character 0
 ~C_P015_fs_flatten_array_TM_lib_internal.h
  at file C:\GITHUB\modeling\model\Scade\System\MEN_Demonstrator\KCG-MEN\C_P015_fs_flatten_array_TM_lib_internal.h, line 0, character 0
 ~Send_P065_MessageLibBaseline2.h
  at file C:\GITHUB\modeling\model\Scade\System\MEN_Demonstrator\KCG-MEN\Send_P065_MessageLibBaseline2.h, line 0, character 0
 ~Write_P065_TM_trackside.h
  at file C:\GITHUB\modeling\model\Scade\System\MEN_Demonstrator\KCG-MEN\Write_P065_TM_trackside.h, line 0, character 0
 ~C_P065_tracksim_compr_TM_conversions.h
  at file C:\GITHUB\modeling\model\Scade\System\MEN_Demonstrator\KCG-MEN\C_P065_tracksim_compr_TM_conversions.h, line 0, character 0
 ~Send_P041_MessageLibBaseline2.h
  at file C:\GITHUB\modeling\model\Scade\System\MEN_Demonstrator\KCG-MEN\Send_P041_MessageLibBaseline2.h, line 0, character 0
 ~Write_P041_TM_trackside.h
  at file C:\GITHUB\modeling\model\Scade\System\MEN_Demonstrator\KCG-MEN\Write_P041_TM_trackside.h, line 0, character 0
 ~C_P041_tracksim_compr_TM_conversions.h
  at file C:\GITHUB\modeling\model\Scade\System\MEN_Demonstrator\KCG-MEN\C_P041_tracksim_compr_TM_conversions.h, line 0, character 0
 ~C_P041_flatten_sections_TM_lib_internal.h
  at file C:\GITHUB\modeling\model\Scade\System\MEN_Demonstrator\KCG-MEN\C_P041_flatten_sections_TM_lib_internal.h, line 0, character 0
 ~C_P041_fs_struct_to_array_TM_lib_internal.h
  at file C:\GITHUB\modeling\model\Scade\System\MEN_Demonstrator\KCG-MEN\C_P041_fs_struct_to_array_TM_lib_internal.h, line 0, character 0
 ~C_P041_fs_flatten_array_TM_lib_internal.h
  at file C:\GITHUB\modeling\model\Scade\System\MEN_Demonstrator\KCG-MEN\C_P041_fs_flatten_array_TM_lib_internal.h, line 0, character 0
 ~Send_P005_MessageLibBaseline2.h
  at file C:\GITHUB\modeling\model\Scade\System\MEN_Demonstrator\KCG-MEN\Send_P005_MessageLibBaseline2.h, line 0, character 0
 ~Write_P005_TM_trackside.h
  at file C:\GITHUB\modeling\model\Scade\System\MEN_Demonstrator\KCG-MEN\Write_P005_TM_trackside.h, line 0, character 0
 ~C_P005_tracksim_compr_TM_conversions.h
  at file C:\GITHUB\modeling\model\Scade\System\MEN_Demonstrator\KCG-MEN\C_P005_tracksim_compr_TM_conversions.h, line 0, character 0
 ~C_P005_flatten_sections_TM_lib_internal.h
  at file C:\GITHUB\modeling\model\Scade\System\MEN_Demonstrator\KCG-MEN\C_P005_flatten_sections_TM_lib_internal.h, line 0, character 0
 ~C_P005_fs_struct_to_array_TM_lib_internal.h
  at file C:\GITHUB\modeling\model\Scade\System\MEN_Demonstrator\KCG-MEN\C_P005_fs_struct_to_array_TM_lib_internal.h, line 0, character 0
 ~C_P005_fs_flatten_array_TM_lib_internal.h
  at file C:\GITHUB\modeling\model\Scade\System\MEN_Demonstrator\KCG-MEN\C_P005_fs_flatten_array_TM_lib_internal.h, line 0, character 0
 ~Send_P003V1_MessageLibBaseline2.h
  at file C:\GITHUB\modeling\model\Scade\System\MEN_Demonstrator\KCG-MEN\Send_P003V1_MessageLibBaseline2.h, line 0, character 0
 ~Write_P003V1_TM_trackside_baseline2.h
  at file C:\GITHUB\modeling\model\Scade\System\MEN_Demonstrator\KCG-MEN\Write_P003V1_TM_trackside_baseline2.h, line 0, character 0
 ~C_P003V1_tracksim_compr_TM_conversions_baseline2.h
  at file C:\GITHUB\modeling\model\Scade\System\MEN_Demonstrator\KCG-MEN\C_P003V1_tracksim_compr_TM_conversions_baseline2.h, line 0, character 0
 ~Send_P027V1_MessageLibBaseline2.h
  at file C:\GITHUB\modeling\model\Scade\System\MEN_Demonstrator\KCG-MEN\Send_P027V1_MessageLibBaseline2.h, line 0, character 0
 ~Write_P027V1_TM_trackside_baseline2.h
  at file C:\GITHUB\modeling\model\Scade\System\MEN_Demonstrator\KCG-MEN\Write_P027V1_TM_trackside_baseline2.h, line 0, character 0
 ~C_P027V1_tracksim_merge_sections_TM_conversions_baseline2.h
  at file C:\GITHUB\modeling\model\Scade\System\MEN_Demonstrator\KCG-MEN\C_P027V1_tracksim_merge_sections_TM_conversions_baseline2.h, line 0, character 0
 ~C_P027V1_tracksim_compr_one_section_TM_conversions_baseline2.h
  at file C:\GITHUB\modeling\model\Scade\System\MEN_Demonstrator\KCG-MEN\C_P027V1_tracksim_compr_one_section_TM_conversions_baseline2.h, line 0, character 0
 ~C_P027_flatten_sections_qdiff_TM_lib_internal.h
  at file C:\GITHUB\modeling\model\Scade\System\MEN_Demonstrator\KCG-MEN\C_P027_flatten_sections_qdiff_TM_lib_internal.h, line 0, character 0
 ~C_P027V1_fs_struct_to_array_qdiff_TM_lib_internal.h
  at file C:\GITHUB\modeling\model\Scade\System\MEN_Demonstrator\KCG-MEN\C_P027V1_fs_struct_to_array_qdiff_TM_lib_internal.h, line 0, character 0
 ~C_P027V1_fs_flatten_array_qdiff_TM_lib_internal.h
  at file C:\GITHUB\modeling\model\Scade\System\MEN_Demonstrator\KCG-MEN\C_P027V1_fs_flatten_array_qdiff_TM_lib_internal.h, line 0, character 0
 ~C_P027V1_tracksim_compr_body_TM_conversions_baseline2.h
  at file C:\GITHUB\modeling\model\Scade\System\MEN_Demonstrator\KCG-MEN\C_P027V1_tracksim_compr_body_TM_conversions_baseline2.h, line 0, character 0
 ~SEND_WriteMessageHeader_TM_lib_internal.h
  at file C:\GITHUB\modeling\model\Scade\System\MEN_Demonstrator\KCG-MEN\SEND_WriteMessageHeader_TM_lib_internal.h, line 0, character 0
 ~Send_P021_MessageLibBaseline2.h
  at file C:\GITHUB\modeling\model\Scade\System\MEN_Demonstrator\KCG-MEN\Send_P021_MessageLibBaseline2.h, line 0, character 0
 ~Write_P021_TM_trackside.h
  at file C:\GITHUB\modeling\model\Scade\System\MEN_Demonstrator\KCG-MEN\Write_P021_TM_trackside.h, line 0, character 0
 ~C_P021_tracksim_compr_TM_conversions.h
  at file C:\GITHUB\modeling\model\Scade\System\MEN_Demonstrator\KCG-MEN\C_P021_tracksim_compr_TM_conversions.h, line 0, character 0
 ~T_Build_Metadata_Packet_ID_TM_lib_internal.h
  at file C:\GITHUB\modeling\model\Scade\System\MEN_Demonstrator\KCG-MEN\T_Build_Metadata_Packet_ID_TM_lib_internal.h, line 0, character 0
 ~C_P021_flatten_sections_TM_lib_internal.h
  at file C:\GITHUB\modeling\model\Scade\System\MEN_Demonstrator\KCG-MEN\C_P021_flatten_sections_TM_lib_internal.h, line 0, character 0
 ~C_P021_fs_struct_to_array_TM_lib_internal.h
  at file C:\GITHUB\modeling\model\Scade\System\MEN_Demonstrator\KCG-MEN\C_P021_fs_struct_to_array_TM_lib_internal.h, line 0, character 0
 ~C_P021_fs_flatten_array_TM_lib_internal.h
  at file C:\GITHUB\modeling\model\Scade\System\MEN_Demonstrator\KCG-MEN\C_P021_fs_flatten_array_TM_lib_internal.h, line 0, character 0
 ~T_DeterminePacketSizeInt_TM_lib_internal.h
  at file C:\GITHUB\modeling\model\Scade\System\MEN_Demonstrator\KCG-MEN\T_DeterminePacketSizeInt_TM_lib_internal.h, line 0, character 0
 ~SEND_MessageData_TM_lib_internal.h
  at file C:\GITHUB\modeling\model\Scade\System\MEN_Demonstrator\KCG-MEN\SEND_MessageData_TM_lib_internal.h, line 0, character 0
 ~SEND_WriteBaliseDataElement_TM_lib_internal.h
  at file C:\GITHUB\modeling\model\Scade\System\MEN_Demonstrator\KCG-MEN\SEND_WriteBaliseDataElement_TM_lib_internal.h, line 0, character 0
 ~SEND_WriteBaliseMessageHeader_TM_lib_internal.h
  at file C:\GITHUB\modeling\model\Scade\System\MEN_Demonstrator\KCG-MEN\SEND_WriteBaliseMessageHeader_TM_lib_internal.h, line 0, character 0
 ~SEND_FindSlot_TM_lib_internal.h
  at file C:\GITHUB\modeling\model\Scade\System\MEN_Demonstrator\KCG-MEN\SEND_FindSlot_TM_lib_internal.h, line 0, character 0
 ~Read_M157_TM_radio_messages_trackside.h
  at file C:\GITHUB\modeling\model\Scade\System\MEN_Demonstrator\KCG-MEN\Read_M157_TM_radio_messages_trackside.h, line 0, character 0
 ~C_compr_P044_TM_TrainToTrack.h
  at file C:\GITHUB\modeling\model\Scade\System\MEN_Demonstrator\KCG-MEN\C_compr_P044_TM_TrainToTrack.h, line 0, character 0
 ~C_compr_P005_TM_TrainToTrack.h
  at file C:\GITHUB\modeling\model\Scade\System\MEN_Demonstrator\KCG-MEN\C_compr_P005_TM_TrainToTrack.h, line 0, character 0
 ~CAST_Int_to_NID_OPERATIONAL_TM_conversions.h
  at file C:\GITHUB\modeling\model\Scade\System\MEN_Demonstrator\KCG-MEN\CAST_Int_to_NID_OPERATIONAL_TM_conversions.h, line 0, character 0
 ~C_compr_P004_TM_TrainToTrack.h
  at file C:\GITHUB\modeling\model\Scade\System\MEN_Demonstrator\KCG-MEN\C_compr_P004_TM_TrainToTrack.h, line 0, character 0
 ~CAST_Int_to_M_ERROR_TM_conversions.h
  at file C:\GITHUB\modeling\model\Scade\System\MEN_Demonstrator\KCG-MEN\CAST_Int_to_M_ERROR_TM_conversions.h, line 0, character 0
 ~C_compr_P000_TM_TrainToTrack.h
  at file C:\GITHUB\modeling\model\Scade\System\MEN_Demonstrator\KCG-MEN\C_compr_P000_TM_TrainToTrack.h, line 0, character 0
 ~C_compr_P001_TM_TrainToTrack.h
  at file C:\GITHUB\modeling\model\Scade\System\MEN_Demonstrator\KCG-MEN\C_compr_P001_TM_TrainToTrack.h, line 0, character 0
 ~CAST_Int_to_NID_PRVLRBG_TM_conversions.h
  at file C:\GITHUB\modeling\model\Scade\System\MEN_Demonstrator\KCG-MEN\CAST_Int_to_NID_PRVLRBG_TM_conversions.h, line 0, character 0
 ~CAST_Int_to_D_LRBG_TM_conversions.h
  at file C:\GITHUB\modeling\model\Scade\System\MEN_Demonstrator\KCG-MEN\CAST_Int_to_D_LRBG_TM_conversions.h, line 0, character 0
 ~Filter_Variable_TM_TrainToTrack.h
  at file C:\GITHUB\modeling\model\Scade\System\MEN_Demonstrator\KCG-MEN\Filter_Variable_TM_TrainToTrack.h, line 0, character 0
 ~Decode_NID_PACKET_TM_TrainToTrack.h
  at file C:\GITHUB\modeling\model\Scade\System\MEN_Demonstrator\KCG-MEN\Decode_NID_PACKET_TM_TrainToTrack.h, line 0, character 0
 ~CAST_Int_to_NID_NTC_TM_conversions.h
  at file C:\GITHUB\modeling\model\Scade\System\MEN_Demonstrator\KCG-MEN\CAST_Int_to_NID_NTC_TM_conversions.h, line 0, character 0
 ~CAST_Int_to_M_LEVEL_TM_conversions.h
  at file C:\GITHUB\modeling\model\Scade\System\MEN_Demonstrator\KCG-MEN\CAST_Int_to_M_LEVEL_TM_conversions.h, line 0, character 0
 ~CAST_Int_to_M_MODE_TM_conversions.h
  at file C:\GITHUB\modeling\model\Scade\System\MEN_Demonstrator\KCG-MEN\CAST_Int_to_M_MODE_TM_conversions.h, line 0, character 0
 ~CAST_Int_to_Q_DIRTRAIN_TM_conversions.h
  at file C:\GITHUB\modeling\model\Scade\System\MEN_Demonstrator\KCG-MEN\CAST_Int_to_Q_DIRTRAIN_TM_conversions.h, line 0, character 0
 ~CAST_Int_to_V_TRAIN_TM_conversions.h
  at file C:\GITHUB\modeling\model\Scade\System\MEN_Demonstrator\KCG-MEN\CAST_Int_to_V_TRAIN_TM_conversions.h, line 0, character 0
 ~CAST_Int_to_L_TRAININT_TM_conversions.h
  at file C:\GITHUB\modeling\model\Scade\System\MEN_Demonstrator\KCG-MEN\CAST_Int_to_L_TRAININT_TM_conversions.h, line 0, character 0
 ~CAST_Int_to_Q_LENGTH_TM_conversions.h
  at file C:\GITHUB\modeling\model\Scade\System\MEN_Demonstrator\KCG-MEN\CAST_Int_to_Q_LENGTH_TM_conversions.h, line 0, character 0
 ~CAST_Int_to_L_DOUBTUNDER_TM_conversions.h
  at file C:\GITHUB\modeling\model\Scade\System\MEN_Demonstrator\KCG-MEN\CAST_Int_to_L_DOUBTUNDER_TM_conversions.h, line 0, character 0
 ~CAST_Int_to_L_DOUBTOVER_TM_conversions.h
  at file C:\GITHUB\modeling\model\Scade\System\MEN_Demonstrator\KCG-MEN\CAST_Int_to_L_DOUBTOVER_TM_conversions.h, line 0, character 0
 ~CAST_Int_to_Q_DRLRBG_TM_conversions.h
  at file C:\GITHUB\modeling\model\Scade\System\MEN_Demonstrator\KCG-MEN\CAST_Int_to_Q_DRLRBG_TM_conversions.h, line 0, character 0
 ~CAST_Int_to_Q_DIRLRBG_TM_conversions.h
  at file C:\GITHUB\modeling\model\Scade\System\MEN_Demonstrator\KCG-MEN\CAST_Int_to_Q_DIRLRBG_TM_conversions.h, line 0, character 0
 ~CAST_Int_to_NID_LRBG_TM_conversions.h
  at file C:\GITHUB\modeling\model\Scade\System\MEN_Demonstrator\KCG-MEN\CAST_Int_to_NID_LRBG_TM_conversions.h, line 0, character 0
 ~C_header_to_M157_TM_RBC_conversions.h
  at file C:\GITHUB\modeling\model\Scade\System\MEN_Demonstrator\KCG-MEN\C_header_to_M157_TM_RBC_conversions.h, line 0, character 0
 ~CAST_Int_to_T_TRAIN_TM_conversions.h
  at file C:\GITHUB\modeling\model\Scade\System\MEN_Demonstrator\KCG-MEN\CAST_Int_to_T_TRAIN_TM_conversions.h, line 0, character 0
 ~CAST_Int_to_NID_ENGINE_TM_conversions.h
  at file C:\GITHUB\modeling\model\Scade\System\MEN_Demonstrator\KCG-MEN\CAST_Int_to_NID_ENGINE_TM_conversions.h, line 0, character 0
 ~CAST_Int_to_L_MESSAGE_TM_conversions.h
  at file C:\GITHUB\modeling\model\Scade\System\MEN_Demonstrator\KCG-MEN\CAST_Int_to_L_MESSAGE_TM_conversions.h, line 0, character 0
 ~CAST_Int_to_NID_MESSAGE_TM_conversions.h
  at file C:\GITHUB\modeling\model\Scade\System\MEN_Demonstrator\KCG-MEN\CAST_Int_to_NID_MESSAGE_TM_conversions.h, line 0, character 0
 ~CAST_Int_to_Q_STATUS_TM_conversions.h
  at file C:\GITHUB\modeling\model\Scade\System\MEN_Demonstrator\KCG-MEN\CAST_Int_to_Q_STATUS_TM_conversions.h, line 0, character 0
 ~kcg_types.h
  at file C:\GITHUB\modeling\model\Scade\System\MEN_Demonstrator\KCG-MEN\kcg_types.h, line 0, character 0
 ~kcg_consts.h
  at file C:\GITHUB\modeling\model\Scade\System\MEN_Demonstrator\KCG-MEN\kcg_consts.h, line 0, character 0
 ~kcg_sensors.h
  at file C:\GITHUB\modeling\model\Scade\System\MEN_Demonstrator\KCG-MEN\kcg_sensors.h, line 0, character 0
 ~kcg_types.c
  at file C:\GITHUB\modeling\model\Scade\System\MEN_Demonstrator\KCG-MEN\kcg_types.c, line 0, character 0
 ~kcg_consts.c
  at file C:\GITHUB\modeling\model\Scade\System\MEN_Demonstrator\KCG-MEN\kcg_consts.c, line 0, character 0
*** Generated Files Information (GENFIL): Code Generator Generated files
 ~user_macros.h
  at file C:\GITHUB\modeling\model\Scade\System\MEN_Demonstrator\KCG-MEN\user_macros.h, line 0, character 0
 ~kcg_imported_types.h
  at file C:\GITHUB\modeling\model\Scade\System\MEN_Demonstrator\KCG-MEN\kcg_imported_types.h, line 0, character 0
 ~sc2c.log
  at file C:\GITHUB\modeling\model\Scade\System\MEN_Demonstrator\KCG-MEN\sc2c.log, line 0, character 0
 ~sc2c_integration_files.txt
  at file C:\GITHUB\modeling\model\Scade\System\MEN_Demonstrator\KCG-MEN\sc2c_integration_files.txt, line 0, character 0
$**************  SCADETOC Version R16.1 (build i4) **************
** Generation date: 2015-10-19T12:21:37
** sc2c.log
*************************************************************$
