$**************  SCADETOC Version R16.1 (build i4) **************
** Generation date: 2015-11-16T17:06:32
** Command: scade -code "C:\GITHUB\modeling\model\Scade\System\ObuFunctions\ETCS_Messaging\TrackMessages\TrackMessages.etp" -root TM_API::SEND_MergePackets -conf KCG-ERSA
*************************************************************$
*** Generated Files Information (GENFIL): KCG- Generated files
 ~kcg.log
  at file C:\GITHUB\modeling\model\Scade\System\ObuFunctions\ETCS_Messaging\TrackMessages\KCG-ERSA\additional_packets\kcg.log, line 0, character 0
 ~kcg_s2c_config.txt
  at file C:\GITHUB\modeling\model\Scade\System\ObuFunctions\ETCS_Messaging\TrackMessages\KCG-ERSA\additional_packets\kcg_s2c_config.txt, line 0, character 0
 ~kcg_trace.xml
  at file C:\GITHUB\modeling\model\Scade\System\ObuFunctions\ETCS_Messaging\TrackMessages\KCG-ERSA\additional_packets\kcg_trace.xml, line 0, character 0
 ~kcg_metrics.txt
  at file C:\GITHUB\modeling\model\Scade\System\ObuFunctions\ETCS_Messaging\TrackMessages\KCG-ERSA\additional_packets\kcg_metrics.txt, line 0, character 0
 ~SEND_MergePackets_TM_API.c
  at file C:\GITHUB\modeling\model\Scade\System\ObuFunctions\ETCS_Messaging\TrackMessages\KCG-ERSA\additional_packets\SEND_MergePackets_TM_API.c, line 0, character 0
 ~SEND_MergePackets_TM_API.h
  at file C:\GITHUB\modeling\model\Scade\System\ObuFunctions\ETCS_Messaging\TrackMessages\KCG-ERSA\additional_packets\SEND_MergePackets_TM_API.h, line 0, character 0
 ~kcg_types.h
  at file C:\GITHUB\modeling\model\Scade\System\ObuFunctions\ETCS_Messaging\TrackMessages\KCG-ERSA\additional_packets\kcg_types.h, line 0, character 0
 ~kcg_consts.h
  at file C:\GITHUB\modeling\model\Scade\System\ObuFunctions\ETCS_Messaging\TrackMessages\KCG-ERSA\additional_packets\kcg_consts.h, line 0, character 0
 ~kcg_sensors.h
  at file C:\GITHUB\modeling\model\Scade\System\ObuFunctions\ETCS_Messaging\TrackMessages\KCG-ERSA\additional_packets\kcg_sensors.h, line 0, character 0
 ~kcg_types.c
  at file C:\GITHUB\modeling\model\Scade\System\ObuFunctions\ETCS_Messaging\TrackMessages\KCG-ERSA\additional_packets\kcg_types.c, line 0, character 0
 ~kcg_consts.c
  at file C:\GITHUB\modeling\model\Scade\System\ObuFunctions\ETCS_Messaging\TrackMessages\KCG-ERSA\additional_packets\kcg_consts.c, line 0, character 0
*** Generated Files Information (GENFIL): Code Generator Generated files
 ~user_macros.h
  at file C:\GITHUB\modeling\model\Scade\System\ObuFunctions\ETCS_Messaging\TrackMessages\KCG-ERSA\additional_packets\user_macros.h, line 0, character 0
 ~kcg_imported_types.h
  at file C:\GITHUB\modeling\model\Scade\System\ObuFunctions\ETCS_Messaging\TrackMessages\KCG-ERSA\additional_packets\kcg_imported_types.h, line 0, character 0
 ~sc2c.log
  at file C:\GITHUB\modeling\model\Scade\System\ObuFunctions\ETCS_Messaging\TrackMessages\KCG-ERSA\additional_packets\sc2c.log, line 0, character 0
 ~sc2c_integration_files.txt
  at file C:\GITHUB\modeling\model\Scade\System\ObuFunctions\ETCS_Messaging\TrackMessages\KCG-ERSA\additional_packets\sc2c_integration_files.txt, line 0, character 0
$**************  SCADETOC Version R16.1 (build i4) **************
** Generation date: 2015-11-16T17:06:43
** sc2c.log
*************************************************************$
