$**************  SCADETOC Version R16.1 (build i4) **************
** Generation date: 2015-11-16T11:27:41
** Command: scade -code "C:\GITHUB\modeling\model\Scade\System\TracksideDynamicModel\TestTracks\UtrechtAmsterdam_oETCS\UtrechtAmsterdam_oETCS.etp" -root API_Examples::Send_message_003 -conf KCG-ERSA
*************************************************************$
*** Generated Files Information (GENFIL): KCG- Generated files
 ~kcg.log
  at file C:\GITHUB\modeling\model\Scade\System\TracksideDynamicModel\TestTracks\UtrechtAmsterdam_oETCS\KCG-ERSA\M003\kcg.log, line 0, character 0
 ~kcg_s2c_config.txt
  at file C:\GITHUB\modeling\model\Scade\System\TracksideDynamicModel\TestTracks\UtrechtAmsterdam_oETCS\KCG-ERSA\M003\kcg_s2c_config.txt, line 0, character 0
 ~kcg_trace.xml
  at file C:\GITHUB\modeling\model\Scade\System\TracksideDynamicModel\TestTracks\UtrechtAmsterdam_oETCS\KCG-ERSA\M003\kcg_trace.xml, line 0, character 0
 ~kcg_metrics.txt
  at file C:\GITHUB\modeling\model\Scade\System\TracksideDynamicModel\TestTracks\UtrechtAmsterdam_oETCS\KCG-ERSA\M003\kcg_metrics.txt, line 0, character 0
 ~Send_message_003_API_Examples.c
  at file C:\GITHUB\modeling\model\Scade\System\TracksideDynamicModel\TestTracks\UtrechtAmsterdam_oETCS\KCG-ERSA\M003\Send_message_003_API_Examples.c, line 0, character 0
 ~Send_message_003_API_Examples.h
  at file C:\GITHUB\modeling\model\Scade\System\TracksideDynamicModel\TestTracks\UtrechtAmsterdam_oETCS\KCG-ERSA\M003\Send_message_003_API_Examples.h, line 0, character 0
 ~kcg_types.h
  at file C:\GITHUB\modeling\model\Scade\System\TracksideDynamicModel\TestTracks\UtrechtAmsterdam_oETCS\KCG-ERSA\M003\kcg_types.h, line 0, character 0
 ~kcg_consts.h
  at file C:\GITHUB\modeling\model\Scade\System\TracksideDynamicModel\TestTracks\UtrechtAmsterdam_oETCS\KCG-ERSA\M003\kcg_consts.h, line 0, character 0
 ~kcg_sensors.h
  at file C:\GITHUB\modeling\model\Scade\System\TracksideDynamicModel\TestTracks\UtrechtAmsterdam_oETCS\KCG-ERSA\M003\kcg_sensors.h, line 0, character 0
 ~kcg_types.c
  at file C:\GITHUB\modeling\model\Scade\System\TracksideDynamicModel\TestTracks\UtrechtAmsterdam_oETCS\KCG-ERSA\M003\kcg_types.c, line 0, character 0
 ~kcg_consts.c
  at file C:\GITHUB\modeling\model\Scade\System\TracksideDynamicModel\TestTracks\UtrechtAmsterdam_oETCS\KCG-ERSA\M003\kcg_consts.c, line 0, character 0
*** Generated Files Information (GENFIL): Code Generator Generated files
 ~user_macros.h
  at file C:\GITHUB\modeling\model\Scade\System\TracksideDynamicModel\TestTracks\UtrechtAmsterdam_oETCS\KCG-ERSA\M003\user_macros.h, line 0, character 0
 ~kcg_imported_types.h
  at file C:\GITHUB\modeling\model\Scade\System\TracksideDynamicModel\TestTracks\UtrechtAmsterdam_oETCS\KCG-ERSA\M003\kcg_imported_types.h, line 0, character 0
 ~sc2c.log
  at file C:\GITHUB\modeling\model\Scade\System\TracksideDynamicModel\TestTracks\UtrechtAmsterdam_oETCS\KCG-ERSA\M003\sc2c.log, line 0, character 0
 ~sc2c_integration_files.txt
  at file C:\GITHUB\modeling\model\Scade\System\TracksideDynamicModel\TestTracks\UtrechtAmsterdam_oETCS\KCG-ERSA\M003\sc2c_integration_files.txt, line 0, character 0
$**************  SCADETOC Version R16.1 (build i4) **************
** Generation date: 2015-11-16T11:28:18
** sc2c.log
*************************************************************$
