$**************  SCADETOC Version R16.1 (build i4) **************
** Generation date: 2015-10-19T14:37:31
** Command: scade -code "C:\GITHUB\modeling\model\Scade\System\MEN_demonstrator\MEN_Demonstrator.etp" -root Train -conf KCG-MEN
*************************************************************$
*** Generated Files Information (GENFIL): KCG- Generated files
 ~kcg.log
  at file C:\GITHUB\modeling\model\Scade\System\MEN_demonstrator\KCG-MEN\kcg.log, line 0, character 0
 ~kcg_s2c_config.txt
  at file C:\GITHUB\modeling\model\Scade\System\MEN_demonstrator\KCG-MEN\kcg_s2c_config.txt, line 0, character 0
 ~kcg_trace.xml
  at file C:\GITHUB\modeling\model\Scade\System\MEN_demonstrator\KCG-MEN\kcg_trace.xml, line 0, character 0
 ~kcg_metrics.txt
  at file C:\GITHUB\modeling\model\Scade\System\MEN_demonstrator\KCG-MEN\kcg_metrics.txt, line 0, character 0
 ~Train.c
  at file C:\GITHUB\modeling\model\Scade\System\MEN_demonstrator\KCG-MEN\Train.c, line 0, character 0
 ~compressed_to_Radio_Track_Train_H_TM_RBC_conversions_legacy.c
  at file C:\GITHUB\modeling\model\Scade\System\MEN_demonstrator\KCG-MEN\compressed_to_Radio_Track_Train_H_TM_RBC_conversions_legacy.c, line 0, character 0
 ~M028_to_Radio_Track_Train_H_TM_RBC_conversions_legacy.c
  at file C:\GITHUB\modeling\model\Scade\System\MEN_demonstrator\KCG-MEN\M028_to_Radio_Track_Train_H_TM_RBC_conversions_legacy.c, line 0, character 0
 ~C_header_to_M028_TM_RBC_conversions.c
  at file C:\GITHUB\modeling\model\Scade\System\MEN_demonstrator\KCG-MEN\C_header_to_M028_TM_RBC_conversions.c, line 0, character 0
 ~M032_to_Radio_Track_Train_H_TM_RBC_conversions_legacy.c
  at file C:\GITHUB\modeling\model\Scade\System\MEN_demonstrator\KCG-MEN\M032_to_Radio_Track_Train_H_TM_RBC_conversions_legacy.c, line 0, character 0
 ~C_header_to_M032_TM_RBC_conversions.c
  at file C:\GITHUB\modeling\model\Scade\System\MEN_demonstrator\KCG-MEN\C_header_to_M032_TM_RBC_conversions.c, line 0, character 0
 ~CAST_Int_to_M_VERSION_TM_conversions.c
  at file C:\GITHUB\modeling\model\Scade\System\MEN_demonstrator\KCG-MEN\CAST_Int_to_M_VERSION_TM_conversions.c, line 0, character 0
 ~C_header_to_M033_TM_RBC_conversions.c
  at file C:\GITHUB\modeling\model\Scade\System\MEN_demonstrator\KCG-MEN\C_header_to_M033_TM_RBC_conversions.c, line 0, character 0
 ~M033_to_Radio_Track_Train_H_TM_RBC_conversions_legacy.c
  at file C:\GITHUB\modeling\model\Scade\System\MEN_demonstrator\KCG-MEN\M033_to_Radio_Track_Train_H_TM_RBC_conversions_legacy.c, line 0, character 0
 ~C_header_to_M034_TM_RBC_conversions.c
  at file C:\GITHUB\modeling\model\Scade\System\MEN_demonstrator\KCG-MEN\C_header_to_M034_TM_RBC_conversions.c, line 0, character 0
 ~CAST_Int_to_D_TAFDISPLAY_TM_conversions.c
  at file C:\GITHUB\modeling\model\Scade\System\MEN_demonstrator\KCG-MEN\CAST_Int_to_D_TAFDISPLAY_TM_conversions.c, line 0, character 0
 ~CAST_Int_to_L_TAFDISPLAY_TM_conversions.c
  at file C:\GITHUB\modeling\model\Scade\System\MEN_demonstrator\KCG-MEN\CAST_Int_to_L_TAFDISPLAY_TM_conversions.c, line 0, character 0
 ~M034_to_Radio_Track_Train_H_TM_RBC_conversions_legacy.c
  at file C:\GITHUB\modeling\model\Scade\System\MEN_demonstrator\KCG-MEN\M034_to_Radio_Track_Train_H_TM_RBC_conversions_legacy.c, line 0, character 0
 ~C_header_to_M038_TM_RBC_conversions.c
  at file C:\GITHUB\modeling\model\Scade\System\MEN_demonstrator\KCG-MEN\C_header_to_M038_TM_RBC_conversions.c, line 0, character 0
 ~M038_to_Radio_Track_Train_H_TM_RBC_conversions_legacy.c
  at file C:\GITHUB\modeling\model\Scade\System\MEN_demonstrator\KCG-MEN\M038_to_Radio_Track_Train_H_TM_RBC_conversions_legacy.c, line 0, character 0
 ~C_header_to_M039_TM_RBC_conversions.c
  at file C:\GITHUB\modeling\model\Scade\System\MEN_demonstrator\KCG-MEN\C_header_to_M039_TM_RBC_conversions.c, line 0, character 0
 ~M039_to_Radio_Track_Train_H_TM_RBC_conversions_legacy.c
  at file C:\GITHUB\modeling\model\Scade\System\MEN_demonstrator\KCG-MEN\M039_to_Radio_Track_Train_H_TM_RBC_conversions_legacy.c, line 0, character 0
 ~M040_to_Radio_Track_Train_H_TM_RBC_conversions_legacy.c
  at file C:\GITHUB\modeling\model\Scade\System\MEN_demonstrator\KCG-MEN\M040_to_Radio_Track_Train_H_TM_RBC_conversions_legacy.c, line 0, character 0
 ~C_header_to_M040_TM_RBC_conversions.c
  at file C:\GITHUB\modeling\model\Scade\System\MEN_demonstrator\KCG-MEN\C_header_to_M040_TM_RBC_conversions.c, line 0, character 0
 ~M041_to_Radio_Track_Train_H_TM_RBC_conversions_legacy.c
  at file C:\GITHUB\modeling\model\Scade\System\MEN_demonstrator\KCG-MEN\M041_to_Radio_Track_Train_H_TM_RBC_conversions_legacy.c, line 0, character 0
 ~C_header_to_M041_TM_RBC_conversions.c
  at file C:\GITHUB\modeling\model\Scade\System\MEN_demonstrator\KCG-MEN\C_header_to_M041_TM_RBC_conversions.c, line 0, character 0
 ~C_header_to_M043_TM_RBC_conversions.c
  at file C:\GITHUB\modeling\model\Scade\System\MEN_demonstrator\KCG-MEN\C_header_to_M043_TM_RBC_conversions.c, line 0, character 0
 ~M043_to_Radio_Track_Train_H_TM_RBC_conversions_legacy.c
  at file C:\GITHUB\modeling\model\Scade\System\MEN_demonstrator\KCG-MEN\M043_to_Radio_Track_Train_H_TM_RBC_conversions_legacy.c, line 0, character 0
 ~C_header_to_M045_TM_RBC_conversions.c
  at file C:\GITHUB\modeling\model\Scade\System\MEN_demonstrator\KCG-MEN\C_header_to_M045_TM_RBC_conversions.c, line 0, character 0
 ~CAST_Int_to_Q_ORIENTATION_TM_conversions.c
  at file C:\GITHUB\modeling\model\Scade\System\MEN_demonstrator\KCG-MEN\CAST_Int_to_Q_ORIENTATION_TM_conversions.c, line 0, character 0
 ~M045_to_Radio_Track_Train_H_TM_RBC_conversions_legacy.c
  at file C:\GITHUB\modeling\model\Scade\System\MEN_demonstrator\KCG-MEN\M045_to_Radio_Track_Train_H_TM_RBC_conversions_legacy.c, line 0, character 0
 ~M002_to_Radio_Track_Train_H_TM_RBC_conversions_legacy.c
  at file C:\GITHUB\modeling\model\Scade\System\MEN_demonstrator\KCG-MEN\M002_to_Radio_Track_Train_H_TM_RBC_conversions_legacy.c, line 0, character 0
 ~C_header_to_M002_TM_RBC_conversions.c
  at file C:\GITHUB\modeling\model\Scade\System\MEN_demonstrator\KCG-MEN\C_header_to_M002_TM_RBC_conversions.c, line 0, character 0
 ~CAST_Int_to_D_SR_TM_conversions.c
  at file C:\GITHUB\modeling\model\Scade\System\MEN_demonstrator\KCG-MEN\CAST_Int_to_D_SR_TM_conversions.c, line 0, character 0
 ~C_header_to_M003_TM_RBC_conversions.c
  at file C:\GITHUB\modeling\model\Scade\System\MEN_demonstrator\KCG-MEN\C_header_to_M003_TM_RBC_conversions.c, line 0, character 0
 ~M003_to_Radio_Track_Train_H_TM_RBC_conversions_legacy.c
  at file C:\GITHUB\modeling\model\Scade\System\MEN_demonstrator\KCG-MEN\M003_to_Radio_Track_Train_H_TM_RBC_conversions_legacy.c, line 0, character 0
 ~C_header_to_M006_TM_RBC_conversions.c
  at file C:\GITHUB\modeling\model\Scade\System\MEN_demonstrator\KCG-MEN\C_header_to_M006_TM_RBC_conversions.c, line 0, character 0
 ~M006_to_Radio_Track_Train_H_TM_RBC_conversions_legacy.c
  at file C:\GITHUB\modeling\model\Scade\System\MEN_demonstrator\KCG-MEN\M006_to_Radio_Track_Train_H_TM_RBC_conversions_legacy.c, line 0, character 0
 ~C_header_to_M008_TM_RBC_conversions.c
  at file C:\GITHUB\modeling\model\Scade\System\MEN_demonstrator\KCG-MEN\C_header_to_M008_TM_RBC_conversions.c, line 0, character 0
 ~M008_to_Radio_Track_Train_H_TM_RBC_conversions_legacy.c
  at file C:\GITHUB\modeling\model\Scade\System\MEN_demonstrator\KCG-MEN\M008_to_Radio_Track_Train_H_TM_RBC_conversions_legacy.c, line 0, character 0
 ~C_header_to_M009_TM_RBC_conversions.c
  at file C:\GITHUB\modeling\model\Scade\System\MEN_demonstrator\KCG-MEN\C_header_to_M009_TM_RBC_conversions.c, line 0, character 0
 ~M009_to_Radio_Track_Train_H_TM_RBC_conversions_legacy.c
  at file C:\GITHUB\modeling\model\Scade\System\MEN_demonstrator\KCG-MEN\M009_to_Radio_Track_Train_H_TM_RBC_conversions_legacy.c, line 0, character 0
 ~M015_to_Radio_Track_Train_H_TM_RBC_conversions_legacy.c
  at file C:\GITHUB\modeling\model\Scade\System\MEN_demonstrator\KCG-MEN\M015_to_Radio_Track_Train_H_TM_RBC_conversions_legacy.c, line 0, character 0
 ~C_header_to_M015_TM_RBC_conversions.c
  at file C:\GITHUB\modeling\model\Scade\System\MEN_demonstrator\KCG-MEN\C_header_to_M015_TM_RBC_conversions.c, line 0, character 0
 ~CAST_Int_to_D_EMERGENCYSTOP_TM_conversions.c
  at file C:\GITHUB\modeling\model\Scade\System\MEN_demonstrator\KCG-MEN\CAST_Int_to_D_EMERGENCYSTOP_TM_conversions.c, line 0, character 0
 ~CAST_Int_to_D_REF_TM_conversions.c
  at file C:\GITHUB\modeling\model\Scade\System\MEN_demonstrator\KCG-MEN\CAST_Int_to_D_REF_TM_conversions.c, line 0, character 0
 ~M016_to_Radio_Track_Train_H_TM_RBC_conversions_legacy.c
  at file C:\GITHUB\modeling\model\Scade\System\MEN_demonstrator\KCG-MEN\M016_to_Radio_Track_Train_H_TM_RBC_conversions_legacy.c, line 0, character 0
 ~C_header_to_M016_TM_RBC_conversions.c
  at file C:\GITHUB\modeling\model\Scade\System\MEN_demonstrator\KCG-MEN\C_header_to_M016_TM_RBC_conversions.c, line 0, character 0
 ~C_header_to_M018_TM_RBC_conversions.c
  at file C:\GITHUB\modeling\model\Scade\System\MEN_demonstrator\KCG-MEN\C_header_to_M018_TM_RBC_conversions.c, line 0, character 0
 ~CAST_Int_to_NID_EM_TM_conversions.c
  at file C:\GITHUB\modeling\model\Scade\System\MEN_demonstrator\KCG-MEN\CAST_Int_to_NID_EM_TM_conversions.c, line 0, character 0
 ~M018_to_Radio_Track_Train_H_TM_RBC_conversions_legacy.c
  at file C:\GITHUB\modeling\model\Scade\System\MEN_demonstrator\KCG-MEN\M018_to_Radio_Track_Train_H_TM_RBC_conversions_legacy.c, line 0, character 0
 ~C_header_to_M024_TM_RBC_conversions.c
  at file C:\GITHUB\modeling\model\Scade\System\MEN_demonstrator\KCG-MEN\C_header_to_M024_TM_RBC_conversions.c, line 0, character 0
 ~M024_to_Radio_Track_Train_H_TM_RBC_conversions_legacy.c
  at file C:\GITHUB\modeling\model\Scade\System\MEN_demonstrator\KCG-MEN\M024_to_Radio_Track_Train_H_TM_RBC_conversions_legacy.c, line 0, character 0
 ~C_header_to_M027_TM_RBC_conversions.c
  at file C:\GITHUB\modeling\model\Scade\System\MEN_demonstrator\KCG-MEN\C_header_to_M027_TM_RBC_conversions.c, line 0, character 0
 ~CAST_Int_to_L_MESSAGE_TM_conversions.c
  at file C:\GITHUB\modeling\model\Scade\System\MEN_demonstrator\KCG-MEN\CAST_Int_to_L_MESSAGE_TM_conversions.c, line 0, character 0
 ~CAST_Int_to_NID_MESSAGE_TM_conversions.c
  at file C:\GITHUB\modeling\model\Scade\System\MEN_demonstrator\KCG-MEN\CAST_Int_to_NID_MESSAGE_TM_conversions.c, line 0, character 0
 ~CAST_Int_to_T_TRAIN_TM_conversions.c
  at file C:\GITHUB\modeling\model\Scade\System\MEN_demonstrator\KCG-MEN\CAST_Int_to_T_TRAIN_TM_conversions.c, line 0, character 0
 ~CAST_Int_to_NID_LRBG_TM_conversions.c
  at file C:\GITHUB\modeling\model\Scade\System\MEN_demonstrator\KCG-MEN\CAST_Int_to_NID_LRBG_TM_conversions.c, line 0, character 0
 ~CAST_Int_to_M_ACK_TM_conversions.c
  at file C:\GITHUB\modeling\model\Scade\System\MEN_demonstrator\KCG-MEN\CAST_Int_to_M_ACK_TM_conversions.c, line 0, character 0
 ~M027_to_Radio_Track_Train_H_TM_RBC_conversions_legacy.c
  at file C:\GITHUB\modeling\model\Scade\System\MEN_demonstrator\KCG-MEN\M027_to_Radio_Track_Train_H_TM_RBC_conversions_legacy.c, line 0, character 0
 ~Send_M157_TM_radio_messages.c
  at file C:\GITHUB\modeling\model\Scade\System\MEN_demonstrator\KCG-MEN\Send_M157_TM_radio_messages.c, line 0, character 0
 ~CheckSpace_TM_TrainTrack_Bus.c
  at file C:\GITHUB\modeling\model\Scade\System\MEN_demonstrator\KCG-MEN\CheckSpace_TM_TrainTrack_Bus.c, line 0, character 0
 ~CheckSpaceLoop_TM_TrainTrack_Bus.c
  at file C:\GITHUB\modeling\model\Scade\System\MEN_demonstrator\KCG-MEN\CheckSpaceLoop_TM_TrainTrack_Bus.c, line 0, character 0
 ~BufferMsg_TM_lib_internal.c
  at file C:\GITHUB\modeling\model\Scade\System\MEN_demonstrator\KCG-MEN\BufferMsg_TM_lib_internal.c, line 0, character 0
 ~BufferMsg_read_only_TM_lib_internal.c
  at file C:\GITHUB\modeling\model\Scade\System\MEN_demonstrator\KCG-MEN\BufferMsg_read_only_TM_lib_internal.c, line 0, character 0
 ~BufferMsg_read_write_TM_lib_internal.c
  at file C:\GITHUB\modeling\model\Scade\System\MEN_demonstrator\KCG-MEN\BufferMsg_read_write_TM_lib_internal.c, line 0, character 0
 ~BufferMsg_write_only_TM_lib_internal.c
  at file C:\GITHUB\modeling\model\Scade\System\MEN_demonstrator\KCG-MEN\BufferMsg_write_only_TM_lib_internal.c, line 0, character 0
 ~MergeMessageToBus_TM_TrainTrack_Bus.c
  at file C:\GITHUB\modeling\model\Scade\System\MEN_demonstrator\KCG-MEN\MergeMessageToBus_TM_TrainTrack_Bus.c, line 0, character 0
 ~Merge_PacketsToMessage_TM_TrainToTrack.c
  at file C:\GITHUB\modeling\model\Scade\System\MEN_demonstrator\KCG-MEN\Merge_PacketsToMessage_TM_TrainToTrack.c, line 0, character 0
 ~C_P001_train_compr_TM_TrainToTrack.c
  at file C:\GITHUB\modeling\model\Scade\System\MEN_demonstrator\KCG-MEN\C_P001_train_compr_TM_TrainToTrack.c, line 0, character 0
 ~CAST_NID_PRVLRBG_to_int_TM_conversions.c
  at file C:\GITHUB\modeling\model\Scade\System\MEN_demonstrator\KCG-MEN\CAST_NID_PRVLRBG_to_int_TM_conversions.c, line 0, character 0
 ~C_P000_train_compr_TM_TrainToTrack.c
  at file C:\GITHUB\modeling\model\Scade\System\MEN_demonstrator\KCG-MEN\C_P000_train_compr_TM_TrainToTrack.c, line 0, character 0
 ~CAST_D_LRBG_to_int_TM_conversions.c
  at file C:\GITHUB\modeling\model\Scade\System\MEN_demonstrator\KCG-MEN\CAST_D_LRBG_to_int_TM_conversions.c, line 0, character 0
 ~CAST_NID_NTC_to_int_TM_conversions.c
  at file C:\GITHUB\modeling\model\Scade\System\MEN_demonstrator\KCG-MEN\CAST_NID_NTC_to_int_TM_conversions.c, line 0, character 0
 ~CAST_M_LEVEL_to_int_TM_conversions.c
  at file C:\GITHUB\modeling\model\Scade\System\MEN_demonstrator\KCG-MEN\CAST_M_LEVEL_to_int_TM_conversions.c, line 0, character 0
 ~CAST_M_MODE_to_int_TM_conversions.c
  at file C:\GITHUB\modeling\model\Scade\System\MEN_demonstrator\KCG-MEN\CAST_M_MODE_to_int_TM_conversions.c, line 0, character 0
 ~CAST_Q_DIRTRAIN_to_int_TM_conversions.c
  at file C:\GITHUB\modeling\model\Scade\System\MEN_demonstrator\KCG-MEN\CAST_Q_DIRTRAIN_to_int_TM_conversions.c, line 0, character 0
 ~CAST_V_TRAIN_to_int_TM_conversions.c
  at file C:\GITHUB\modeling\model\Scade\System\MEN_demonstrator\KCG-MEN\CAST_V_TRAIN_to_int_TM_conversions.c, line 0, character 0
 ~CAST_L_TRAININT_to_int_TM_conversions.c
  at file C:\GITHUB\modeling\model\Scade\System\MEN_demonstrator\KCG-MEN\CAST_L_TRAININT_to_int_TM_conversions.c, line 0, character 0
 ~CAST_Q_LENGTH_to_int_TM_conversions.c
  at file C:\GITHUB\modeling\model\Scade\System\MEN_demonstrator\KCG-MEN\CAST_Q_LENGTH_to_int_TM_conversions.c, line 0, character 0
 ~CAST_L_DOUBTUNDER_to_int_TM_conversions.c
  at file C:\GITHUB\modeling\model\Scade\System\MEN_demonstrator\KCG-MEN\CAST_L_DOUBTUNDER_to_int_TM_conversions.c, line 0, character 0
 ~CAST_L_DOUBTOVER_to_int_TM_conversions.c
  at file C:\GITHUB\modeling\model\Scade\System\MEN_demonstrator\KCG-MEN\CAST_L_DOUBTOVER_to_int_TM_conversions.c, line 0, character 0
 ~CAST_Q_DRLRBG_to_int_TM_conversions.c
  at file C:\GITHUB\modeling\model\Scade\System\MEN_demonstrator\KCG-MEN\CAST_Q_DRLRBG_to_int_TM_conversions.c, line 0, character 0
 ~CAST_Q_DIRLRBG_to_int_TM_conversions.c
  at file C:\GITHUB\modeling\model\Scade\System\MEN_demonstrator\KCG-MEN\CAST_Q_DIRLRBG_to_int_TM_conversions.c, line 0, character 0
 ~CAST_NID_LRBG_to_int_TM_conversions.c
  at file C:\GITHUB\modeling\model\Scade\System\MEN_demonstrator\KCG-MEN\CAST_NID_LRBG_to_int_TM_conversions.c, line 0, character 0
 ~CAST_Q_SCALE_to_int_TM_conversions.c
  at file C:\GITHUB\modeling\model\Scade\System\MEN_demonstrator\KCG-MEN\CAST_Q_SCALE_to_int_TM_conversions.c, line 0, character 0
 ~C_M157_to_header_TM_RBC_conversions.c
  at file C:\GITHUB\modeling\model\Scade\System\MEN_demonstrator\KCG-MEN\C_M157_to_header_TM_RBC_conversions.c, line 0, character 0
 ~CAST_T_TRAIN_to_int_TM_conversions.c
  at file C:\GITHUB\modeling\model\Scade\System\MEN_demonstrator\KCG-MEN\CAST_T_TRAIN_to_int_TM_conversions.c, line 0, character 0
 ~CAST_NID_ENGINE_to_int_TM_conversions.c
  at file C:\GITHUB\modeling\model\Scade\System\MEN_demonstrator\KCG-MEN\CAST_NID_ENGINE_to_int_TM_conversions.c, line 0, character 0
 ~CAST_L_MESSAGE_to_int_TM_conversions.c
  at file C:\GITHUB\modeling\model\Scade\System\MEN_demonstrator\KCG-MEN\CAST_L_MESSAGE_to_int_TM_conversions.c, line 0, character 0
 ~CAST_Q_STATUS_to_int_TM_conversions.c
  at file C:\GITHUB\modeling\model\Scade\System\MEN_demonstrator\KCG-MEN\CAST_Q_STATUS_to_int_TM_conversions.c, line 0, character 0
 ~C_P044_train_compr_TM_TrainToTrack.c
  at file C:\GITHUB\modeling\model\Scade\System\MEN_demonstrator\KCG-MEN\C_P044_train_compr_TM_TrainToTrack.c, line 0, character 0
 ~C_P005_train_compr_TM_TrainToTrack.c
  at file C:\GITHUB\modeling\model\Scade\System\MEN_demonstrator\KCG-MEN\C_P005_train_compr_TM_TrainToTrack.c, line 0, character 0
 ~CAST_NID_OPERATIONAL_to_int_TM_conversions.c
  at file C:\GITHUB\modeling\model\Scade\System\MEN_demonstrator\KCG-MEN\CAST_NID_OPERATIONAL_to_int_TM_conversions.c, line 0, character 0
 ~C_P004_train_compr_TM_TrainToTrack.c
  at file C:\GITHUB\modeling\model\Scade\System\MEN_demonstrator\KCG-MEN\C_P004_train_compr_TM_TrainToTrack.c, line 0, character 0
 ~Encode_NID_PACKET_TM_TrainToTrack.c
  at file C:\GITHUB\modeling\model\Scade\System\MEN_demonstrator\KCG-MEN\Encode_NID_PACKET_TM_TrainToTrack.c, line 0, character 0
 ~CAST_M_ERROR_to_int_TM_conversions.c
  at file C:\GITHUB\modeling\model\Scade\System\MEN_demonstrator\KCG-MEN\CAST_M_ERROR_to_int_TM_conversions.c, line 0, character 0
 ~CAST_L_PACKET_to_int_TM_conversions.c
  at file C:\GITHUB\modeling\model\Scade\System\MEN_demonstrator\KCG-MEN\CAST_L_PACKET_to_int_TM_conversions.c, line 0, character 0
 ~CAST_NID_PACKET_to_int_TM_conversions.c
  at file C:\GITHUB\modeling\model\Scade\System\MEN_demonstrator\KCG-MEN\CAST_NID_PACKET_to_int_TM_conversions.c, line 0, character 0
 ~Read_P003V1_TM_baseline2.c
  at file C:\GITHUB\modeling\model\Scade\System\MEN_demonstrator\KCG-MEN\Read_P003V1_TM_baseline2.c, line 0, character 0
 ~C_P003V1_compr_onboard_TM_conversions_baseline2.c
  at file C:\GITHUB\modeling\model\Scade\System\MEN_demonstrator\KCG-MEN\C_P003V1_compr_onboard_TM_conversions_baseline2.c, line 0, character 0
 ~CAST_Int_to_D_NVSTFF_TM_conversions.c
  at file C:\GITHUB\modeling\model\Scade\System\MEN_demonstrator\KCG-MEN\CAST_Int_to_D_NVSTFF_TM_conversions.c, line 0, character 0
 ~CAST_Int_to_Q_NVDRIVER_ADHES_TM_conversions.c
  at file C:\GITHUB\modeling\model\Scade\System\MEN_demonstrator\KCG-MEN\CAST_Int_to_Q_NVDRIVER_ADHES_TM_conversions.c, line 0, character 0
 ~CAST_Int_to_M_NVDERUN_TM_conversions.c
  at file C:\GITHUB\modeling\model\Scade\System\MEN_demonstrator\KCG-MEN\CAST_Int_to_M_NVDERUN_TM_conversions.c, line 0, character 0
 ~CAST_Int_to_T_NVCONTACT_TM_conversions.c
  at file C:\GITHUB\modeling\model\Scade\System\MEN_demonstrator\KCG-MEN\CAST_Int_to_T_NVCONTACT_TM_conversions.c, line 0, character 0
 ~CAST_Int_to_M_NVCONTACT_TM_conversions.c
  at file C:\GITHUB\modeling\model\Scade\System\MEN_demonstrator\KCG-MEN\CAST_Int_to_M_NVCONTACT_TM_conversions.c, line 0, character 0
 ~CAST_Int_to_D_NVPOTRP_TM_conversions.c
  at file C:\GITHUB\modeling\model\Scade\System\MEN_demonstrator\KCG-MEN\CAST_Int_to_D_NVPOTRP_TM_conversions.c, line 0, character 0
 ~CAST_Int_to_Q_NVEMRRLS_TM_conversions.c
  at file C:\GITHUB\modeling\model\Scade\System\MEN_demonstrator\KCG-MEN\CAST_Int_to_Q_NVEMRRLS_TM_conversions.c, line 0, character 0
 ~CAST_Int_to_T_NVOVTRP_TM_conversions.c
  at file C:\GITHUB\modeling\model\Scade\System\MEN_demonstrator\KCG-MEN\CAST_Int_to_T_NVOVTRP_TM_conversions.c, line 0, character 0
 ~CAST_Int_to_D_NVOVTRP_TM_conversions.c
  at file C:\GITHUB\modeling\model\Scade\System\MEN_demonstrator\KCG-MEN\CAST_Int_to_D_NVOVTRP_TM_conversions.c, line 0, character 0
 ~CAST_Int_to_V_NVSUPOVTRP_TM_conversions.c
  at file C:\GITHUB\modeling\model\Scade\System\MEN_demonstrator\KCG-MEN\CAST_Int_to_V_NVSUPOVTRP_TM_conversions.c, line 0, character 0
 ~CAST_Int_to_V_NVALLOWOVTRP_TM_conversions.c
  at file C:\GITHUB\modeling\model\Scade\System\MEN_demonstrator\KCG-MEN\CAST_Int_to_V_NVALLOWOVTRP_TM_conversions.c, line 0, character 0
 ~CAST_Int_to_Q_NVSBTSMPERM_TM_conversions.c
  at file C:\GITHUB\modeling\model\Scade\System\MEN_demonstrator\KCG-MEN\CAST_Int_to_Q_NVSBTSMPERM_TM_conversions.c, line 0, character 0
 ~CAST_Int_to_D_NVROLL_TM_conversions.c
  at file C:\GITHUB\modeling\model\Scade\System\MEN_demonstrator\KCG-MEN\CAST_Int_to_D_NVROLL_TM_conversions.c, line 0, character 0
 ~CAST_Int_to_V_NVREL_TM_conversions.c
  at file C:\GITHUB\modeling\model\Scade\System\MEN_demonstrator\KCG-MEN\CAST_Int_to_V_NVREL_TM_conversions.c, line 0, character 0
 ~CAST_Int_to_V_NVUNFIT_TM_conversions.c
  at file C:\GITHUB\modeling\model\Scade\System\MEN_demonstrator\KCG-MEN\CAST_Int_to_V_NVUNFIT_TM_conversions.c, line 0, character 0
 ~CAST_Int_to_V_NVONSIGHT_TM_conversions.c
  at file C:\GITHUB\modeling\model\Scade\System\MEN_demonstrator\KCG-MEN\CAST_Int_to_V_NVONSIGHT_TM_conversions.c, line 0, character 0
 ~CAST_Int_to_V_NVSTFF_TM_conversions.c
  at file C:\GITHUB\modeling\model\Scade\System\MEN_demonstrator\KCG-MEN\CAST_Int_to_V_NVSTFF_TM_conversions.c, line 0, character 0
 ~CAST_Int_to_V_NVSHUNT_TM_conversions.c
  at file C:\GITHUB\modeling\model\Scade\System\MEN_demonstrator\KCG-MEN\CAST_Int_to_V_NVSHUNT_TM_conversions.c, line 0, character 0
 ~CAST_Int_to_D_VALIDNV_TM_conversions.c
  at file C:\GITHUB\modeling\model\Scade\System\MEN_demonstrator\KCG-MEN\CAST_Int_to_D_VALIDNV_TM_conversions.c, line 0, character 0
 ~C_P003V1_unflatten_sections_TM_lib_internal.c
  at file C:\GITHUB\modeling\model\Scade\System\MEN_demonstrator\KCG-MEN\C_P003V1_unflatten_sections_TM_lib_internal.c, line 0, character 0
 ~C_P003V1_us_array_TM_lib_internal.c
  at file C:\GITHUB\modeling\model\Scade\System\MEN_demonstrator\KCG-MEN\C_P003V1_us_array_TM_lib_internal.c, line 0, character 0
 ~C_P003V1_extract_el_section_TM_lib_internal.c
  at file C:\GITHUB\modeling\model\Scade\System\MEN_demonstrator\KCG-MEN\C_P003V1_extract_el_section_TM_lib_internal.c, line 0, character 0
 ~Read_P027V1_TM_baseline2.c
  at file C:\GITHUB\modeling\model\Scade\System\MEN_demonstrator\KCG-MEN\Read_P027V1_TM_baseline2.c, line 0, character 0
 ~Read_P027V1_sections_TM_baseline2.c
  at file C:\GITHUB\modeling\model\Scade\System\MEN_demonstrator\KCG-MEN\Read_P027V1_sections_TM_baseline2.c, line 0, character 0
 ~C_P027V1_compr_onboard_sections_level2_TM_conversions_baseline2.c
  at file C:\GITHUB\modeling\model\Scade\System\MEN_demonstrator\KCG-MEN\C_P027V1_compr_onboard_sections_level2_TM_conversions_baseline2.c, line 0, character 0
 ~CAST_Int_to_V_STATIC_TM_conversions.c
  at file C:\GITHUB\modeling\model\Scade\System\MEN_demonstrator\KCG-MEN\CAST_Int_to_V_STATIC_TM_conversions.c, line 0, character 0
 ~CAST_Int_to_Q_FRONT_TM_conversions.c
  at file C:\GITHUB\modeling\model\Scade\System\MEN_demonstrator\KCG-MEN\CAST_Int_to_Q_FRONT_TM_conversions.c, line 0, character 0
 ~CAST_Int_to_D_STATIC_TM_conversions.c
  at file C:\GITHUB\modeling\model\Scade\System\MEN_demonstrator\KCG-MEN\CAST_Int_to_D_STATIC_TM_conversions.c, line 0, character 0
 ~C_P027V1_us_array_qdiff_TM_lib_internal.c
  at file C:\GITHUB\modeling\model\Scade\System\MEN_demonstrator\KCG-MEN\C_P027V1_us_array_qdiff_TM_lib_internal.c, line 0, character 0
 ~CAST_Int_to_V_DIFF_TM_conversions.c
  at file C:\GITHUB\modeling\model\Scade\System\MEN_demonstrator\KCG-MEN\CAST_Int_to_V_DIFF_TM_conversions.c, line 0, character 0
 ~CAST_Int_to_NC_DIFF_TM_conversions.c
  at file C:\GITHUB\modeling\model\Scade\System\MEN_demonstrator\KCG-MEN\CAST_Int_to_NC_DIFF_TM_conversions.c, line 0, character 0
 ~C_P027V1_extract_el_section_TM_lib_internal.c
  at file C:\GITHUB\modeling\model\Scade\System\MEN_demonstrator\KCG-MEN\C_P027V1_extract_el_section_TM_lib_internal.c, line 0, character 0
 ~T_Decode_Metadata_L2_TM_lib_internal.c
  at file C:\GITHUB\modeling\model\Scade\System\MEN_demonstrator\KCG-MEN\T_Decode_Metadata_L2_TM_lib_internal.c, line 0, character 0
 ~Read_P005_TM.c
  at file C:\GITHUB\modeling\model\Scade\System\MEN_demonstrator\KCG-MEN\Read_P005_TM.c, line 0, character 0
 ~C_P005_compr_onboard_TM_conversions.c
  at file C:\GITHUB\modeling\model\Scade\System\MEN_demonstrator\KCG-MEN\C_P005_compr_onboard_TM_conversions.c, line 0, character 0
 ~C_P005_unflatten_sections_TM_lib_internal.c
  at file C:\GITHUB\modeling\model\Scade\System\MEN_demonstrator\KCG-MEN\C_P005_unflatten_sections_TM_lib_internal.c, line 0, character 0
 ~C_P005_us_array_TM_lib_internal.c
  at file C:\GITHUB\modeling\model\Scade\System\MEN_demonstrator\KCG-MEN\C_P005_us_array_TM_lib_internal.c, line 0, character 0
 ~CAST_Int_to_NID_BG_TM_conversions.c
  at file C:\GITHUB\modeling\model\Scade\System\MEN_demonstrator\KCG-MEN\CAST_Int_to_NID_BG_TM_conversions.c, line 0, character 0
 ~CAST_Int_to_Q_LINKORIENTATION_TM_conversions.c
  at file C:\GITHUB\modeling\model\Scade\System\MEN_demonstrator\KCG-MEN\CAST_Int_to_Q_LINKORIENTATION_TM_conversions.c, line 0, character 0
 ~CAST_Int_to_Q_LINKREACTION_TM_conversions.c
  at file C:\GITHUB\modeling\model\Scade\System\MEN_demonstrator\KCG-MEN\CAST_Int_to_Q_LINKREACTION_TM_conversions.c, line 0, character 0
 ~CAST_Int_to_Q_LOCACC_TM_conversions.c
  at file C:\GITHUB\modeling\model\Scade\System\MEN_demonstrator\KCG-MEN\CAST_Int_to_Q_LOCACC_TM_conversions.c, line 0, character 0
 ~CAST_Int_to_Q_NEWCOUNTRY_TM_conversions.c
  at file C:\GITHUB\modeling\model\Scade\System\MEN_demonstrator\KCG-MEN\CAST_Int_to_Q_NEWCOUNTRY_TM_conversions.c, line 0, character 0
 ~CAST_Int_to_NID_C_TM_conversions.c
  at file C:\GITHUB\modeling\model\Scade\System\MEN_demonstrator\KCG-MEN\CAST_Int_to_NID_C_TM_conversions.c, line 0, character 0
 ~CAST_Int_to_D_LINK_TM_conversions.c
  at file C:\GITHUB\modeling\model\Scade\System\MEN_demonstrator\KCG-MEN\CAST_Int_to_D_LINK_TM_conversions.c, line 0, character 0
 ~C_P005_extract_el_section_TM_lib_internal.c
  at file C:\GITHUB\modeling\model\Scade\System\MEN_demonstrator\KCG-MEN\C_P005_extract_el_section_TM_lib_internal.c, line 0, character 0
 ~Read_P041_TM.c
  at file C:\GITHUB\modeling\model\Scade\System\MEN_demonstrator\KCG-MEN\Read_P041_TM.c, line 0, character 0
 ~C_P041_compr_onboard_TM_conversions.c
  at file C:\GITHUB\modeling\model\Scade\System\MEN_demonstrator\KCG-MEN\C_P041_compr_onboard_TM_conversions.c, line 0, character 0
 ~CAST_Int_to_D_LEVELTR_TM_conversions.c
  at file C:\GITHUB\modeling\model\Scade\System\MEN_demonstrator\KCG-MEN\CAST_Int_to_D_LEVELTR_TM_conversions.c, line 0, character 0
 ~C_P041_unflatten_sections_TM_lib_internal.c
  at file C:\GITHUB\modeling\model\Scade\System\MEN_demonstrator\KCG-MEN\C_P041_unflatten_sections_TM_lib_internal.c, line 0, character 0
 ~C_P041_us_array_TM_lib_internal.c
  at file C:\GITHUB\modeling\model\Scade\System\MEN_demonstrator\KCG-MEN\C_P041_us_array_TM_lib_internal.c, line 0, character 0
 ~CAST_Int_to_NID_NTC_TM_conversions.c
  at file C:\GITHUB\modeling\model\Scade\System\MEN_demonstrator\KCG-MEN\CAST_Int_to_NID_NTC_TM_conversions.c, line 0, character 0
 ~CAST_Int_to_L_ACKLEVELTR_TM_conversions.c
  at file C:\GITHUB\modeling\model\Scade\System\MEN_demonstrator\KCG-MEN\CAST_Int_to_L_ACKLEVELTR_TM_conversions.c, line 0, character 0
 ~CAST_Int_to_M_LEVELTR_TM_conversions.c
  at file C:\GITHUB\modeling\model\Scade\System\MEN_demonstrator\KCG-MEN\CAST_Int_to_M_LEVELTR_TM_conversions.c, line 0, character 0
 ~C_P041_extract_el_section_TM_lib_internal.c
  at file C:\GITHUB\modeling\model\Scade\System\MEN_demonstrator\KCG-MEN\C_P041_extract_el_section_TM_lib_internal.c, line 0, character 0
 ~Read_P021_TM.c
  at file C:\GITHUB\modeling\model\Scade\System\MEN_demonstrator\KCG-MEN\Read_P021_TM.c, line 0, character 0
 ~C_P021_compr_onboard_TM_conversions.c
  at file C:\GITHUB\modeling\model\Scade\System\MEN_demonstrator\KCG-MEN\C_P021_compr_onboard_TM_conversions.c, line 0, character 0
 ~C_P021_unflatten_sections_TM_lib_internal.c
  at file C:\GITHUB\modeling\model\Scade\System\MEN_demonstrator\KCG-MEN\C_P021_unflatten_sections_TM_lib_internal.c, line 0, character 0
 ~C_P021_us_array_TM_lib_internal.c
  at file C:\GITHUB\modeling\model\Scade\System\MEN_demonstrator\KCG-MEN\C_P021_us_array_TM_lib_internal.c, line 0, character 0
 ~CAST_Int_to_Q_GDIR_TM_conversions.c
  at file C:\GITHUB\modeling\model\Scade\System\MEN_demonstrator\KCG-MEN\CAST_Int_to_Q_GDIR_TM_conversions.c, line 0, character 0
 ~CAST_Int_to_G_A_TM_conversions.c
  at file C:\GITHUB\modeling\model\Scade\System\MEN_demonstrator\KCG-MEN\CAST_Int_to_G_A_TM_conversions.c, line 0, character 0
 ~CAST_Int_to_D_GRADIENT_TM_conversions.c
  at file C:\GITHUB\modeling\model\Scade\System\MEN_demonstrator\KCG-MEN\CAST_Int_to_D_GRADIENT_TM_conversions.c, line 0, character 0
 ~C_P021_extract_el_section_TM_lib_internal.c
  at file C:\GITHUB\modeling\model\Scade\System\MEN_demonstrator\KCG-MEN\C_P021_extract_el_section_TM_lib_internal.c, line 0, character 0
 ~Read_P015_TM.c
  at file C:\GITHUB\modeling\model\Scade\System\MEN_demonstrator\KCG-MEN\Read_P015_TM.c, line 0, character 0
 ~C_P015_compr_onboard_TM_conversions.c
  at file C:\GITHUB\modeling\model\Scade\System\MEN_demonstrator\KCG-MEN\C_P015_compr_onboard_TM_conversions.c, line 0, character 0
 ~CAST_Int_to_D_STARTOL_TM_conversions.c
  at file C:\GITHUB\modeling\model\Scade\System\MEN_demonstrator\KCG-MEN\CAST_Int_to_D_STARTOL_TM_conversions.c, line 0, character 0
 ~CAST_Int_to_D_ENDTIMERSTARTLOC_TM_conversions.c
  at file C:\GITHUB\modeling\model\Scade\System\MEN_demonstrator\KCG-MEN\CAST_Int_to_D_ENDTIMERSTARTLOC_TM_conversions.c, line 0, character 0
 ~CAST_Int_to_V_RELEASEOL_TM_conversions.c
  at file C:\GITHUB\modeling\model\Scade\System\MEN_demonstrator\KCG-MEN\CAST_Int_to_V_RELEASEOL_TM_conversions.c, line 0, character 0
 ~CAST_Int_to_L_ENDSECTION_TM_conversions.c
  at file C:\GITHUB\modeling\model\Scade\System\MEN_demonstrator\KCG-MEN\CAST_Int_to_L_ENDSECTION_TM_conversions.c, line 0, character 0
 ~CAST_Int_to_V_RELEASEDP_TM_conversions.c
  at file C:\GITHUB\modeling\model\Scade\System\MEN_demonstrator\KCG-MEN\CAST_Int_to_V_RELEASEDP_TM_conversions.c, line 0, character 0
 ~CAST_Int_to_Q_ENDTIMER_TM_conversions.c
  at file C:\GITHUB\modeling\model\Scade\System\MEN_demonstrator\KCG-MEN\CAST_Int_to_Q_ENDTIMER_TM_conversions.c, line 0, character 0
 ~CAST_Int_to_T_OL_TM_conversions.c
  at file C:\GITHUB\modeling\model\Scade\System\MEN_demonstrator\KCG-MEN\CAST_Int_to_T_OL_TM_conversions.c, line 0, character 0
 ~CAST_Int_to_T_LOA_TM_conversions.c
  at file C:\GITHUB\modeling\model\Scade\System\MEN_demonstrator\KCG-MEN\CAST_Int_to_T_LOA_TM_conversions.c, line 0, character 0
 ~CAST_Int_to_Q_DANGERPOINT_TM_conversions.c
  at file C:\GITHUB\modeling\model\Scade\System\MEN_demonstrator\KCG-MEN\CAST_Int_to_Q_DANGERPOINT_TM_conversions.c, line 0, character 0
 ~CAST_Int_to_Q_OVERLAP_TM_conversions.c
  at file C:\GITHUB\modeling\model\Scade\System\MEN_demonstrator\KCG-MEN\CAST_Int_to_Q_OVERLAP_TM_conversions.c, line 0, character 0
 ~C_P015_unflatten_sections_TM_lib_internal.c
  at file C:\GITHUB\modeling\model\Scade\System\MEN_demonstrator\KCG-MEN\C_P015_unflatten_sections_TM_lib_internal.c, line 0, character 0
 ~C_P015_us_array_TM_lib_internal.c
  at file C:\GITHUB\modeling\model\Scade\System\MEN_demonstrator\KCG-MEN\C_P015_us_array_TM_lib_internal.c, line 0, character 0
 ~CAST_Int_to_D_SECTIONTIMERSTOPLOC_TM_conversions.c
  at file C:\GITHUB\modeling\model\Scade\System\MEN_demonstrator\KCG-MEN\CAST_Int_to_D_SECTIONTIMERSTOPLOC_TM_conversions.c, line 0, character 0
 ~CAST_Int_to_Q_SECTIONTIMER_TM_conversions.c
  at file C:\GITHUB\modeling\model\Scade\System\MEN_demonstrator\KCG-MEN\CAST_Int_to_Q_SECTIONTIMER_TM_conversions.c, line 0, character 0
 ~CAST_Int_to_T_SECTIONTIMER_TM_conversions.c
  at file C:\GITHUB\modeling\model\Scade\System\MEN_demonstrator\KCG-MEN\CAST_Int_to_T_SECTIONTIMER_TM_conversions.c, line 0, character 0
 ~CAST_Int_to_L_SECTION_TM_conversions.c
  at file C:\GITHUB\modeling\model\Scade\System\MEN_demonstrator\KCG-MEN\CAST_Int_to_L_SECTION_TM_conversions.c, line 0, character 0
 ~C_P015_extract_el_section_TM_lib_internal.c
  at file C:\GITHUB\modeling\model\Scade\System\MEN_demonstrator\KCG-MEN\C_P015_extract_el_section_TM_lib_internal.c, line 0, character 0
 ~CAST_Int_to_T_ENDTIMER_TM_conversions.c
  at file C:\GITHUB\modeling\model\Scade\System\MEN_demonstrator\KCG-MEN\CAST_Int_to_T_ENDTIMER_TM_conversions.c, line 0, character 0
 ~CAST_Int_to_V_LOA_TM_conversions.c
  at file C:\GITHUB\modeling\model\Scade\System\MEN_demonstrator\KCG-MEN\CAST_Int_to_V_LOA_TM_conversions.c, line 0, character 0
 ~CAST_Int_to_D_OL_TM_conversions.c
  at file C:\GITHUB\modeling\model\Scade\System\MEN_demonstrator\KCG-MEN\CAST_Int_to_D_OL_TM_conversions.c, line 0, character 0
 ~CAST_Int_to_D_DP_TM_conversions.c
  at file C:\GITHUB\modeling\model\Scade\System\MEN_demonstrator\KCG-MEN\CAST_Int_to_D_DP_TM_conversions.c, line 0, character 0
 ~RECV_ReadPackets_TM_lib_internal.c
  at file C:\GITHUB\modeling\model\Scade\System\MEN_demonstrator\KCG-MEN\RECV_ReadPackets_TM_lib_internal.c, line 0, character 0
 ~RECV_ReadPacketKernel_TM_lib_internal.c
  at file C:\GITHUB\modeling\model\Scade\System\MEN_demonstrator\KCG-MEN\RECV_ReadPacketKernel_TM_lib_internal.c, line 0, character 0
 ~RECV_ReadPacketKernelLoop_TM_lib_internal.c
  at file C:\GITHUB\modeling\model\Scade\System\MEN_demonstrator\KCG-MEN\RECV_ReadPacketKernelLoop_TM_lib_internal.c, line 0, character 0
 ~RECV_LookupPacket_TM_lib_internal.c
  at file C:\GITHUB\modeling\model\Scade\System\MEN_demonstrator\KCG-MEN\RECV_LookupPacket_TM_lib_internal.c, line 0, character 0
 ~RECV_LookupPacketLoop_TM_lib_internal.c
  at file C:\GITHUB\modeling\model\Scade\System\MEN_demonstrator\KCG-MEN\RECV_LookupPacketLoop_TM_lib_internal.c, line 0, character 0
 ~T_Filter_Metadata_TM_lib_internal.c
  at file C:\GITHUB\modeling\model\Scade\System\MEN_demonstrator\KCG-MEN\T_Filter_Metadata_TM_lib_internal.c, line 0, character 0
 ~T_Filter_Metadata_Element_TM_lib_internal.c
  at file C:\GITHUB\modeling\model\Scade\System\MEN_demonstrator\KCG-MEN\T_Filter_Metadata_Element_TM_lib_internal.c, line 0, character 0
 ~T_Decode_metadata_new_TM_lib_internal.c
  at file C:\GITHUB\modeling\model\Scade\System\MEN_demonstrator\KCG-MEN\T_Decode_metadata_new_TM_lib_internal.c, line 0, character 0
 ~Read_M003_TM_radio_messages.c
  at file C:\GITHUB\modeling\model\Scade\System\MEN_demonstrator\KCG-MEN\Read_M003_TM_radio_messages.c, line 0, character 0
 ~CAST_NID_MESSAGE_to_int_TM_conversions.c
  at file C:\GITHUB\modeling\model\Scade\System\MEN_demonstrator\KCG-MEN\CAST_NID_MESSAGE_to_int_TM_conversions.c, line 0, character 0
 ~Radio_Track_Train_Hd_to_M003_TM_RBC_conversions_legacy.c
  at file C:\GITHUB\modeling\model\Scade\System\MEN_demonstrator\KCG-MEN\Radio_Track_Train_Hd_to_M003_TM_RBC_conversions_legacy.c, line 0, character 0
 ~Train.h
  at file C:\GITHUB\modeling\model\Scade\System\MEN_demonstrator\KCG-MEN\Train.h, line 0, character 0
 ~compressed_to_Radio_Track_Train_H_TM_RBC_conversions_legacy.h
  at file C:\GITHUB\modeling\model\Scade\System\MEN_demonstrator\KCG-MEN\compressed_to_Radio_Track_Train_H_TM_RBC_conversions_legacy.h, line 0, character 0
 ~M028_to_Radio_Track_Train_H_TM_RBC_conversions_legacy.h
  at file C:\GITHUB\modeling\model\Scade\System\MEN_demonstrator\KCG-MEN\M028_to_Radio_Track_Train_H_TM_RBC_conversions_legacy.h, line 0, character 0
 ~C_header_to_M028_TM_RBC_conversions.h
  at file C:\GITHUB\modeling\model\Scade\System\MEN_demonstrator\KCG-MEN\C_header_to_M028_TM_RBC_conversions.h, line 0, character 0
 ~M032_to_Radio_Track_Train_H_TM_RBC_conversions_legacy.h
  at file C:\GITHUB\modeling\model\Scade\System\MEN_demonstrator\KCG-MEN\M032_to_Radio_Track_Train_H_TM_RBC_conversions_legacy.h, line 0, character 0
 ~C_header_to_M032_TM_RBC_conversions.h
  at file C:\GITHUB\modeling\model\Scade\System\MEN_demonstrator\KCG-MEN\C_header_to_M032_TM_RBC_conversions.h, line 0, character 0
 ~CAST_Int_to_M_VERSION_TM_conversions.h
  at file C:\GITHUB\modeling\model\Scade\System\MEN_demonstrator\KCG-MEN\CAST_Int_to_M_VERSION_TM_conversions.h, line 0, character 0
 ~C_header_to_M033_TM_RBC_conversions.h
  at file C:\GITHUB\modeling\model\Scade\System\MEN_demonstrator\KCG-MEN\C_header_to_M033_TM_RBC_conversions.h, line 0, character 0
 ~M033_to_Radio_Track_Train_H_TM_RBC_conversions_legacy.h
  at file C:\GITHUB\modeling\model\Scade\System\MEN_demonstrator\KCG-MEN\M033_to_Radio_Track_Train_H_TM_RBC_conversions_legacy.h, line 0, character 0
 ~C_header_to_M034_TM_RBC_conversions.h
  at file C:\GITHUB\modeling\model\Scade\System\MEN_demonstrator\KCG-MEN\C_header_to_M034_TM_RBC_conversions.h, line 0, character 0
 ~CAST_Int_to_D_TAFDISPLAY_TM_conversions.h
  at file C:\GITHUB\modeling\model\Scade\System\MEN_demonstrator\KCG-MEN\CAST_Int_to_D_TAFDISPLAY_TM_conversions.h, line 0, character 0
 ~CAST_Int_to_L_TAFDISPLAY_TM_conversions.h
  at file C:\GITHUB\modeling\model\Scade\System\MEN_demonstrator\KCG-MEN\CAST_Int_to_L_TAFDISPLAY_TM_conversions.h, line 0, character 0
 ~M034_to_Radio_Track_Train_H_TM_RBC_conversions_legacy.h
  at file C:\GITHUB\modeling\model\Scade\System\MEN_demonstrator\KCG-MEN\M034_to_Radio_Track_Train_H_TM_RBC_conversions_legacy.h, line 0, character 0
 ~C_header_to_M038_TM_RBC_conversions.h
  at file C:\GITHUB\modeling\model\Scade\System\MEN_demonstrator\KCG-MEN\C_header_to_M038_TM_RBC_conversions.h, line 0, character 0
 ~M038_to_Radio_Track_Train_H_TM_RBC_conversions_legacy.h
  at file C:\GITHUB\modeling\model\Scade\System\MEN_demonstrator\KCG-MEN\M038_to_Radio_Track_Train_H_TM_RBC_conversions_legacy.h, line 0, character 0
 ~C_header_to_M039_TM_RBC_conversions.h
  at file C:\GITHUB\modeling\model\Scade\System\MEN_demonstrator\KCG-MEN\C_header_to_M039_TM_RBC_conversions.h, line 0, character 0
 ~M039_to_Radio_Track_Train_H_TM_RBC_conversions_legacy.h
  at file C:\GITHUB\modeling\model\Scade\System\MEN_demonstrator\KCG-MEN\M039_to_Radio_Track_Train_H_TM_RBC_conversions_legacy.h, line 0, character 0
 ~M040_to_Radio_Track_Train_H_TM_RBC_conversions_legacy.h
  at file C:\GITHUB\modeling\model\Scade\System\MEN_demonstrator\KCG-MEN\M040_to_Radio_Track_Train_H_TM_RBC_conversions_legacy.h, line 0, character 0
 ~C_header_to_M040_TM_RBC_conversions.h
  at file C:\GITHUB\modeling\model\Scade\System\MEN_demonstrator\KCG-MEN\C_header_to_M040_TM_RBC_conversions.h, line 0, character 0
 ~M041_to_Radio_Track_Train_H_TM_RBC_conversions_legacy.h
  at file C:\GITHUB\modeling\model\Scade\System\MEN_demonstrator\KCG-MEN\M041_to_Radio_Track_Train_H_TM_RBC_conversions_legacy.h, line 0, character 0
 ~C_header_to_M041_TM_RBC_conversions.h
  at file C:\GITHUB\modeling\model\Scade\System\MEN_demonstrator\KCG-MEN\C_header_to_M041_TM_RBC_conversions.h, line 0, character 0
 ~C_header_to_M043_TM_RBC_conversions.h
  at file C:\GITHUB\modeling\model\Scade\System\MEN_demonstrator\KCG-MEN\C_header_to_M043_TM_RBC_conversions.h, line 0, character 0
 ~M043_to_Radio_Track_Train_H_TM_RBC_conversions_legacy.h
  at file C:\GITHUB\modeling\model\Scade\System\MEN_demonstrator\KCG-MEN\M043_to_Radio_Track_Train_H_TM_RBC_conversions_legacy.h, line 0, character 0
 ~C_header_to_M045_TM_RBC_conversions.h
  at file C:\GITHUB\modeling\model\Scade\System\MEN_demonstrator\KCG-MEN\C_header_to_M045_TM_RBC_conversions.h, line 0, character 0
 ~CAST_Int_to_Q_ORIENTATION_TM_conversions.h
  at file C:\GITHUB\modeling\model\Scade\System\MEN_demonstrator\KCG-MEN\CAST_Int_to_Q_ORIENTATION_TM_conversions.h, line 0, character 0
 ~M045_to_Radio_Track_Train_H_TM_RBC_conversions_legacy.h
  at file C:\GITHUB\modeling\model\Scade\System\MEN_demonstrator\KCG-MEN\M045_to_Radio_Track_Train_H_TM_RBC_conversions_legacy.h, line 0, character 0
 ~M002_to_Radio_Track_Train_H_TM_RBC_conversions_legacy.h
  at file C:\GITHUB\modeling\model\Scade\System\MEN_demonstrator\KCG-MEN\M002_to_Radio_Track_Train_H_TM_RBC_conversions_legacy.h, line 0, character 0
 ~C_header_to_M002_TM_RBC_conversions.h
  at file C:\GITHUB\modeling\model\Scade\System\MEN_demonstrator\KCG-MEN\C_header_to_M002_TM_RBC_conversions.h, line 0, character 0
 ~CAST_Int_to_D_SR_TM_conversions.h
  at file C:\GITHUB\modeling\model\Scade\System\MEN_demonstrator\KCG-MEN\CAST_Int_to_D_SR_TM_conversions.h, line 0, character 0
 ~C_header_to_M003_TM_RBC_conversions.h
  at file C:\GITHUB\modeling\model\Scade\System\MEN_demonstrator\KCG-MEN\C_header_to_M003_TM_RBC_conversions.h, line 0, character 0
 ~M003_to_Radio_Track_Train_H_TM_RBC_conversions_legacy.h
  at file C:\GITHUB\modeling\model\Scade\System\MEN_demonstrator\KCG-MEN\M003_to_Radio_Track_Train_H_TM_RBC_conversions_legacy.h, line 0, character 0
 ~C_header_to_M006_TM_RBC_conversions.h
  at file C:\GITHUB\modeling\model\Scade\System\MEN_demonstrator\KCG-MEN\C_header_to_M006_TM_RBC_conversions.h, line 0, character 0
 ~M006_to_Radio_Track_Train_H_TM_RBC_conversions_legacy.h
  at file C:\GITHUB\modeling\model\Scade\System\MEN_demonstrator\KCG-MEN\M006_to_Radio_Track_Train_H_TM_RBC_conversions_legacy.h, line 0, character 0
 ~C_header_to_M008_TM_RBC_conversions.h
  at file C:\GITHUB\modeling\model\Scade\System\MEN_demonstrator\KCG-MEN\C_header_to_M008_TM_RBC_conversions.h, line 0, character 0
 ~M008_to_Radio_Track_Train_H_TM_RBC_conversions_legacy.h
  at file C:\GITHUB\modeling\model\Scade\System\MEN_demonstrator\KCG-MEN\M008_to_Radio_Track_Train_H_TM_RBC_conversions_legacy.h, line 0, character 0
 ~C_header_to_M009_TM_RBC_conversions.h
  at file C:\GITHUB\modeling\model\Scade\System\MEN_demonstrator\KCG-MEN\C_header_to_M009_TM_RBC_conversions.h, line 0, character 0
 ~M009_to_Radio_Track_Train_H_TM_RBC_conversions_legacy.h
  at file C:\GITHUB\modeling\model\Scade\System\MEN_demonstrator\KCG-MEN\M009_to_Radio_Track_Train_H_TM_RBC_conversions_legacy.h, line 0, character 0
 ~M015_to_Radio_Track_Train_H_TM_RBC_conversions_legacy.h
  at file C:\GITHUB\modeling\model\Scade\System\MEN_demonstrator\KCG-MEN\M015_to_Radio_Track_Train_H_TM_RBC_conversions_legacy.h, line 0, character 0
 ~C_header_to_M015_TM_RBC_conversions.h
  at file C:\GITHUB\modeling\model\Scade\System\MEN_demonstrator\KCG-MEN\C_header_to_M015_TM_RBC_conversions.h, line 0, character 0
 ~CAST_Int_to_D_EMERGENCYSTOP_TM_conversions.h
  at file C:\GITHUB\modeling\model\Scade\System\MEN_demonstrator\KCG-MEN\CAST_Int_to_D_EMERGENCYSTOP_TM_conversions.h, line 0, character 0
 ~CAST_Int_to_D_REF_TM_conversions.h
  at file C:\GITHUB\modeling\model\Scade\System\MEN_demonstrator\KCG-MEN\CAST_Int_to_D_REF_TM_conversions.h, line 0, character 0
 ~M016_to_Radio_Track_Train_H_TM_RBC_conversions_legacy.h
  at file C:\GITHUB\modeling\model\Scade\System\MEN_demonstrator\KCG-MEN\M016_to_Radio_Track_Train_H_TM_RBC_conversions_legacy.h, line 0, character 0
 ~C_header_to_M016_TM_RBC_conversions.h
  at file C:\GITHUB\modeling\model\Scade\System\MEN_demonstrator\KCG-MEN\C_header_to_M016_TM_RBC_conversions.h, line 0, character 0
 ~C_header_to_M018_TM_RBC_conversions.h
  at file C:\GITHUB\modeling\model\Scade\System\MEN_demonstrator\KCG-MEN\C_header_to_M018_TM_RBC_conversions.h, line 0, character 0
 ~CAST_Int_to_NID_EM_TM_conversions.h
  at file C:\GITHUB\modeling\model\Scade\System\MEN_demonstrator\KCG-MEN\CAST_Int_to_NID_EM_TM_conversions.h, line 0, character 0
 ~M018_to_Radio_Track_Train_H_TM_RBC_conversions_legacy.h
  at file C:\GITHUB\modeling\model\Scade\System\MEN_demonstrator\KCG-MEN\M018_to_Radio_Track_Train_H_TM_RBC_conversions_legacy.h, line 0, character 0
 ~C_header_to_M024_TM_RBC_conversions.h
  at file C:\GITHUB\modeling\model\Scade\System\MEN_demonstrator\KCG-MEN\C_header_to_M024_TM_RBC_conversions.h, line 0, character 0
 ~M024_to_Radio_Track_Train_H_TM_RBC_conversions_legacy.h
  at file C:\GITHUB\modeling\model\Scade\System\MEN_demonstrator\KCG-MEN\M024_to_Radio_Track_Train_H_TM_RBC_conversions_legacy.h, line 0, character 0
 ~C_header_to_M027_TM_RBC_conversions.h
  at file C:\GITHUB\modeling\model\Scade\System\MEN_demonstrator\KCG-MEN\C_header_to_M027_TM_RBC_conversions.h, line 0, character 0
 ~CAST_Int_to_L_MESSAGE_TM_conversions.h
  at file C:\GITHUB\modeling\model\Scade\System\MEN_demonstrator\KCG-MEN\CAST_Int_to_L_MESSAGE_TM_conversions.h, line 0, character 0
 ~CAST_Int_to_NID_MESSAGE_TM_conversions.h
  at file C:\GITHUB\modeling\model\Scade\System\MEN_demonstrator\KCG-MEN\CAST_Int_to_NID_MESSAGE_TM_conversions.h, line 0, character 0
 ~CAST_Int_to_T_TRAIN_TM_conversions.h
  at file C:\GITHUB\modeling\model\Scade\System\MEN_demonstrator\KCG-MEN\CAST_Int_to_T_TRAIN_TM_conversions.h, line 0, character 0
 ~CAST_Int_to_NID_LRBG_TM_conversions.h
  at file C:\GITHUB\modeling\model\Scade\System\MEN_demonstrator\KCG-MEN\CAST_Int_to_NID_LRBG_TM_conversions.h, line 0, character 0
 ~CAST_Int_to_M_ACK_TM_conversions.h
  at file C:\GITHUB\modeling\model\Scade\System\MEN_demonstrator\KCG-MEN\CAST_Int_to_M_ACK_TM_conversions.h, line 0, character 0
 ~M027_to_Radio_Track_Train_H_TM_RBC_conversions_legacy.h
  at file C:\GITHUB\modeling\model\Scade\System\MEN_demonstrator\KCG-MEN\M027_to_Radio_Track_Train_H_TM_RBC_conversions_legacy.h, line 0, character 0
 ~Send_M157_TM_radio_messages.h
  at file C:\GITHUB\modeling\model\Scade\System\MEN_demonstrator\KCG-MEN\Send_M157_TM_radio_messages.h, line 0, character 0
 ~CheckSpace_TM_TrainTrack_Bus.h
  at file C:\GITHUB\modeling\model\Scade\System\MEN_demonstrator\KCG-MEN\CheckSpace_TM_TrainTrack_Bus.h, line 0, character 0
 ~CheckSpaceLoop_TM_TrainTrack_Bus.h
  at file C:\GITHUB\modeling\model\Scade\System\MEN_demonstrator\KCG-MEN\CheckSpaceLoop_TM_TrainTrack_Bus.h, line 0, character 0
 ~BufferMsg_TM_lib_internal.h
  at file C:\GITHUB\modeling\model\Scade\System\MEN_demonstrator\KCG-MEN\BufferMsg_TM_lib_internal.h, line 0, character 0
 ~BufferMsg_read_only_TM_lib_internal.h
  at file C:\GITHUB\modeling\model\Scade\System\MEN_demonstrator\KCG-MEN\BufferMsg_read_only_TM_lib_internal.h, line 0, character 0
 ~BufferMsg_read_write_TM_lib_internal.h
  at file C:\GITHUB\modeling\model\Scade\System\MEN_demonstrator\KCG-MEN\BufferMsg_read_write_TM_lib_internal.h, line 0, character 0
 ~BufferMsg_write_only_TM_lib_internal.h
  at file C:\GITHUB\modeling\model\Scade\System\MEN_demonstrator\KCG-MEN\BufferMsg_write_only_TM_lib_internal.h, line 0, character 0
 ~MergeMessageToBus_TM_TrainTrack_Bus.h
  at file C:\GITHUB\modeling\model\Scade\System\MEN_demonstrator\KCG-MEN\MergeMessageToBus_TM_TrainTrack_Bus.h, line 0, character 0
 ~Merge_PacketsToMessage_TM_TrainToTrack.h
  at file C:\GITHUB\modeling\model\Scade\System\MEN_demonstrator\KCG-MEN\Merge_PacketsToMessage_TM_TrainToTrack.h, line 0, character 0
 ~C_P001_train_compr_TM_TrainToTrack.h
  at file C:\GITHUB\modeling\model\Scade\System\MEN_demonstrator\KCG-MEN\C_P001_train_compr_TM_TrainToTrack.h, line 0, character 0
 ~CAST_NID_PRVLRBG_to_int_TM_conversions.h
  at file C:\GITHUB\modeling\model\Scade\System\MEN_demonstrator\KCG-MEN\CAST_NID_PRVLRBG_to_int_TM_conversions.h, line 0, character 0
 ~C_P000_train_compr_TM_TrainToTrack.h
  at file C:\GITHUB\modeling\model\Scade\System\MEN_demonstrator\KCG-MEN\C_P000_train_compr_TM_TrainToTrack.h, line 0, character 0
 ~CAST_D_LRBG_to_int_TM_conversions.h
  at file C:\GITHUB\modeling\model\Scade\System\MEN_demonstrator\KCG-MEN\CAST_D_LRBG_to_int_TM_conversions.h, line 0, character 0
 ~CAST_NID_NTC_to_int_TM_conversions.h
  at file C:\GITHUB\modeling\model\Scade\System\MEN_demonstrator\KCG-MEN\CAST_NID_NTC_to_int_TM_conversions.h, line 0, character 0
 ~CAST_M_LEVEL_to_int_TM_conversions.h
  at file C:\GITHUB\modeling\model\Scade\System\MEN_demonstrator\KCG-MEN\CAST_M_LEVEL_to_int_TM_conversions.h, line 0, character 0
 ~CAST_M_MODE_to_int_TM_conversions.h
  at file C:\GITHUB\modeling\model\Scade\System\MEN_demonstrator\KCG-MEN\CAST_M_MODE_to_int_TM_conversions.h, line 0, character 0
 ~CAST_Q_DIRTRAIN_to_int_TM_conversions.h
  at file C:\GITHUB\modeling\model\Scade\System\MEN_demonstrator\KCG-MEN\CAST_Q_DIRTRAIN_to_int_TM_conversions.h, line 0, character 0
 ~CAST_V_TRAIN_to_int_TM_conversions.h
  at file C:\GITHUB\modeling\model\Scade\System\MEN_demonstrator\KCG-MEN\CAST_V_TRAIN_to_int_TM_conversions.h, line 0, character 0
 ~CAST_L_TRAININT_to_int_TM_conversions.h
  at file C:\GITHUB\modeling\model\Scade\System\MEN_demonstrator\KCG-MEN\CAST_L_TRAININT_to_int_TM_conversions.h, line 0, character 0
 ~CAST_Q_LENGTH_to_int_TM_conversions.h
  at file C:\GITHUB\modeling\model\Scade\System\MEN_demonstrator\KCG-MEN\CAST_Q_LENGTH_to_int_TM_conversions.h, line 0, character 0
 ~CAST_L_DOUBTUNDER_to_int_TM_conversions.h
  at file C:\GITHUB\modeling\model\Scade\System\MEN_demonstrator\KCG-MEN\CAST_L_DOUBTUNDER_to_int_TM_conversions.h, line 0, character 0
 ~CAST_L_DOUBTOVER_to_int_TM_conversions.h
  at file C:\GITHUB\modeling\model\Scade\System\MEN_demonstrator\KCG-MEN\CAST_L_DOUBTOVER_to_int_TM_conversions.h, line 0, character 0
 ~CAST_Q_DRLRBG_to_int_TM_conversions.h
  at file C:\GITHUB\modeling\model\Scade\System\MEN_demonstrator\KCG-MEN\CAST_Q_DRLRBG_to_int_TM_conversions.h, line 0, character 0
 ~CAST_Q_DIRLRBG_to_int_TM_conversions.h
  at file C:\GITHUB\modeling\model\Scade\System\MEN_demonstrator\KCG-MEN\CAST_Q_DIRLRBG_to_int_TM_conversions.h, line 0, character 0
 ~CAST_NID_LRBG_to_int_TM_conversions.h
  at file C:\GITHUB\modeling\model\Scade\System\MEN_demonstrator\KCG-MEN\CAST_NID_LRBG_to_int_TM_conversions.h, line 0, character 0
 ~CAST_Q_SCALE_to_int_TM_conversions.h
  at file C:\GITHUB\modeling\model\Scade\System\MEN_demonstrator\KCG-MEN\CAST_Q_SCALE_to_int_TM_conversions.h, line 0, character 0
 ~C_M157_to_header_TM_RBC_conversions.h
  at file C:\GITHUB\modeling\model\Scade\System\MEN_demonstrator\KCG-MEN\C_M157_to_header_TM_RBC_conversions.h, line 0, character 0
 ~CAST_T_TRAIN_to_int_TM_conversions.h
  at file C:\GITHUB\modeling\model\Scade\System\MEN_demonstrator\KCG-MEN\CAST_T_TRAIN_to_int_TM_conversions.h, line 0, character 0
 ~CAST_NID_ENGINE_to_int_TM_conversions.h
  at file C:\GITHUB\modeling\model\Scade\System\MEN_demonstrator\KCG-MEN\CAST_NID_ENGINE_to_int_TM_conversions.h, line 0, character 0
 ~CAST_L_MESSAGE_to_int_TM_conversions.h
  at file C:\GITHUB\modeling\model\Scade\System\MEN_demonstrator\KCG-MEN\CAST_L_MESSAGE_to_int_TM_conversions.h, line 0, character 0
 ~CAST_Q_STATUS_to_int_TM_conversions.h
  at file C:\GITHUB\modeling\model\Scade\System\MEN_demonstrator\KCG-MEN\CAST_Q_STATUS_to_int_TM_conversions.h, line 0, character 0
 ~C_P044_train_compr_TM_TrainToTrack.h
  at file C:\GITHUB\modeling\model\Scade\System\MEN_demonstrator\KCG-MEN\C_P044_train_compr_TM_TrainToTrack.h, line 0, character 0
 ~C_P005_train_compr_TM_TrainToTrack.h
  at file C:\GITHUB\modeling\model\Scade\System\MEN_demonstrator\KCG-MEN\C_P005_train_compr_TM_TrainToTrack.h, line 0, character 0
 ~CAST_NID_OPERATIONAL_to_int_TM_conversions.h
  at file C:\GITHUB\modeling\model\Scade\System\MEN_demonstrator\KCG-MEN\CAST_NID_OPERATIONAL_to_int_TM_conversions.h, line 0, character 0
 ~C_P004_train_compr_TM_TrainToTrack.h
  at file C:\GITHUB\modeling\model\Scade\System\MEN_demonstrator\KCG-MEN\C_P004_train_compr_TM_TrainToTrack.h, line 0, character 0
 ~Encode_NID_PACKET_TM_TrainToTrack.h
  at file C:\GITHUB\modeling\model\Scade\System\MEN_demonstrator\KCG-MEN\Encode_NID_PACKET_TM_TrainToTrack.h, line 0, character 0
 ~CAST_M_ERROR_to_int_TM_conversions.h
  at file C:\GITHUB\modeling\model\Scade\System\MEN_demonstrator\KCG-MEN\CAST_M_ERROR_to_int_TM_conversions.h, line 0, character 0
 ~CAST_L_PACKET_to_int_TM_conversions.h
  at file C:\GITHUB\modeling\model\Scade\System\MEN_demonstrator\KCG-MEN\CAST_L_PACKET_to_int_TM_conversions.h, line 0, character 0
 ~CAST_NID_PACKET_to_int_TM_conversions.h
  at file C:\GITHUB\modeling\model\Scade\System\MEN_demonstrator\KCG-MEN\CAST_NID_PACKET_to_int_TM_conversions.h, line 0, character 0
 ~Read_P003V1_TM_baseline2.h
  at file C:\GITHUB\modeling\model\Scade\System\MEN_demonstrator\KCG-MEN\Read_P003V1_TM_baseline2.h, line 0, character 0
 ~C_P003V1_compr_onboard_TM_conversions_baseline2.h
  at file C:\GITHUB\modeling\model\Scade\System\MEN_demonstrator\KCG-MEN\C_P003V1_compr_onboard_TM_conversions_baseline2.h, line 0, character 0
 ~CAST_Int_to_D_NVSTFF_TM_conversions.h
  at file C:\GITHUB\modeling\model\Scade\System\MEN_demonstrator\KCG-MEN\CAST_Int_to_D_NVSTFF_TM_conversions.h, line 0, character 0
 ~CAST_Int_to_Q_NVDRIVER_ADHES_TM_conversions.h
  at file C:\GITHUB\modeling\model\Scade\System\MEN_demonstrator\KCG-MEN\CAST_Int_to_Q_NVDRIVER_ADHES_TM_conversions.h, line 0, character 0
 ~CAST_Int_to_M_NVDERUN_TM_conversions.h
  at file C:\GITHUB\modeling\model\Scade\System\MEN_demonstrator\KCG-MEN\CAST_Int_to_M_NVDERUN_TM_conversions.h, line 0, character 0
 ~CAST_Int_to_T_NVCONTACT_TM_conversions.h
  at file C:\GITHUB\modeling\model\Scade\System\MEN_demonstrator\KCG-MEN\CAST_Int_to_T_NVCONTACT_TM_conversions.h, line 0, character 0
 ~CAST_Int_to_M_NVCONTACT_TM_conversions.h
  at file C:\GITHUB\modeling\model\Scade\System\MEN_demonstrator\KCG-MEN\CAST_Int_to_M_NVCONTACT_TM_conversions.h, line 0, character 0
 ~CAST_Int_to_D_NVPOTRP_TM_conversions.h
  at file C:\GITHUB\modeling\model\Scade\System\MEN_demonstrator\KCG-MEN\CAST_Int_to_D_NVPOTRP_TM_conversions.h, line 0, character 0
 ~CAST_Int_to_Q_NVEMRRLS_TM_conversions.h
  at file C:\GITHUB\modeling\model\Scade\System\MEN_demonstrator\KCG-MEN\CAST_Int_to_Q_NVEMRRLS_TM_conversions.h, line 0, character 0
 ~CAST_Int_to_T_NVOVTRP_TM_conversions.h
  at file C:\GITHUB\modeling\model\Scade\System\MEN_demonstrator\KCG-MEN\CAST_Int_to_T_NVOVTRP_TM_conversions.h, line 0, character 0
 ~CAST_Int_to_D_NVOVTRP_TM_conversions.h
  at file C:\GITHUB\modeling\model\Scade\System\MEN_demonstrator\KCG-MEN\CAST_Int_to_D_NVOVTRP_TM_conversions.h, line 0, character 0
 ~CAST_Int_to_V_NVSUPOVTRP_TM_conversions.h
  at file C:\GITHUB\modeling\model\Scade\System\MEN_demonstrator\KCG-MEN\CAST_Int_to_V_NVSUPOVTRP_TM_conversions.h, line 0, character 0
 ~CAST_Int_to_V_NVALLOWOVTRP_TM_conversions.h
  at file C:\GITHUB\modeling\model\Scade\System\MEN_demonstrator\KCG-MEN\CAST_Int_to_V_NVALLOWOVTRP_TM_conversions.h, line 0, character 0
 ~CAST_Int_to_Q_NVSBTSMPERM_TM_conversions.h
  at file C:\GITHUB\modeling\model\Scade\System\MEN_demonstrator\KCG-MEN\CAST_Int_to_Q_NVSBTSMPERM_TM_conversions.h, line 0, character 0
 ~CAST_Int_to_D_NVROLL_TM_conversions.h
  at file C:\GITHUB\modeling\model\Scade\System\MEN_demonstrator\KCG-MEN\CAST_Int_to_D_NVROLL_TM_conversions.h, line 0, character 0
 ~CAST_Int_to_V_NVREL_TM_conversions.h
  at file C:\GITHUB\modeling\model\Scade\System\MEN_demonstrator\KCG-MEN\CAST_Int_to_V_NVREL_TM_conversions.h, line 0, character 0
 ~CAST_Int_to_V_NVUNFIT_TM_conversions.h
  at file C:\GITHUB\modeling\model\Scade\System\MEN_demonstrator\KCG-MEN\CAST_Int_to_V_NVUNFIT_TM_conversions.h, line 0, character 0
 ~CAST_Int_to_V_NVONSIGHT_TM_conversions.h
  at file C:\GITHUB\modeling\model\Scade\System\MEN_demonstrator\KCG-MEN\CAST_Int_to_V_NVONSIGHT_TM_conversions.h, line 0, character 0
 ~CAST_Int_to_V_NVSTFF_TM_conversions.h
  at file C:\GITHUB\modeling\model\Scade\System\MEN_demonstrator\KCG-MEN\CAST_Int_to_V_NVSTFF_TM_conversions.h, line 0, character 0
 ~CAST_Int_to_V_NVSHUNT_TM_conversions.h
  at file C:\GITHUB\modeling\model\Scade\System\MEN_demonstrator\KCG-MEN\CAST_Int_to_V_NVSHUNT_TM_conversions.h, line 0, character 0
 ~CAST_Int_to_D_VALIDNV_TM_conversions.h
  at file C:\GITHUB\modeling\model\Scade\System\MEN_demonstrator\KCG-MEN\CAST_Int_to_D_VALIDNV_TM_conversions.h, line 0, character 0
 ~C_P003V1_unflatten_sections_TM_lib_internal.h
  at file C:\GITHUB\modeling\model\Scade\System\MEN_demonstrator\KCG-MEN\C_P003V1_unflatten_sections_TM_lib_internal.h, line 0, character 0
 ~C_P003V1_us_array_TM_lib_internal.h
  at file C:\GITHUB\modeling\model\Scade\System\MEN_demonstrator\KCG-MEN\C_P003V1_us_array_TM_lib_internal.h, line 0, character 0
 ~C_P003V1_extract_el_section_TM_lib_internal.h
  at file C:\GITHUB\modeling\model\Scade\System\MEN_demonstrator\KCG-MEN\C_P003V1_extract_el_section_TM_lib_internal.h, line 0, character 0
 ~Read_P027V1_TM_baseline2.h
  at file C:\GITHUB\modeling\model\Scade\System\MEN_demonstrator\KCG-MEN\Read_P027V1_TM_baseline2.h, line 0, character 0
 ~Read_P027V1_sections_TM_baseline2.h
  at file C:\GITHUB\modeling\model\Scade\System\MEN_demonstrator\KCG-MEN\Read_P027V1_sections_TM_baseline2.h, line 0, character 0
 ~C_P027V1_compr_onboard_sections_level2_TM_conversions_baseline2.h
  at file C:\GITHUB\modeling\model\Scade\System\MEN_demonstrator\KCG-MEN\C_P027V1_compr_onboard_sections_level2_TM_conversions_baseline2.h, line 0, character 0
 ~CAST_Int_to_V_STATIC_TM_conversions.h
  at file C:\GITHUB\modeling\model\Scade\System\MEN_demonstrator\KCG-MEN\CAST_Int_to_V_STATIC_TM_conversions.h, line 0, character 0
 ~CAST_Int_to_Q_FRONT_TM_conversions.h
  at file C:\GITHUB\modeling\model\Scade\System\MEN_demonstrator\KCG-MEN\CAST_Int_to_Q_FRONT_TM_conversions.h, line 0, character 0
 ~CAST_Int_to_D_STATIC_TM_conversions.h
  at file C:\GITHUB\modeling\model\Scade\System\MEN_demonstrator\KCG-MEN\CAST_Int_to_D_STATIC_TM_conversions.h, line 0, character 0
 ~C_P027V1_us_array_qdiff_TM_lib_internal.h
  at file C:\GITHUB\modeling\model\Scade\System\MEN_demonstrator\KCG-MEN\C_P027V1_us_array_qdiff_TM_lib_internal.h, line 0, character 0
 ~CAST_Int_to_V_DIFF_TM_conversions.h
  at file C:\GITHUB\modeling\model\Scade\System\MEN_demonstrator\KCG-MEN\CAST_Int_to_V_DIFF_TM_conversions.h, line 0, character 0
 ~CAST_Int_to_NC_DIFF_TM_conversions.h
  at file C:\GITHUB\modeling\model\Scade\System\MEN_demonstrator\KCG-MEN\CAST_Int_to_NC_DIFF_TM_conversions.h, line 0, character 0
 ~C_P027V1_extract_el_section_TM_lib_internal.h
  at file C:\GITHUB\modeling\model\Scade\System\MEN_demonstrator\KCG-MEN\C_P027V1_extract_el_section_TM_lib_internal.h, line 0, character 0
 ~T_Decode_Metadata_L2_TM_lib_internal.h
  at file C:\GITHUB\modeling\model\Scade\System\MEN_demonstrator\KCG-MEN\T_Decode_Metadata_L2_TM_lib_internal.h, line 0, character 0
 ~Read_P005_TM.h
  at file C:\GITHUB\modeling\model\Scade\System\MEN_demonstrator\KCG-MEN\Read_P005_TM.h, line 0, character 0
 ~C_P005_compr_onboard_TM_conversions.h
  at file C:\GITHUB\modeling\model\Scade\System\MEN_demonstrator\KCG-MEN\C_P005_compr_onboard_TM_conversions.h, line 0, character 0
 ~C_P005_unflatten_sections_TM_lib_internal.h
  at file C:\GITHUB\modeling\model\Scade\System\MEN_demonstrator\KCG-MEN\C_P005_unflatten_sections_TM_lib_internal.h, line 0, character 0
 ~C_P005_us_array_TM_lib_internal.h
  at file C:\GITHUB\modeling\model\Scade\System\MEN_demonstrator\KCG-MEN\C_P005_us_array_TM_lib_internal.h, line 0, character 0
 ~CAST_Int_to_NID_BG_TM_conversions.h
  at file C:\GITHUB\modeling\model\Scade\System\MEN_demonstrator\KCG-MEN\CAST_Int_to_NID_BG_TM_conversions.h, line 0, character 0
 ~CAST_Int_to_Q_LINKORIENTATION_TM_conversions.h
  at file C:\GITHUB\modeling\model\Scade\System\MEN_demonstrator\KCG-MEN\CAST_Int_to_Q_LINKORIENTATION_TM_conversions.h, line 0, character 0
 ~CAST_Int_to_Q_LINKREACTION_TM_conversions.h
  at file C:\GITHUB\modeling\model\Scade\System\MEN_demonstrator\KCG-MEN\CAST_Int_to_Q_LINKREACTION_TM_conversions.h, line 0, character 0
 ~CAST_Int_to_Q_LOCACC_TM_conversions.h
  at file C:\GITHUB\modeling\model\Scade\System\MEN_demonstrator\KCG-MEN\CAST_Int_to_Q_LOCACC_TM_conversions.h, line 0, character 0
 ~CAST_Int_to_Q_NEWCOUNTRY_TM_conversions.h
  at file C:\GITHUB\modeling\model\Scade\System\MEN_demonstrator\KCG-MEN\CAST_Int_to_Q_NEWCOUNTRY_TM_conversions.h, line 0, character 0
 ~CAST_Int_to_NID_C_TM_conversions.h
  at file C:\GITHUB\modeling\model\Scade\System\MEN_demonstrator\KCG-MEN\CAST_Int_to_NID_C_TM_conversions.h, line 0, character 0
 ~CAST_Int_to_D_LINK_TM_conversions.h
  at file C:\GITHUB\modeling\model\Scade\System\MEN_demonstrator\KCG-MEN\CAST_Int_to_D_LINK_TM_conversions.h, line 0, character 0
 ~C_P005_extract_el_section_TM_lib_internal.h
  at file C:\GITHUB\modeling\model\Scade\System\MEN_demonstrator\KCG-MEN\C_P005_extract_el_section_TM_lib_internal.h, line 0, character 0
 ~Read_P041_TM.h
  at file C:\GITHUB\modeling\model\Scade\System\MEN_demonstrator\KCG-MEN\Read_P041_TM.h, line 0, character 0
 ~C_P041_compr_onboard_TM_conversions.h
  at file C:\GITHUB\modeling\model\Scade\System\MEN_demonstrator\KCG-MEN\C_P041_compr_onboard_TM_conversions.h, line 0, character 0
 ~CAST_Int_to_D_LEVELTR_TM_conversions.h
  at file C:\GITHUB\modeling\model\Scade\System\MEN_demonstrator\KCG-MEN\CAST_Int_to_D_LEVELTR_TM_conversions.h, line 0, character 0
 ~C_P041_unflatten_sections_TM_lib_internal.h
  at file C:\GITHUB\modeling\model\Scade\System\MEN_demonstrator\KCG-MEN\C_P041_unflatten_sections_TM_lib_internal.h, line 0, character 0
 ~C_P041_us_array_TM_lib_internal.h
  at file C:\GITHUB\modeling\model\Scade\System\MEN_demonstrator\KCG-MEN\C_P041_us_array_TM_lib_internal.h, line 0, character 0
 ~CAST_Int_to_NID_NTC_TM_conversions.h
  at file C:\GITHUB\modeling\model\Scade\System\MEN_demonstrator\KCG-MEN\CAST_Int_to_NID_NTC_TM_conversions.h, line 0, character 0
 ~CAST_Int_to_L_ACKLEVELTR_TM_conversions.h
  at file C:\GITHUB\modeling\model\Scade\System\MEN_demonstrator\KCG-MEN\CAST_Int_to_L_ACKLEVELTR_TM_conversions.h, line 0, character 0
 ~CAST_Int_to_M_LEVELTR_TM_conversions.h
  at file C:\GITHUB\modeling\model\Scade\System\MEN_demonstrator\KCG-MEN\CAST_Int_to_M_LEVELTR_TM_conversions.h, line 0, character 0
 ~C_P041_extract_el_section_TM_lib_internal.h
  at file C:\GITHUB\modeling\model\Scade\System\MEN_demonstrator\KCG-MEN\C_P041_extract_el_section_TM_lib_internal.h, line 0, character 0
 ~Read_P021_TM.h
  at file C:\GITHUB\modeling\model\Scade\System\MEN_demonstrator\KCG-MEN\Read_P021_TM.h, line 0, character 0
 ~C_P021_compr_onboard_TM_conversions.h
  at file C:\GITHUB\modeling\model\Scade\System\MEN_demonstrator\KCG-MEN\C_P021_compr_onboard_TM_conversions.h, line 0, character 0
 ~C_P021_unflatten_sections_TM_lib_internal.h
  at file C:\GITHUB\modeling\model\Scade\System\MEN_demonstrator\KCG-MEN\C_P021_unflatten_sections_TM_lib_internal.h, line 0, character 0
 ~C_P021_us_array_TM_lib_internal.h
  at file C:\GITHUB\modeling\model\Scade\System\MEN_demonstrator\KCG-MEN\C_P021_us_array_TM_lib_internal.h, line 0, character 0
 ~CAST_Int_to_Q_GDIR_TM_conversions.h
  at file C:\GITHUB\modeling\model\Scade\System\MEN_demonstrator\KCG-MEN\CAST_Int_to_Q_GDIR_TM_conversions.h, line 0, character 0
 ~CAST_Int_to_G_A_TM_conversions.h
  at file C:\GITHUB\modeling\model\Scade\System\MEN_demonstrator\KCG-MEN\CAST_Int_to_G_A_TM_conversions.h, line 0, character 0
 ~CAST_Int_to_D_GRADIENT_TM_conversions.h
  at file C:\GITHUB\modeling\model\Scade\System\MEN_demonstrator\KCG-MEN\CAST_Int_to_D_GRADIENT_TM_conversions.h, line 0, character 0
 ~C_P021_extract_el_section_TM_lib_internal.h
  at file C:\GITHUB\modeling\model\Scade\System\MEN_demonstrator\KCG-MEN\C_P021_extract_el_section_TM_lib_internal.h, line 0, character 0
 ~Read_P015_TM.h
  at file C:\GITHUB\modeling\model\Scade\System\MEN_demonstrator\KCG-MEN\Read_P015_TM.h, line 0, character 0
 ~C_P015_compr_onboard_TM_conversions.h
  at file C:\GITHUB\modeling\model\Scade\System\MEN_demonstrator\KCG-MEN\C_P015_compr_onboard_TM_conversions.h, line 0, character 0
 ~CAST_Int_to_D_STARTOL_TM_conversions.h
  at file C:\GITHUB\modeling\model\Scade\System\MEN_demonstrator\KCG-MEN\CAST_Int_to_D_STARTOL_TM_conversions.h, line 0, character 0
 ~CAST_Int_to_D_ENDTIMERSTARTLOC_TM_conversions.h
  at file C:\GITHUB\modeling\model\Scade\System\MEN_demonstrator\KCG-MEN\CAST_Int_to_D_ENDTIMERSTARTLOC_TM_conversions.h, line 0, character 0
 ~CAST_Int_to_V_RELEASEOL_TM_conversions.h
  at file C:\GITHUB\modeling\model\Scade\System\MEN_demonstrator\KCG-MEN\CAST_Int_to_V_RELEASEOL_TM_conversions.h, line 0, character 0
 ~CAST_Int_to_L_ENDSECTION_TM_conversions.h
  at file C:\GITHUB\modeling\model\Scade\System\MEN_demonstrator\KCG-MEN\CAST_Int_to_L_ENDSECTION_TM_conversions.h, line 0, character 0
 ~CAST_Int_to_V_RELEASEDP_TM_conversions.h
  at file C:\GITHUB\modeling\model\Scade\System\MEN_demonstrator\KCG-MEN\CAST_Int_to_V_RELEASEDP_TM_conversions.h, line 0, character 0
 ~CAST_Int_to_Q_ENDTIMER_TM_conversions.h
  at file C:\GITHUB\modeling\model\Scade\System\MEN_demonstrator\KCG-MEN\CAST_Int_to_Q_ENDTIMER_TM_conversions.h, line 0, character 0
 ~CAST_Int_to_T_OL_TM_conversions.h
  at file C:\GITHUB\modeling\model\Scade\System\MEN_demonstrator\KCG-MEN\CAST_Int_to_T_OL_TM_conversions.h, line 0, character 0
 ~CAST_Int_to_T_LOA_TM_conversions.h
  at file C:\GITHUB\modeling\model\Scade\System\MEN_demonstrator\KCG-MEN\CAST_Int_to_T_LOA_TM_conversions.h, line 0, character 0
 ~CAST_Int_to_Q_DANGERPOINT_TM_conversions.h
  at file C:\GITHUB\modeling\model\Scade\System\MEN_demonstrator\KCG-MEN\CAST_Int_to_Q_DANGERPOINT_TM_conversions.h, line 0, character 0
 ~CAST_Int_to_Q_OVERLAP_TM_conversions.h
  at file C:\GITHUB\modeling\model\Scade\System\MEN_demonstrator\KCG-MEN\CAST_Int_to_Q_OVERLAP_TM_conversions.h, line 0, character 0
 ~C_P015_unflatten_sections_TM_lib_internal.h
  at file C:\GITHUB\modeling\model\Scade\System\MEN_demonstrator\KCG-MEN\C_P015_unflatten_sections_TM_lib_internal.h, line 0, character 0
 ~C_P015_us_array_TM_lib_internal.h
  at file C:\GITHUB\modeling\model\Scade\System\MEN_demonstrator\KCG-MEN\C_P015_us_array_TM_lib_internal.h, line 0, character 0
 ~CAST_Int_to_D_SECTIONTIMERSTOPLOC_TM_conversions.h
  at file C:\GITHUB\modeling\model\Scade\System\MEN_demonstrator\KCG-MEN\CAST_Int_to_D_SECTIONTIMERSTOPLOC_TM_conversions.h, line 0, character 0
 ~CAST_Int_to_Q_SECTIONTIMER_TM_conversions.h
  at file C:\GITHUB\modeling\model\Scade\System\MEN_demonstrator\KCG-MEN\CAST_Int_to_Q_SECTIONTIMER_TM_conversions.h, line 0, character 0
 ~CAST_Int_to_T_SECTIONTIMER_TM_conversions.h
  at file C:\GITHUB\modeling\model\Scade\System\MEN_demonstrator\KCG-MEN\CAST_Int_to_T_SECTIONTIMER_TM_conversions.h, line 0, character 0
 ~CAST_Int_to_L_SECTION_TM_conversions.h
  at file C:\GITHUB\modeling\model\Scade\System\MEN_demonstrator\KCG-MEN\CAST_Int_to_L_SECTION_TM_conversions.h, line 0, character 0
 ~C_P015_extract_el_section_TM_lib_internal.h
  at file C:\GITHUB\modeling\model\Scade\System\MEN_demonstrator\KCG-MEN\C_P015_extract_el_section_TM_lib_internal.h, line 0, character 0
 ~CAST_Int_to_T_ENDTIMER_TM_conversions.h
  at file C:\GITHUB\modeling\model\Scade\System\MEN_demonstrator\KCG-MEN\CAST_Int_to_T_ENDTIMER_TM_conversions.h, line 0, character 0
 ~CAST_Int_to_V_LOA_TM_conversions.h
  at file C:\GITHUB\modeling\model\Scade\System\MEN_demonstrator\KCG-MEN\CAST_Int_to_V_LOA_TM_conversions.h, line 0, character 0
 ~CAST_Int_to_D_OL_TM_conversions.h
  at file C:\GITHUB\modeling\model\Scade\System\MEN_demonstrator\KCG-MEN\CAST_Int_to_D_OL_TM_conversions.h, line 0, character 0
 ~CAST_Int_to_D_DP_TM_conversions.h
  at file C:\GITHUB\modeling\model\Scade\System\MEN_demonstrator\KCG-MEN\CAST_Int_to_D_DP_TM_conversions.h, line 0, character 0
 ~RECV_ReadPackets_TM_lib_internal.h
  at file C:\GITHUB\modeling\model\Scade\System\MEN_demonstrator\KCG-MEN\RECV_ReadPackets_TM_lib_internal.h, line 0, character 0
 ~RECV_ReadPacketKernel_TM_lib_internal.h
  at file C:\GITHUB\modeling\model\Scade\System\MEN_demonstrator\KCG-MEN\RECV_ReadPacketKernel_TM_lib_internal.h, line 0, character 0
 ~RECV_ReadPacketKernelLoop_TM_lib_internal.h
  at file C:\GITHUB\modeling\model\Scade\System\MEN_demonstrator\KCG-MEN\RECV_ReadPacketKernelLoop_TM_lib_internal.h, line 0, character 0
 ~RECV_LookupPacket_TM_lib_internal.h
  at file C:\GITHUB\modeling\model\Scade\System\MEN_demonstrator\KCG-MEN\RECV_LookupPacket_TM_lib_internal.h, line 0, character 0
 ~RECV_LookupPacketLoop_TM_lib_internal.h
  at file C:\GITHUB\modeling\model\Scade\System\MEN_demonstrator\KCG-MEN\RECV_LookupPacketLoop_TM_lib_internal.h, line 0, character 0
 ~T_Filter_Metadata_TM_lib_internal.h
  at file C:\GITHUB\modeling\model\Scade\System\MEN_demonstrator\KCG-MEN\T_Filter_Metadata_TM_lib_internal.h, line 0, character 0
 ~T_Filter_Metadata_Element_TM_lib_internal.h
  at file C:\GITHUB\modeling\model\Scade\System\MEN_demonstrator\KCG-MEN\T_Filter_Metadata_Element_TM_lib_internal.h, line 0, character 0
 ~T_Decode_metadata_new_TM_lib_internal.h
  at file C:\GITHUB\modeling\model\Scade\System\MEN_demonstrator\KCG-MEN\T_Decode_metadata_new_TM_lib_internal.h, line 0, character 0
 ~Read_M003_TM_radio_messages.h
  at file C:\GITHUB\modeling\model\Scade\System\MEN_demonstrator\KCG-MEN\Read_M003_TM_radio_messages.h, line 0, character 0
 ~CAST_NID_MESSAGE_to_int_TM_conversions.h
  at file C:\GITHUB\modeling\model\Scade\System\MEN_demonstrator\KCG-MEN\CAST_NID_MESSAGE_to_int_TM_conversions.h, line 0, character 0
 ~Radio_Track_Train_Hd_to_M003_TM_RBC_conversions_legacy.h
  at file C:\GITHUB\modeling\model\Scade\System\MEN_demonstrator\KCG-MEN\Radio_Track_Train_Hd_to_M003_TM_RBC_conversions_legacy.h, line 0, character 0
 ~kcg_types.h
  at file C:\GITHUB\modeling\model\Scade\System\MEN_demonstrator\KCG-MEN\kcg_types.h, line 0, character 0
 ~kcg_consts.h
  at file C:\GITHUB\modeling\model\Scade\System\MEN_demonstrator\KCG-MEN\kcg_consts.h, line 0, character 0
 ~kcg_sensors.h
  at file C:\GITHUB\modeling\model\Scade\System\MEN_demonstrator\KCG-MEN\kcg_sensors.h, line 0, character 0
 ~kcg_types.c
  at file C:\GITHUB\modeling\model\Scade\System\MEN_demonstrator\KCG-MEN\kcg_types.c, line 0, character 0
 ~kcg_consts.c
  at file C:\GITHUB\modeling\model\Scade\System\MEN_demonstrator\KCG-MEN\kcg_consts.c, line 0, character 0
*** Generated Files Information (GENFIL): Code Generator Generated files
 ~user_macros.h
  at file C:\GITHUB\modeling\model\Scade\System\MEN_demonstrator\KCG-MEN\user_macros.h, line 0, character 0
 ~kcg_imported_types.h
  at file C:\GITHUB\modeling\model\Scade\System\MEN_demonstrator\KCG-MEN\kcg_imported_types.h, line 0, character 0
 ~sc2c.log
  at file C:\GITHUB\modeling\model\Scade\System\MEN_demonstrator\KCG-MEN\sc2c.log, line 0, character 0
 ~sc2c_integration_files.txt
  at file C:\GITHUB\modeling\model\Scade\System\MEN_demonstrator\KCG-MEN\sc2c_integration_files.txt, line 0, character 0
$**************  SCADETOC Version R16.1 (build i4) **************
** Generation date: 2015-10-19T14:38:00
** sc2c.log
*************************************************************$
