$*************** KCG Version 6.1.3 (build i6) ****************
** Command: kcg613.exe -config C:/GITHUB/modeling/model/Scade/System/MEN_demonstrator/Simulation/config.txt
** Generation date: 2015-10-19T14:35:55
*************************************************************$
$*************** KCG Version 6.1.3 (build i6) ****************
** Command: s2c613 -config C:/GITHUB/modeling/model/Scade/System/MEN_demonstrator/Simulation\kcg_s2c_config.txt
** Generation date: 2015-10-19T14:35:55
*************************************************************$
*** Code Generation Warning (WAR_604): Renaming interface identifier
  at file C:/GITHUB/modeling/model/Scade/System/MEN_demonstrator/Simulation/scade_model_without_unused.scade, line 80182, character 0
  at path TM_baseline2::P027V1_OBU_sectionlist_array_qdiff_T/
 Interface element P027V1_OBU_sectionlist_array_qdiff_T_TM_baseline2 has been
 renamed because it collides
*** Code Generation Warning (WAR_604): Renaming interface identifier
  at file C:/GITHUB/modeling/model/Scade/System/MEN_demonstrator/Simulation/scade_model_without_unused.scade, line 80178, character 0
  at path TM_baseline2::P027V1_OBU_sectionlist_int_T/
 Interface element P027V1_OBU_sectionlist_int_T_TM_baseline2 has been renamed
 because it collides
*** Code Generation Warning (WAR_604): Renaming interface identifier
  at file C:/GITHUB/modeling/model/Scade/System/MEN_demonstrator/Simulation/scade_model_without_unused.scade, line 80047, character 0
  at path TM_baseline2::P027V1_OBU_sectionlist_enum_T/
 Interface element P027V1_OBU_sectionlist_enum_T_TM_baseline2 has been renamed
 because it collides
*** Code Generation Warning (WAR_604): Renaming interface identifier
  at file C:/GITHUB/modeling/model/Scade/System/MEN_demonstrator/Simulation/scade_model_without_unused.scade, line 80017, character 0
  at path TM_baseline2::P027V1_OBU_sectionlist_enum_qdiff_T/
 Interface element P027V1_OBU_sectionlist_enum_qdiff_T_TM_baseline2 has been
 renamed because it collides
*** Code Generation Warning (WAR_604): Renaming interface identifier
  at file C:/GITHUB/modeling/model/Scade/System/MEN_demonstrator/Simulation/scade_model_without_unused.scade, line 625, character 29
  at path Q_ORIENTATION/Q_ORIENTATION_The_balise_group_has_been_passed_by_the_train_in_reverse_direction/
 Interface element
 Q_ORIENTATION_The_balise_group_has_been_passed_by_the_train_in_reverse_direction
 has been renamed because it collides
*** Code Generation Warning (WAR_604): Renaming interface identifier
  at file C:/GITHUB/modeling/model/Scade/System/MEN_demonstrator/Simulation/scade_model_without_unused.scade, line 540, character 29
  at path Q_LENGTH/Q_LENGTH_Train_integrity_confirmed_by_integrity_monitoring_device/
 Interface element
 Q_LENGTH_Train_integrity_confirmed_by_integrity_monitoring_device has been
 renamed because it collides
*** Code Generation Warning (WAR_604): Renaming interface identifier
  at file C:/GITHUB/modeling/model/Scade/System/MEN_demonstrator/Simulation/scade_model_without_unused.scade, line 390, character 29
  at path Q_NVEMRRLS/Q_NVEMRRLS_Revoke_emergency_brake_command_at_standstill/
 Interface element Q_NVEMRRLS_Revoke_emergency_brake_command_at_standstill has
 been renamed because it collides
*** Code Generation Warning (WAR_604): Renaming interface identifier
  at file C:/GITHUB/modeling/model/Scade/System/MEN_demonstrator/Simulation/scade_model_without_unused.scade, line 298, character 29
  at path Q_LINKORIENTATION/Q_LINKORIENTATION_The_balise_group_is_seen_by_the_train_in_reverse_direction/
 Interface element
 Q_LINKORIENTATION_The_balise_group_is_seen_by_the_train_in_reverse_direction
 has been renamed because it collides
8 warnings were found
$*************** KCG Version 6.1.3 (build i6) ****************
** s2c.log
** Generation date: 2015-10-19T14:35:59
*************************************************************$
$*************** KCG Version 6.1.3 (build i6) ****************
** C:/GITHUB/modeling/model/Scade/System/MEN_demonstrator/Simulation\kcg.log
** Generation date: 2015-10-19T14:35:59
*************************************************************$
